{"obj": {"type": "AssignString", "path": ["sys", "name"], "value": "4dir_lstm_trial_1"}, "version": 1, "at": 1741469795.8866718}
{"obj": {"type": "AssignString", "path": ["sys", "description"], "value": ""}, "version": 2, "at": 1741469795.886902}
{"obj": {"type": "AssignString", "path": ["monitoring", "428430c8", "hostname"], "value": "Katerinas-MacBook-Air.local"}, "version": 3, "at": 1741469795.8869681}
{"obj": {"type": "AssignString", "path": ["sys", "hostname"], "value": "Katerinas-MacBook-Air.local"}, "version": 4, "at": 1741469795.8870149}
{"obj": {"type": "AssignString", "path": ["monitoring", "428430c8", "pid"], "value": "23263"}, "version": 5, "at": 1741469795.8870609}
{"obj": {"type": "AssignString", "path": ["monitoring", "428430c8", "tid"], "value": "8071241408"}, "version": 6, "at": 1741469795.887102}
{"obj": {"type": "AddStrings", "path": ["sys", "tags"], "values": ["lstm", "optimization", "4dir", "trial_1"]}, "version": 7, "at": 1741469795.887182}
{"obj": {"type": "AssignBool", "path": ["sys", "failed"], "value": false}, "version": 8, "at": 1741469795.887223}
{"obj": {"type": "AssignString", "path": ["parameters", "dataset"], "value": "4dir"}, "version": 9, "at": 1741469795.891103}
{"obj": {"type": "AssignString", "path": ["parameters", "framework"], "value": "lstm"}, "version": 10, "at": 1741469795.891419}
{"obj": {"type": "AssignBool", "path": ["parameters", "optimization"], "value": true}, "version": 11, "at": 1741469795.892694}
{"obj": {"type": "AssignInt", "path": ["parameters", "trial_number"], "value": 1}, "version": 12, "at": 1741469795.893209}
{"obj": {"type": "AssignFloat", "path": ["parameters", "learning_rate"], "value": 0.00982969542796819}, "version": 13, "at": 1741469795.893276}
{"obj": {"type": "AssignInt", "path": ["parameters", "batch_size"], "value": 32}, "version": 14, "at": 1741469795.893327}
{"obj": {"type": "AssignFloat", "path": ["parameters", "dropout"], "value": 0.5968936562538147}, "version": 15, "at": 1741469795.893366}
{"obj": {"type": "AssignFloat", "path": ["parameters", "l1_regul"], "value": 6.900242067198629e-06}, "version": 16, "at": 1741469795.893402}
{"obj": {"type": "AssignFloat", "path": ["parameters", "l2_regul"], "value": 1.1393160126856984e-05}, "version": 17, "at": 1741469795.893447}
{"obj": {"type": "AssignInt", "path": ["parameters", "hidden_layers"], "value": 27}, "version": 18, "at": 1741469795.893484}
{"obj": {"type": "LogFloats", "path": ["avg_metrics", "placeholder"], "values": [{"value": 0.0, "step": null, "ts": 1741469796.101187}]}, "version": 19, "at": 1741469796.101224}
{"obj": {"type": "LogFloats", "path": ["avg_metrics", "train_loss"], "values": [{"value": 0.7232877016067505, "step": 0, "ts": 1741469808.17726}]}, "version": 20, "at": 1741469808.1773162}
{"obj": {"type": "LogFloats", "path": ["avg_metrics", "train_accuracy"], "values": [{"value": 0.5274999737739563, "step": 0, "ts": 1741469808.177717}]}, "version": 21, "at": 1741469808.177732}
{"obj": {"type": "LogFloats", "path": ["avg_metrics", "val_loss"], "values": [{"value": 0.7163846492767334, "step": 0, "ts": 1741469808.177818}]}, "version": 22, "at": 1741469808.177828}
{"obj": {"type": "LogFloats", "path": ["avg_metrics", "val_accuracy"], "values": [{"value": 0.4571428596973419, "step": 0, "ts": 1741469808.177891}]}, "version": 23, "at": 1741469808.1779}
{"obj": {"type": "LogFloats", "path": ["avg_metrics", "train_loss"], "values": [{"value": 0.6795477867126465, "step": 1, "ts": 1741469825.639192}]}, "version": 24, "at": 1741469825.6394}
{"obj": {"type": "LogFloats", "path": ["avg_metrics", "train_accuracy"], "values": [{"value": 0.5835000276565552, "step": 1, "ts": 1741469825.640333}]}, "version": 25, "at": 1741469825.640359}
{"obj": {"type": "LogFloats", "path": ["avg_metrics", "val_loss"], "values": [{"value": 0.7117099165916443, "step": 1, "ts": 1741469825.640445}]}, "version": 26, "at": 1741469825.640456}
{"obj": {"type": "LogFloats", "path": ["avg_metrics", "val_accuracy"], "values": [{"value": 0.5428571701049805, "step": 1, "ts": 1741469825.6405041}]}, "version": 27, "at": 1741469825.640512}
{"obj": {"type": "LogFloats", "path": ["avg_metrics", "train_loss"], "values": [{"value": 0.6728250980377197, "step": 2, "ts": 1741469842.692838}]}, "version": 28, "at": 1741469842.693064}
{"obj": {"type": "LogFloats", "path": ["avg_metrics", "train_accuracy"], "values": [{"value": 0.5964999794960022, "step": 2, "ts": 1741469842.69419}]}, "version": 29, "at": 1741469842.694217}
{"obj": {"type": "LogFloats", "path": ["avg_metrics", "val_loss"], "values": [{"value": 0.6738153100013733, "step": 2, "ts": 1741469842.694301}]}, "version": 30, "at": 1741469842.6943119}
{"obj": {"type": "LogFloats", "path": ["avg_metrics", "val_accuracy"], "values": [{"value": 0.5428571701049805, "step": 2, "ts": 1741469842.6943629}]}, "version": 31, "at": 1741469842.6943722}
