{"obj": {"type": "AssignString", "path": ["sys", "name"], "value": "4dir_lstm_trial_1"}, "version": 1, "at": 1741549992.8174741}
{"obj": {"type": "AssignString", "path": ["sys", "description"], "value": ""}, "version": 2, "at": 1741549992.817628}
{"obj": {"type": "AssignString", "path": ["monitoring", "d6891bd8", "hostname"], "value": "Katerinas-MacBook-Air.local"}, "version": 3, "at": 1741549992.817694}
{"obj": {"type": "AssignString", "path": ["sys", "hostname"], "value": "Katerinas-MacBook-Air.local"}, "version": 4, "at": 1741549992.817739}
{"obj": {"type": "AssignString", "path": ["monitoring", "d6891bd8", "pid"], "value": "29460"}, "version": 5, "at": 1741549992.817798}
{"obj": {"type": "AssignString", "path": ["monitoring", "d6891bd8", "tid"], "value": "8071241408"}, "version": 6, "at": 1741549992.8178391}
{"obj": {"type": "AddStrings", "path": ["sys", "tags"], "values": ["lstm", "4dir", "optimization", "trial_1"]}, "version": 7, "at": 1741549992.817888}
{"obj": {"type": "AssignBool", "path": ["sys", "failed"], "value": false}, "version": 8, "at": 1741549992.817926}
{"obj": {"type": "AssignString", "path": ["parameters", "dataset"], "value": "4dir"}, "version": 9, "at": 1741549992.821246}
{"obj": {"type": "AssignString", "path": ["parameters", "framework"], "value": "lstm"}, "version": 10, "at": 1741549992.821604}
{"obj": {"type": "AssignBool", "path": ["parameters", "optimization"], "value": true}, "version": 11, "at": 1741549992.822816}
{"obj": {"type": "AssignInt", "path": ["parameters", "trial_number"], "value": 1}, "version": 12, "at": 1741549992.822897}
{"obj": {"type": "AssignFloat", "path": ["parameters", "learning_rate"], "value": 0.00982969542796819}, "version": 13, "at": 1741549992.8229609}
{"obj": {"type": "AssignInt", "path": ["parameters", "batch_size"], "value": 32}, "version": 14, "at": 1741549992.823105}
{"obj": {"type": "AssignFloat", "path": ["parameters", "dropout"], "value": 0.5968936562538147}, "version": 15, "at": 1741549992.8231611}
{"obj": {"type": "AssignFloat", "path": ["parameters", "l1_regul"], "value": 6.900242067198629e-06}, "version": 16, "at": 1741549992.823203}
{"obj": {"type": "AssignFloat", "path": ["parameters", "l2_regul"], "value": 1.1393160126856984e-05}, "version": 17, "at": 1741549992.823251}
{"obj": {"type": "AssignInt", "path": ["parameters", "hidden_layers"], "value": 27}, "version": 18, "at": 1741549992.8232892}
{"obj": {"type": "LogFloats", "path": ["avg_metrics", "placeholder"], "values": [{"value": 0.0, "step": null, "ts": 1741549993.02141}]}, "version": 19, "at": 1741549993.021431}
{"obj": {"type": "LogFloats", "path": ["avg_metrics", "train_loss"], "values": [{"value": 0.691868245601654, "step": 0, "ts": 1741550001.842466}]}, "version": 20, "at": 1741550001.842636}
{"obj": {"type": "LogFloats", "path": ["avg_metrics", "train_accuracy"], "values": [{"value": 0.5423387289047241, "step": 0, "ts": 1741550001.8435671}]}, "version": 21, "at": 1741550001.8435829}
{"obj": {"type": "LogFloats", "path": ["avg_metrics", "val_loss"], "values": [{"value": 0.7191365361213684, "step": 0, "ts": 1741550001.843673}]}, "version": 22, "at": 1741550001.843683}
{"obj": {"type": "LogFloats", "path": ["avg_metrics", "val_accuracy"], "values": [{"value": 0.5181818008422852, "step": 0, "ts": 1741550001.843743}]}, "version": 23, "at": 1741550001.84375}
{"obj": {"type": "LogFloats", "path": ["avg_metrics", "train_loss"], "values": [{"value": 0.6808264851570129, "step": 1, "ts": 1741550009.694339}]}, "version": 24, "at": 1741550009.6943831}
{"obj": {"type": "LogFloats", "path": ["avg_metrics", "train_accuracy"], "values": [{"value": 0.5826612710952759, "step": 1, "ts": 1741550009.6948102}]}, "version": 25, "at": 1741550009.6948302}
{"obj": {"type": "LogFloats", "path": ["avg_metrics", "val_loss"], "values": [{"value": 0.6882664561271667, "step": 1, "ts": 1741550009.694911}]}, "version": 26, "at": 1741550009.694921}
{"obj": {"type": "LogFloats", "path": ["avg_metrics", "val_accuracy"], "values": [{"value": 0.5681818127632141, "step": 1, "ts": 1741550009.6949701}]}, "version": 27, "at": 1741550009.694978}
{"obj": {"type": "LogFloats", "path": ["avg_metrics", "train_loss"], "values": [{"value": 0.6635564565658569, "step": 2, "ts": 1741550017.739491}]}, "version": 28, "at": 1741550017.73959}
{"obj": {"type": "LogFloats", "path": ["avg_metrics", "train_accuracy"], "values": [{"value": 0.6219757795333862, "step": 2, "ts": 1741550017.740032}]}, "version": 29, "at": 1741550017.740051}
{"obj": {"type": "LogFloats", "path": ["avg_metrics", "val_loss"], "values": [{"value": 0.7191590070724487, "step": 2, "ts": 1741550017.74013}]}, "version": 30, "at": 1741550017.7401412}
{"obj": {"type": "LogFloats", "path": ["avg_metrics", "val_accuracy"], "values": [{"value": 0.47727271914482117, "step": 2, "ts": 1741550017.740195}]}, "version": 31, "at": 1741550017.740204}
{"obj": {"type": "LogFloats", "path": ["detailed_metrics", "top1_epoch1", "simple", "noun_0", "train"], "values": [{"value": 0.6572580933570862, "step": null, "ts": 1741550023.2415638}]}, "version": 32, "at": 1741550023.241718}
{"obj": {"type": "LogFloats", "path": ["detailed_metrics", "top1_epoch1", "simple", "noun_0", "val"], "values": [{"value": 0.5636363625526428, "step": null, "ts": 1741550023.242507}]}, "version": 33, "at": 1741550023.2425249}
{"obj": {"type": "LogFloats", "path": ["detailed_metrics", "top1_epoch1", "less", "noun_0", "train"], "values": [{"value": 0.6340726017951965, "step": null, "ts": 1741550023.242634}]}, "version": 34, "at": 1741550023.242645}
{"obj": {"type": "LogFloats", "path": ["detailed_metrics", "top1_epoch1", "less", "noun_0", "val"], "values": [{"value": 0.5409091114997864, "step": null, "ts": 1741550023.242711}]}, "version": 35, "at": 1741550023.24272}
{"obj": {"type": "LogFloats", "path": ["detailed_metrics", "top1_epoch1", "dense", "noun_0", "train"], "values": [{"value": 0.6381048560142517, "step": null, "ts": 1741550023.242785}]}, "version": 36, "at": 1741550023.2427928}
{"obj": {"type": "LogFloats", "path": ["detailed_metrics", "top1_epoch1", "dense", "noun_0", "val"], "values": [{"value": 0.5181818008422852, "step": null, "ts": 1741550023.242847}]}, "version": 37, "at": 1741550023.2428548}
{"obj": {"type": "LogFloats", "path": ["detailed_metrics", "top1_epoch1", "superdense", "noun_0", "train"], "values": [{"value": 0.6391128897666931, "step": null, "ts": 1741550023.2429152}]}, "version": 38, "at": 1741550023.242923}
{"obj": {"type": "LogFloats", "path": ["detailed_metrics", "top1_epoch1", "superdense", "noun_0", "val"], "values": [{"value": 0.550000011920929, "step": null, "ts": 1741550023.242972}]}, "version": 39, "at": 1741550023.24298}
{"obj": {"type": "LogFloats", "path": ["detailed_metrics", "top1_epoch1", "deeper", "noun_0", "train"], "values": [{"value": 0.6471773982048035, "step": null, "ts": 1741550023.2430358}]}, "version": 40, "at": 1741550023.243045}
{"obj": {"type": "LogFloats", "path": ["detailed_metrics", "top1_epoch1", "deeper", "noun_0", "val"], "values": [{"value": 0.5227272510528564, "step": null, "ts": 1741550023.243094}]}, "version": 41, "at": 1741550023.243139}
{"obj": {"type": "LogFloats", "path": ["detailed_metrics", "top2_epoch0", "simple", "noun_0", "train"], "values": [{"value": 0.6260080933570862, "step": null, "ts": 1741550023.243386}]}, "version": 42, "at": 1741550023.243433}
{"obj": {"type": "LogFloats", "path": ["detailed_metrics", "top2_epoch0", "simple", "noun_0", "val"], "values": [{"value": 0.4954545497894287, "step": null, "ts": 1741550023.243576}]}, "version": 43, "at": 1741550023.243585}
{"obj": {"type": "LogFloats", "path": ["detailed_metrics", "top2_epoch0", "less", "noun_0", "train"], "values": [{"value": 0.6219757795333862, "step": null, "ts": 1741550023.243692}]}, "version": 44, "at": 1741550023.243704}
{"obj": {"type": "LogFloats", "path": ["detailed_metrics", "top2_epoch0", "less", "noun_0", "val"], "values": [{"value": 0.5318182110786438, "step": null, "ts": 1741550023.243789}]}, "version": 45, "at": 1741550023.243825}
{"obj": {"type": "LogFloats", "path": ["detailed_metrics", "top2_epoch0", "dense", "noun_0", "train"], "values": [{"value": 0.6219757795333862, "step": null, "ts": 1741550023.243922}]}, "version": 46, "at": 1741550023.2439349}
{"obj": {"type": "LogFloats", "path": ["detailed_metrics", "top2_epoch0", "dense", "noun_0", "val"], "values": [{"value": 0.5, "step": null, "ts": 1741550023.244029}]}, "version": 47, "at": 1741550023.2440379}
{"obj": {"type": "LogFloats", "path": ["detailed_metrics", "top2_epoch0", "superdense", "noun_0", "train"], "values": [{"value": 0.6098790168762207, "step": null, "ts": 1741550023.244152}]}, "version": 48, "at": 1741550023.244173}
{"obj": {"type": "LogFloats", "path": ["detailed_metrics", "top2_epoch0", "superdense", "noun_0", "val"], "values": [{"value": 0.5090909004211426, "step": null, "ts": 1741550023.24431}]}, "version": 49, "at": 1741550023.244321}
{"obj": {"type": "LogFloats", "path": ["detailed_metrics", "top2_epoch0", "deeper", "noun_0", "train"], "values": [{"value": 0.617943525314331, "step": null, "ts": 1741550023.244409}]}, "version": 50, "at": 1741550023.2444181}
{"obj": {"type": "LogFloats", "path": ["detailed_metrics", "top2_epoch0", "deeper", "noun_0", "val"], "values": [{"value": 0.5045454502105713, "step": null, "ts": 1741550023.2444742}]}, "version": 51, "at": 1741550023.244481}
{"obj": {"type": "LogFloats", "path": ["detailed_metrics", "top3_epoch2", "simple", "noun_0", "train"], "values": [{"value": 0.6340726017951965, "step": null, "ts": 1741550023.244552}]}, "version": 52, "at": 1741550023.244561}
{"obj": {"type": "LogFloats", "path": ["detailed_metrics", "top3_epoch2", "simple", "noun_0", "val"], "values": [{"value": 0.5045454502105713, "step": null, "ts": 1741550023.244611}]}, "version": 53, "at": 1741550023.244618}
{"obj": {"type": "LogFloats", "path": ["detailed_metrics", "top3_epoch2", "less", "noun_0", "train"], "values": [{"value": 0.6471773982048035, "step": null, "ts": 1741550023.244673}]}, "version": 54, "at": 1741550023.24468}
{"obj": {"type": "LogFloats", "path": ["detailed_metrics", "top3_epoch2", "less", "noun_0", "val"], "values": [{"value": 0.5045454502105713, "step": null, "ts": 1741550023.24473}]}, "version": 55, "at": 1741550023.244737}
{"obj": {"type": "LogFloats", "path": ["detailed_metrics", "top3_epoch2", "dense", "noun_0", "train"], "values": [{"value": 0.617943525314331, "step": null, "ts": 1741550023.244791}]}, "version": 56, "at": 1741550023.244799}
{"obj": {"type": "LogFloats", "path": ["detailed_metrics", "top3_epoch2", "dense", "noun_0", "val"], "values": [{"value": 0.5318182110786438, "step": null, "ts": 1741550023.244847}]}, "version": 57, "at": 1741550023.244854}
{"obj": {"type": "LogFloats", "path": ["detailed_metrics", "top3_epoch2", "superdense", "noun_0", "train"], "values": [{"value": 0.6310483813285828, "step": null, "ts": 1741550023.244908}]}, "version": 58, "at": 1741550023.244916}
{"obj": {"type": "LogFloats", "path": ["detailed_metrics", "top3_epoch2", "superdense", "noun_0", "val"], "values": [{"value": 0.5090909004211426, "step": null, "ts": 1741550023.244962}]}, "version": 59, "at": 1741550023.244968}
{"obj": {"type": "LogFloats", "path": ["detailed_metrics", "top3_epoch2", "deeper", "noun_0", "train"], "values": [{"value": 0.6451612710952759, "step": null, "ts": 1741550023.2450209}]}, "version": 60, "at": 1741550023.2450292}
{"obj": {"type": "LogFloats", "path": ["detailed_metrics", "top3_epoch2", "deeper", "noun_0", "val"], "values": [{"value": 0.5363636612892151, "step": null, "ts": 1741550023.245076}]}, "version": 61, "at": 1741550023.2450838}
{"obj": {"type": "LogFloats", "path": ["detailed_metrics", "category_averages", "simple", "train"], "values": [{"value": 0.6572580933570862, "step": null, "ts": 1741550023.245153}]}, "version": 62, "at": 1741550023.245161}
{"obj": {"type": "LogFloats", "path": ["detailed_metrics", "category_averages", "simple", "val"], "values": [{"value": 0.5636363625526428, "step": null, "ts": 1741550023.2452102}]}, "version": 63, "at": 1741550023.245218}
{"obj": {"type": "LogFloats", "path": ["detailed_metrics", "category_averages", "less", "train"], "values": [{"value": 0.6340726017951965, "step": null, "ts": 1741550023.2452722}]}, "version": 64, "at": 1741550023.245279}
{"obj": {"type": "LogFloats", "path": ["detailed_metrics", "category_averages", "less", "val"], "values": [{"value": 0.5409091114997864, "step": null, "ts": 1741550023.245328}]}, "version": 65, "at": 1741550023.245344}
{"obj": {"type": "LogFloats", "path": ["detailed_metrics", "category_averages", "dense", "train"], "values": [{"value": 0.6381048560142517, "step": null, "ts": 1741550023.24541}]}, "version": 66, "at": 1741550023.245419}
{"obj": {"type": "LogFloats", "path": ["detailed_metrics", "category_averages", "dense", "val"], "values": [{"value": 0.5181818008422852, "step": null, "ts": 1741550023.245468}]}, "version": 67, "at": 1741550023.245475}
{"obj": {"type": "LogFloats", "path": ["detailed_metrics", "category_averages", "superdense", "train"], "values": [{"value": 0.6391128897666931, "step": null, "ts": 1741550023.245528}]}, "version": 68, "at": 1741550023.245536}
{"obj": {"type": "LogFloats", "path": ["detailed_metrics", "category_averages", "superdense", "val"], "values": [{"value": 0.550000011920929, "step": null, "ts": 1741550023.245806}]}, "version": 69, "at": 1741550023.245814}
{"obj": {"type": "LogFloats", "path": ["detailed_metrics", "category_averages", "deeper", "train"], "values": [{"value": 0.6471773982048035, "step": null, "ts": 1741550023.245871}]}, "version": 70, "at": 1741550023.245878}
{"obj": {"type": "LogFloats", "path": ["detailed_metrics", "category_averages", "deeper", "val"], "values": [{"value": 0.5227272510528564, "step": null, "ts": 1741550023.2459252}]}, "version": 71, "at": 1741550023.245932}
{"obj": {"type": "LogFloats", "path": ["detailed_metrics", "top1_epoch1", "simple", "noun_0", "train"], "values": [{"value": 0.6572580933570862, "step": null, "ts": 1741550023.2498271}]}, "version": 72, "at": 1741550023.249846}
{"obj": {"type": "LogFloats", "path": ["detailed_metrics", "top1_epoch1", "simple", "noun_0", "val"], "values": [{"value": 0.5636363625526428, "step": null, "ts": 1741550023.249931}]}, "version": 73, "at": 1741550023.249942}
{"obj": {"type": "LogFloats", "path": ["detailed_metrics", "top1_epoch1", "less", "noun_0", "train"], "values": [{"value": 0.6340726017951965, "step": null, "ts": 1741550023.250093}]}, "version": 74, "at": 1741550023.250109}
{"obj": {"type": "LogFloats", "path": ["detailed_metrics", "top1_epoch1", "less", "noun_0", "val"], "values": [{"value": 0.5409091114997864, "step": null, "ts": 1741550023.250305}]}, "version": 75, "at": 1741550023.250315}
{"obj": {"type": "LogFloats", "path": ["detailed_metrics", "top1_epoch1", "dense", "noun_0", "train"], "values": [{"value": 0.6381048560142517, "step": null, "ts": 1741550023.250432}]}, "version": 76, "at": 1741550023.25044}
{"obj": {"type": "LogFloats", "path": ["detailed_metrics", "top1_epoch1", "dense", "noun_0", "val"], "values": [{"value": 0.5181818008422852, "step": null, "ts": 1741550023.250669}]}, "version": 77, "at": 1741550023.250693}
{"obj": {"type": "LogFloats", "path": ["detailed_metrics", "top1_epoch1", "superdense", "noun_0", "train"], "values": [{"value": 0.6391128897666931, "step": null, "ts": 1741550023.2508018}]}, "version": 78, "at": 1741550023.2508118}
{"obj": {"type": "LogFloats", "path": ["detailed_metrics", "top1_epoch1", "superdense", "noun_0", "val"], "values": [{"value": 0.550000011920929, "step": null, "ts": 1741550023.250932}]}, "version": 79, "at": 1741550023.250945}
{"obj": {"type": "LogFloats", "path": ["detailed_metrics", "top1_epoch1", "deeper", "noun_0", "train"], "values": [{"value": 0.6471773982048035, "step": null, "ts": 1741550023.25113}]}, "version": 80, "at": 1741550023.251141}
{"obj": {"type": "LogFloats", "path": ["detailed_metrics", "top1_epoch1", "deeper", "noun_0", "val"], "values": [{"value": 0.5227272510528564, "step": null, "ts": 1741550023.251351}]}, "version": 81, "at": 1741550023.25136}
{"obj": {"type": "LogFloats", "path": ["detailed_metrics", "top2_epoch0", "simple", "noun_0", "train"], "values": [{"value": 0.6260080933570862, "step": null, "ts": 1741550023.251476}]}, "version": 82, "at": 1741550023.251486}
{"obj": {"type": "LogFloats", "path": ["detailed_metrics", "top2_epoch0", "simple", "noun_0", "val"], "values": [{"value": 0.4954545497894287, "step": null, "ts": 1741550023.251595}]}, "version": 83, "at": 1741550023.251604}
{"obj": {"type": "LogFloats", "path": ["detailed_metrics", "top2_epoch0", "less", "noun_0", "train"], "values": [{"value": 0.6219757795333862, "step": null, "ts": 1741550023.251647}]}, "version": 84, "at": 1741550023.2516549}
{"obj": {"type": "LogFloats", "path": ["detailed_metrics", "top2_epoch0", "less", "noun_0", "val"], "values": [{"value": 0.5318182110786438, "step": null, "ts": 1741550023.251691}]}, "version": 85, "at": 1741550023.251698}
{"obj": {"type": "LogFloats", "path": ["detailed_metrics", "top2_epoch0", "dense", "noun_0", "train"], "values": [{"value": 0.6219757795333862, "step": null, "ts": 1741550023.2517362}]}, "version": 86, "at": 1741550023.251743}
{"obj": {"type": "LogFloats", "path": ["detailed_metrics", "top2_epoch0", "dense", "noun_0", "val"], "values": [{"value": 0.5, "step": null, "ts": 1741550023.251777}]}, "version": 87, "at": 1741550023.251785}
{"obj": {"type": "LogFloats", "path": ["detailed_metrics", "top2_epoch0", "superdense", "noun_0", "train"], "values": [{"value": 0.6098790168762207, "step": null, "ts": 1741550023.251822}]}, "version": 88, "at": 1741550023.251829}
{"obj": {"type": "LogFloats", "path": ["detailed_metrics", "top2_epoch0", "superdense", "noun_0", "val"], "values": [{"value": 0.5090909004211426, "step": null, "ts": 1741550023.251863}]}, "version": 89, "at": 1741550023.25187}
{"obj": {"type": "LogFloats", "path": ["detailed_metrics", "top2_epoch0", "deeper", "noun_0", "train"], "values": [{"value": 0.617943525314331, "step": null, "ts": 1741550023.251907}]}, "version": 90, "at": 1741550023.251914}
{"obj": {"type": "LogFloats", "path": ["detailed_metrics", "top2_epoch0", "deeper", "noun_0", "val"], "values": [{"value": 0.5045454502105713, "step": null, "ts": 1741550023.251946}]}, "version": 91, "at": 1741550023.251953}
{"obj": {"type": "LogFloats", "path": ["detailed_metrics", "top3_epoch2", "simple", "noun_0", "train"], "values": [{"value": 0.6340726017951965, "step": null, "ts": 1741550023.251999}]}, "version": 92, "at": 1741550023.2520058}
{"obj": {"type": "LogFloats", "path": ["detailed_metrics", "top3_epoch2", "simple", "noun_0", "val"], "values": [{"value": 0.5045454502105713, "step": null, "ts": 1741550023.252039}]}, "version": 93, "at": 1741550023.252046}
{"obj": {"type": "LogFloats", "path": ["detailed_metrics", "top3_epoch2", "less", "noun_0", "train"], "values": [{"value": 0.6471773982048035, "step": null, "ts": 1741550023.2520819}]}, "version": 94, "at": 1741550023.252089}
{"obj": {"type": "LogFloats", "path": ["detailed_metrics", "top3_epoch2", "less", "noun_0", "val"], "values": [{"value": 0.5045454502105713, "step": null, "ts": 1741550023.2521222}]}, "version": 95, "at": 1741550023.252129}
{"obj": {"type": "LogFloats", "path": ["detailed_metrics", "top3_epoch2", "dense", "noun_0", "train"], "values": [{"value": 0.617943525314331, "step": null, "ts": 1741550023.252165}]}, "version": 96, "at": 1741550023.252172}
{"obj": {"type": "LogFloats", "path": ["detailed_metrics", "top3_epoch2", "dense", "noun_0", "val"], "values": [{"value": 0.5318182110786438, "step": null, "ts": 1741550023.2522051}]}, "version": 97, "at": 1741550023.2522109}
{"obj": {"type": "LogFloats", "path": ["detailed_metrics", "top3_epoch2", "superdense", "noun_0", "train"], "values": [{"value": 0.6310483813285828, "step": null, "ts": 1741550023.252247}]}, "version": 98, "at": 1741550023.252254}
{"obj": {"type": "LogFloats", "path": ["detailed_metrics", "top3_epoch2", "superdense", "noun_0", "val"], "values": [{"value": 0.5090909004211426, "step": null, "ts": 1741550023.252286}]}, "version": 99, "at": 1741550023.252293}
{"obj": {"type": "LogFloats", "path": ["detailed_metrics", "top3_epoch2", "deeper", "noun_0", "train"], "values": [{"value": 0.6451612710952759, "step": null, "ts": 1741550023.2523289}]}, "version": 100, "at": 1741550023.252336}
{"obj": {"type": "LogFloats", "path": ["detailed_metrics", "top3_epoch2", "deeper", "noun_0", "val"], "values": [{"value": 0.5363636612892151, "step": null, "ts": 1741550023.252379}]}, "version": 101, "at": 1741550023.2523851}
{"obj": {"type": "LogFloats", "path": ["detailed_metrics", "category_averages", "simple", "train"], "values": [{"value": 0.6572580933570862, "step": null, "ts": 1741550023.2524328}]}, "version": 102, "at": 1741550023.25244}
{"obj": {"type": "LogFloats", "path": ["detailed_metrics", "category_averages", "simple", "val"], "values": [{"value": 0.5636363625526428, "step": null, "ts": 1741550023.252473}]}, "version": 103, "at": 1741550023.252481}
{"obj": {"type": "LogFloats", "path": ["detailed_metrics", "category_averages", "less", "train"], "values": [{"value": 0.6340726017951965, "step": null, "ts": 1741550023.2525172}]}, "version": 104, "at": 1741550023.2525241}
{"obj": {"type": "LogFloats", "path": ["detailed_metrics", "category_averages", "less", "val"], "values": [{"value": 0.5409091114997864, "step": null, "ts": 1741550023.252668}]}, "version": 105, "at": 1741550023.252675}
{"obj": {"type": "LogFloats", "path": ["detailed_metrics", "category_averages", "dense", "train"], "values": [{"value": 0.6381048560142517, "step": null, "ts": 1741550023.2527108}]}, "version": 106, "at": 1741550023.252718}
{"obj": {"type": "LogFloats", "path": ["detailed_metrics", "category_averages", "dense", "val"], "values": [{"value": 0.5181818008422852, "step": null, "ts": 1741550023.2527502}]}, "version": 107, "at": 1741550023.252757}
{"obj": {"type": "LogFloats", "path": ["detailed_metrics", "category_averages", "superdense", "train"], "values": [{"value": 0.6391128897666931, "step": null, "ts": 1741550023.2527921}]}, "version": 108, "at": 1741550023.252799}
{"obj": {"type": "LogFloats", "path": ["detailed_metrics", "category_averages", "superdense", "val"], "values": [{"value": 0.550000011920929, "step": null, "ts": 1741550023.252831}]}, "version": 109, "at": 1741550023.2528372}
{"obj": {"type": "LogFloats", "path": ["detailed_metrics", "category_averages", "deeper", "train"], "values": [{"value": 0.6471773982048035, "step": null, "ts": 1741550023.252873}]}, "version": 110, "at": 1741550023.2528791}
{"obj": {"type": "LogFloats", "path": ["detailed_metrics", "category_averages", "deeper", "val"], "values": [{"value": 0.5227272510528564, "step": null, "ts": 1741550023.252911}]}, "version": 111, "at": 1741550023.252918}
