{"obj": {"type": "AssignString", "path": ["sys", "name"], "value": "2dir_transformer_trial_1"}, "version": 1, "at": 1741629162.495181}
{"obj": {"type": "AssignString", "path": ["sys", "description"], "value": ""}, "version": 2, "at": 1741629162.49532}
{"obj": {"type": "AssignString", "path": ["monitoring", "93afa16d", "hostname"], "value": "Katerinas-MacBook-Air.local"}, "version": 3, "at": 1741629162.495389}
{"obj": {"type": "AssignString", "path": ["sys", "hostname"], "value": "Katerinas-MacBook-Air.local"}, "version": 4, "at": 1741629162.495448}
{"obj": {"type": "AssignString", "path": ["monitoring", "93afa16d", "pid"], "value": "37378"}, "version": 5, "at": 1741629162.495496}
{"obj": {"type": "AssignString", "path": ["monitoring", "93afa16d", "tid"], "value": "8071241408"}, "version": 6, "at": 1741629162.495538}
{"obj": {"type": "AddStrings", "path": ["sys", "tags"], "values": ["transformer", "2dir", "optimization", "trial_1"]}, "version": 7, "at": 1741629162.495595}
{"obj": {"type": "AssignBool", "path": ["sys", "failed"], "value": false}, "version": 8, "at": 1741629162.4956312}
{"obj": {"type": "AssignString", "path": ["parameters", "dataset"], "value": "2dir"}, "version": 9, "at": 1741629162.499711}
{"obj": {"type": "AssignString", "path": ["parameters", "framework"], "value": "transformer"}, "version": 10, "at": 1741629162.500169}
{"obj": {"type": "AssignInt", "path": ["parameters", "trial_number"], "value": 1}, "version": 11, "at": 1741629162.500443}
{"obj": {"type": "AssignFloat", "path": ["parameters", "learning_rate"], "value": 0.00015495826601982115}, "version": 12, "at": 1741629162.5006442}
{"obj": {"type": "AssignInt", "path": ["parameters", "batch_size"], "value": 64}, "version": 13, "at": 1741629162.500742}
{"obj": {"type": "AssignFloat", "path": ["parameters", "dropout"], "value": 0.6844319254159927}, "version": 14, "at": 1741629162.50079}
{"obj": {"type": "AssignInt", "path": ["parameters", "d_hid"], "value": 765}, "version": 15, "at": 1741629162.500829}
{"obj": {"type": "AssignInt", "path": ["parameters", "d_model"], "value": 768}, "version": 16, "at": 1741629162.500863}
{"obj": {"type": "AssignInt", "path": ["parameters", "nlayers"], "value": 3}, "version": 17, "at": 1741629162.500897}
{"obj": {"type": "AssignInt", "path": ["parameters", "nhead"], "value": 4}, "version": 18, "at": 1741629162.500931}
{"obj": {"type": "LogFloats", "path": ["avg_metrics", "placeholder"], "values": [{"value": 0.0, "step": null, "ts": 1741629162.5379682}]}, "version": 19, "at": 1741629162.537997}
{"obj": {"type": "LogFloats", "path": ["avg_metrics", "train_loss"], "values": [{"value": 2.243429183959961, "step": 0, "ts": 1741629186.288734}]}, "version": 20, "at": 1741629186.289002}
{"obj": {"type": "LogFloats", "path": ["avg_metrics", "train_accuracy"], "values": [{"value": 0.5127551020408163, "step": 0, "ts": 1741629186.2897012}]}, "version": 21, "at": 1741629186.289729}
{"obj": {"type": "LogFloats", "path": ["avg_metrics", "val_loss"], "values": [{"value": 3.19059455871582, "step": 0, "ts": 1741629186.290868}]}, "version": 22, "at": 1741629186.2908921}
{"obj": {"type": "LogFloats", "path": ["avg_metrics", "val_accuracy"], "values": [{"value": 0.52, "step": 0, "ts": 1741629186.291517}]}, "version": 23, "at": 1741629186.291568}
