{"obj": {"type": "AssignString", "path": ["sys", "name"], "value": "2dir_transformer_trial_1"}, "version": 1, "at": 1741628662.69602}
{"obj": {"type": "AssignString", "path": ["sys", "description"], "value": ""}, "version": 2, "at": 1741628662.6962261}
{"obj": {"type": "AssignString", "path": ["monitoring", "2908d0aa", "hostname"], "value": "Katerinas-MacBook-Air.local"}, "version": 3, "at": 1741628662.6963022}
{"obj": {"type": "AssignString", "path": ["sys", "hostname"], "value": "Katerinas-MacBook-Air.local"}, "version": 4, "at": 1741628662.696351}
{"obj": {"type": "AssignString", "path": ["monitoring", "2908d0aa", "pid"], "value": "37224"}, "version": 5, "at": 1741628662.6964}
{"obj": {"type": "AssignString", "path": ["monitoring", "2908d0aa", "tid"], "value": "8071241408"}, "version": 6, "at": 1741628662.696447}
{"obj": {"type": "AddStrings", "path": ["sys", "tags"], "values": ["2dir", "transformer", "optimization", "trial_1"]}, "version": 7, "at": 1741628662.696511}
{"obj": {"type": "AssignBool", "path": ["sys", "failed"], "value": false}, "version": 8, "at": 1741628662.696552}
{"obj": {"type": "AssignString", "path": ["parameters", "dataset"], "value": "2dir"}, "version": 9, "at": 1741628662.700022}
{"obj": {"type": "AssignString", "path": ["parameters", "framework"], "value": "transformer"}, "version": 10, "at": 1741628662.700165}
{"obj": {"type": "AssignInt", "path": ["parameters", "trial_number"], "value": 1}, "version": 11, "at": 1741628662.700248}
{"obj": {"type": "AssignFloat", "path": ["parameters", "learning_rate"], "value": 0.00015495826601982115}, "version": 12, "at": 1741628662.700345}
{"obj": {"type": "AssignInt", "path": ["parameters", "batch_size"], "value": 64}, "version": 13, "at": 1741628662.701356}
{"obj": {"type": "AssignFloat", "path": ["parameters", "dropout"], "value": 0.6844319254159927}, "version": 14, "at": 1741628662.702048}
{"obj": {"type": "AssignInt", "path": ["parameters", "d_hid"], "value": 765}, "version": 15, "at": 1741628662.702102}
{"obj": {"type": "AssignInt", "path": ["parameters", "d_model"], "value": 768}, "version": 16, "at": 1741628662.702142}
{"obj": {"type": "AssignInt", "path": ["parameters", "nlayers"], "value": 3}, "version": 17, "at": 1741628662.702178}
{"obj": {"type": "AssignInt", "path": ["parameters", "nhead"], "value": 4}, "version": 18, "at": 1741628662.702214}
{"obj": {"type": "LogFloats", "path": ["avg_metrics", "placeholder"], "values": [{"value": 0.0, "step": null, "ts": 1741628662.824126}]}, "version": 19, "at": 1741628662.824167}
{"obj": {"type": "LogFloats", "path": ["avg_metrics", "train_loss"], "values": [{"value": 2.243429183959961, "step": 0, "ts": 1741628683.0090292}]}, "version": 20, "at": 1741628683.0091798}
{"obj": {"type": "LogFloats", "path": ["avg_metrics", "train_accuracy"], "values": [{"value": 0.5127551020408163, "step": 0, "ts": 1741628683.009707}]}, "version": 21, "at": 1741628683.009731}
{"obj": {"type": "LogFloats", "path": ["avg_metrics", "val_loss"], "values": [{"value": 3.19059455871582, "step": 0, "ts": 1741628683.010357}]}, "version": 22, "at": 1741628683.0103831}
{"obj": {"type": "LogFloats", "path": ["avg_metrics", "val_accuracy"], "values": [{"value": 0.52, "step": 0, "ts": 1741628683.010817}]}, "version": 23, "at": 1741628683.0108428}
{"obj": {"type": "LogFloats", "path": ["avg_metrics", "train_loss"], "values": [{"value": 2.1561007013126297, "step": 1, "ts": 1741628709.796768}]}, "version": 24, "at": 1741628709.796949}
{"obj": {"type": "LogFloats", "path": ["avg_metrics", "train_accuracy"], "values": [{"value": 0.4744897959183674, "step": 1, "ts": 1741628709.797343}]}, "version": 25, "at": 1741628709.797365}
{"obj": {"type": "LogFloats", "path": ["avg_metrics", "val_loss"], "values": [{"value": 2.7058316040039063, "step": 1, "ts": 1741628709.7975402}]}, "version": 26, "at": 1741628709.7975628}
{"obj": {"type": "LogFloats", "path": ["avg_metrics", "val_accuracy"], "values": [{"value": 0.52, "step": 1, "ts": 1741628709.797715}]}, "version": 27, "at": 1741628709.7977312}
{"obj": {"type": "LogFloats", "path": ["avg_metrics", "train_loss"], "values": [{"value": 2.3011048399672216, "step": 2, "ts": 1741628731.416728}]}, "version": 28, "at": 1741628731.416974}
{"obj": {"type": "LogFloats", "path": ["avg_metrics", "train_accuracy"], "values": [{"value": 0.45663265306122447, "step": 2, "ts": 1741628731.417429}]}, "version": 29, "at": 1741628731.41745}
{"obj": {"type": "LogFloats", "path": ["avg_metrics", "val_loss"], "values": [{"value": 1.360214023590088, "step": 2, "ts": 1741628731.4176571}]}, "version": 30, "at": 1741628731.417674}
{"obj": {"type": "LogFloats", "path": ["avg_metrics", "val_accuracy"], "values": [{"value": 0.48, "step": 2, "ts": 1741628731.417753}]}, "version": 31, "at": 1741628731.4177651}
{"obj": {"type": "LogFloats", "path": ["avg_metrics", "train_loss"], "values": [{"value": 1.928946122831228, "step": 3, "ts": 1741628752.471884}]}, "version": 32, "at": 1741628752.472215}
{"obj": {"type": "LogFloats", "path": ["avg_metrics", "train_accuracy"], "values": [{"value": 0.4897959183673469, "step": 3, "ts": 1741628752.472856}]}, "version": 33, "at": 1741628752.472887}
{"obj": {"type": "LogFloats", "path": ["avg_metrics", "val_loss"], "values": [{"value": 2.3984186363220217, "step": 3, "ts": 1741628752.473112}]}, "version": 34, "at": 1741628752.473143}
{"obj": {"type": "LogFloats", "path": ["avg_metrics", "val_accuracy"], "values": [{"value": 0.52, "step": 3, "ts": 1741628752.473415}]}, "version": 35, "at": 1741628752.47344}
