{"obj": {"type": "AssignString", "path": ["sys", "name"], "value": "all_2dir_transformer_tutorial"}, "version": 1, "at": 1741279751.862592}
{"obj": {"type": "AssignString", "path": ["sys", "description"], "value": ""}, "version": 2, "at": 1741279751.862875}
{"obj": {"type": "AssignString", "path": ["monitoring", "50290ab5", "hostname"], "value": "Katerinas-MacBook-Air.local"}, "version": 3, "at": 1741279751.862966}
{"obj": {"type": "AssignString", "path": ["sys", "hostname"], "value": "Katerinas-MacBook-Air.local"}, "version": 4, "at": 1741279751.86302}
{"obj": {"type": "AssignString", "path": ["monitoring", "50290ab5", "pid"], "value": "871"}, "version": 5, "at": 1741279751.8630972}
{"obj": {"type": "AssignString", "path": ["monitoring", "50290ab5", "tid"], "value": "8071241408"}, "version": 6, "at": 1741279751.863165}
{"obj": {"type": "AddStrings", "path": ["sys", "tags"], "values": ["transformer", "tutorial", "all_2dir"]}, "version": 7, "at": 1741279751.863245}
{"obj": {"type": "AssignBool", "path": ["sys", "failed"], "value": false}, "version": 8, "at": 1741279751.863289}
{"obj": {"type": "AssignFloat", "path": ["parameters", "learning_rate"], "value": 0.00014}, "version": 9, "at": 1741279751.866712}
{"obj": {"type": "AssignInt", "path": ["parameters", "batch_size"], "value": 32}, "version": 10, "at": 1741279751.866784}
{"obj": {"type": "AssignFloat", "path": ["parameters", "dropout"], "value": 0.413}, "version": 11, "at": 1741279751.866834}
{"obj": {"type": "AssignInt", "path": ["parameters", "d_model"], "value": 256}, "version": 12, "at": 1741279751.866878}
{"obj": {"type": "AssignInt", "path": ["parameters", "d_hid"], "value": 569}, "version": 13, "at": 1741279751.866914}
{"obj": {"type": "AssignInt", "path": ["parameters", "nlayers"], "value": 4}, "version": 14, "at": 1741279751.8669481}
{"obj": {"type": "AssignInt", "path": ["parameters", "nhead"], "value": 2}, "version": 15, "at": 1741279751.866982}
{"obj": {"type": "AssignInt", "path": ["parameters", "seed"], "value": 446}, "version": 16, "at": 1741279751.8670158}
{"obj": {"type": "AssignString", "path": ["parameters", "dataset"], "value": "all_2dir"}, "version": 17, "at": 1741279751.8670561}
{"obj": {"type": "LogFloats", "path": ["metrics", "train_loss"], "values": [{"value": 1.1955344253241733, "step": 0, "ts": 1741279757.555472}]}, "version": 18, "at": 1741279757.5555131}
{"obj": {"type": "LogFloats", "path": ["metrics", "train_accuracy"], "values": [{"value": 0.4834123222748815, "step": 0, "ts": 1741279757.5560472}]}, "version": 19, "at": 1741279757.556072}
{"obj": {"type": "LogFloats", "path": ["metrics", "val_loss"], "values": [{"value": 0.828059216981293, "step": 0, "ts": 1741279757.556582}]}, "version": 20, "at": 1741279757.556635}
{"obj": {"type": "LogFloats", "path": ["metrics", "val_accuracy"], "values": [{"value": 0.5120967741935484, "step": 0, "ts": 1741279757.557322}]}, "version": 21, "at": 1741279757.557347}
{"obj": {"type": "LogFloats", "path": ["training_accuracy", "total"], "values": [{"value": 0.4834123222748815, "step": 0, "ts": 1741279757.5577002}]}, "version": 22, "at": 1741279757.557718}
{"obj": {"type": "LogFloats", "path": ["validation_accuracy", "total"], "values": [{"value": 0.5120967741935484, "step": 0, "ts": 1741279757.558725}]}, "version": 23, "at": 1741279757.558748}
{"obj": {"type": "LogFloats", "path": ["best", "current_best_epoch"], "values": [{"value": 0.0, "step": null, "ts": 1741279773.8594291}]}, "version": 24, "at": 1741279773.8595269}
{"obj": {"type": "LogFloats", "path": ["best", "current_best_val_accuracy"], "values": [{"value": 0.5120967741935484, "step": null, "ts": 1741279773.860381}]}, "version": 25, "at": 1741279773.860399}
{"obj": {"type": "LogFloats", "path": ["top_epochs", "rank_1_epoch"], "values": [{"value": 0.0, "step": null, "ts": 1741279773.8605518}]}, "version": 26, "at": 1741279773.860564}
{"obj": {"type": "LogFloats", "path": ["top_epochs", "rank_1_accuracy"], "values": [{"value": 0.5120967741935484, "step": null, "ts": 1741279773.860636}]}, "version": 27, "at": 1741279773.860645}
{"obj": {"type": "UploadFile", "path": ["models", "model_checkpoints", "epoch_0"], "ext": "pt", "file_path": "/Users/katerina__saiti/Downloads/4.2/following_qa/model_epoch_00.pt", "tmp_file_name": null, "clean_after_upload": false}, "version": 28, "at": 1741279773.886081}
{"obj": {"type": "LogFloats", "path": ["detailed_metrics", "epoch_0", "deeper_noun2", "train"], "values": [{"value": 0.4739336371421814, "step": null, "ts": 1741279773.886258}]}, "version": 29, "at": 1741279773.8862772}
{"obj": {"type": "LogFloats", "path": ["detailed_metrics", "epoch_0", "deeper_noun2", "val"], "values": [{"value": 0.5120967626571655, "step": null, "ts": 1741279773.886357}]}, "version": 30, "at": 1741279773.886369}
{"obj": {"type": "LogFloats", "path": ["detailed_metrics", "epoch_0", "deeper_noun3", "train"], "values": [{"value": 0.4739336371421814, "step": null, "ts": 1741279773.886434}]}, "version": 31, "at": 1741279773.886443}
{"obj": {"type": "LogFloats", "path": ["detailed_metrics", "epoch_0", "deeper_noun3", "val"], "values": [{"value": 0.5120967626571655, "step": null, "ts": 1741279773.886518}]}, "version": 32, "at": 1741279773.886527}
{"obj": {"type": "LogFloats", "path": ["detailed_metrics", "epoch_0", "deeper_noun4", "train"], "values": [{"value": 0.4739336371421814, "step": null, "ts": 1741279773.886587}]}, "version": 33, "at": 1741279773.8865962}
{"obj": {"type": "LogFloats", "path": ["detailed_metrics", "epoch_0", "deeper_noun4", "val"], "values": [{"value": 0.5120967626571655, "step": null, "ts": 1741279773.88665}]}, "version": 34, "at": 1741279773.8866591}
{"obj": {"type": "LogFloats", "path": ["detailed_metrics", "epoch_0", "deeper_noun5", "train"], "values": [{"value": 0.4739336371421814, "step": null, "ts": 1741279773.886715}]}, "version": 35, "at": 1741279773.886723}
{"obj": {"type": "LogFloats", "path": ["detailed_metrics", "epoch_0", "deeper_noun5", "val"], "values": [{"value": 0.5120967626571655, "step": null, "ts": 1741279773.8867772}]}, "version": 36, "at": 1741279773.886785}
{"obj": {"type": "LogFloats", "path": ["detailed_metrics", "epoch_0", "deeper_noun6", "train"], "values": [{"value": 0.4739336371421814, "step": null, "ts": 1741279773.886841}]}, "version": 37, "at": 1741279773.886849}
{"obj": {"type": "LogFloats", "path": ["detailed_metrics", "epoch_0", "deeper_noun6", "val"], "values": [{"value": 0.5120967626571655, "step": null, "ts": 1741279773.886902}]}, "version": 38, "at": 1741279773.88691}
{"obj": {"type": "LogFloats", "path": ["detailed_metrics", "epoch_0", "deeper_noun7", "train"], "values": [{"value": 0.4739336371421814, "step": null, "ts": 1741279773.886964}]}, "version": 39, "at": 1741279773.886972}
{"obj": {"type": "LogFloats", "path": ["detailed_metrics", "epoch_0", "deeper_noun7", "val"], "values": [{"value": 0.5120967626571655, "step": null, "ts": 1741279773.887028}]}, "version": 40, "at": 1741279773.8870358}
{"obj": {"type": "LogFloats", "path": ["detailed_metrics", "epoch_0", "deeper_noun8", "train"], "values": [{"value": 0.4739336371421814, "step": null, "ts": 1741279773.887088}]}, "version": 41, "at": 1741279773.8870971}
{"obj": {"type": "LogFloats", "path": ["detailed_metrics", "epoch_0", "deeper_noun8", "val"], "values": [{"value": 0.5120967626571655, "step": null, "ts": 1741279773.8871481}]}, "version": 42, "at": 1741279773.887155}
{"obj": {"type": "LogFloats", "path": ["detailed_metrics", "epoch_0", "deeper_noun9", "train"], "values": [{"value": 0.4739336371421814, "step": null, "ts": 1741279773.887208}]}, "version": 43, "at": 1741279773.8872168}
{"obj": {"type": "LogFloats", "path": ["detailed_metrics", "epoch_0", "deeper_noun9", "val"], "values": [{"value": 0.5120967626571655, "step": null, "ts": 1741279773.887269}]}, "version": 44, "at": 1741279773.887278}
{"obj": {"type": "LogFloats", "path": ["detailed_metrics", "epoch_0", "deeper_noun10", "train"], "values": [{"value": 0.4739336371421814, "step": null, "ts": 1741279773.887331}]}, "version": 45, "at": 1741279773.88734}
{"obj": {"type": "LogFloats", "path": ["detailed_metrics", "epoch_0", "deeper_noun10", "val"], "values": [{"value": 0.5120967626571655, "step": null, "ts": 1741279773.887394}]}, "version": 46, "at": 1741279773.887402}
{"obj": {"type": "LogFloats", "path": ["detailed_metrics", "epoch_0", "deeper_noun11", "train"], "values": [{"value": 0.4739336371421814, "step": null, "ts": 1741279773.887454}]}, "version": 47, "at": 1741279773.8874629}
{"obj": {"type": "LogFloats", "path": ["detailed_metrics", "epoch_0", "deeper_noun11", "val"], "values": [{"value": 0.5120967626571655, "step": null, "ts": 1741279773.8875148}]}, "version": 48, "at": 1741279773.8875241}
{"obj": {"type": "LogFloats", "path": ["detailed_metrics", "epoch_0", "deeper_noun12", "train"], "values": [{"value": 0.4739336371421814, "step": null, "ts": 1741279773.887577}]}, "version": 49, "at": 1741279773.887585}
{"obj": {"type": "LogFloats", "path": ["detailed_metrics", "epoch_0", "deeper_noun12", "val"], "values": [{"value": 0.5120967626571655, "step": null, "ts": 1741279773.887635}]}, "version": 50, "at": 1741279773.8876429}
{"obj": {"type": "LogFloats", "path": ["detailed_metrics", "epoch_0", "deeper_noun13", "train"], "values": [{"value": 0.4739336371421814, "step": null, "ts": 1741279773.887695}]}, "version": 51, "at": 1741279773.887703}
{"obj": {"type": "LogFloats", "path": ["detailed_metrics", "epoch_0", "deeper_noun13", "val"], "values": [{"value": 0.5120967626571655, "step": null, "ts": 1741279773.887754}]}, "version": 52, "at": 1741279773.8877618}
{"obj": {"type": "LogFloats", "path": ["detailed_metrics", "epoch_0", "deeper_noun14", "train"], "values": [{"value": 0.4739336371421814, "step": null, "ts": 1741279773.887813}]}, "version": 53, "at": 1741279773.887821}
{"obj": {"type": "LogFloats", "path": ["detailed_metrics", "epoch_0", "deeper_noun14", "val"], "values": [{"value": 0.5120967626571655, "step": null, "ts": 1741279773.887871}]}, "version": 54, "at": 1741279773.887879}
{"obj": {"type": "LogFloats", "path": ["detailed_metrics", "epoch_0", "deeper_noun15", "train"], "values": [{"value": 0.4739336371421814, "step": null, "ts": 1741279773.8879292}]}, "version": 55, "at": 1741279773.887937}
{"obj": {"type": "LogFloats", "path": ["detailed_metrics", "epoch_0", "deeper_noun15", "val"], "values": [{"value": 0.5120967626571655, "step": null, "ts": 1741279773.887986}]}, "version": 56, "at": 1741279773.887993}
{"obj": {"type": "LogFloats", "path": ["detailed_metrics", "epoch_0", "deeper_noun16", "train"], "values": [{"value": 0.4739336371421814, "step": null, "ts": 1741279773.888044}]}, "version": 57, "at": 1741279773.888051}
{"obj": {"type": "LogFloats", "path": ["detailed_metrics", "epoch_0", "deeper_noun16", "val"], "values": [{"value": 0.5120967626571655, "step": null, "ts": 1741279773.888099}]}, "version": 58, "at": 1741279773.888107}
{"obj": {"type": "LogFloats", "path": ["detailed_metrics", "epoch_0", "deeper_noun17", "train"], "values": [{"value": 0.4739336371421814, "step": null, "ts": 1741279773.888177}]}, "version": 59, "at": 1741279773.888185}
{"obj": {"type": "LogFloats", "path": ["detailed_metrics", "epoch_0", "deeper_noun17", "val"], "values": [{"value": 0.5120967626571655, "step": null, "ts": 1741279773.888234}]}, "version": 60, "at": 1741279773.8882408}
{"obj": {"type": "LogFloats", "path": ["detailed_metrics", "epoch_0", "deeper_noun18", "train"], "values": [{"value": 0.4739336371421814, "step": null, "ts": 1741279773.888292}]}, "version": 61, "at": 1741279773.8883}
{"obj": {"type": "LogFloats", "path": ["detailed_metrics", "epoch_0", "deeper_noun18", "val"], "values": [{"value": 0.5120967626571655, "step": null, "ts": 1741279773.888382}]}, "version": 62, "at": 1741279773.8883898}
{"obj": {"type": "LogFloats", "path": ["detailed_metrics", "epoch_0", "deeper_noun19", "train"], "values": [{"value": 0.4739336371421814, "step": null, "ts": 1741279773.888449}]}, "version": 63, "at": 1741279773.888457}
{"obj": {"type": "LogFloats", "path": ["detailed_metrics", "epoch_0", "deeper_noun19", "val"], "values": [{"value": 0.5120967626571655, "step": null, "ts": 1741279773.8885078}]}, "version": 64, "at": 1741279773.8885162}
{"obj": {"type": "LogFloats", "path": ["detailed_metrics", "epoch_0", "deeper_noun20", "train"], "values": [{"value": 0.4739336371421814, "step": null, "ts": 1741279773.888569}]}, "version": 65, "at": 1741279773.888577}
{"obj": {"type": "LogFloats", "path": ["detailed_metrics", "epoch_0", "deeper_noun20", "val"], "values": [{"value": 0.5120967626571655, "step": null, "ts": 1741279773.888627}]}, "version": 66, "at": 1741279773.8886342}
{"obj": {"type": "LogFloats", "path": ["detailed_metrics", "epoch_0", "deeper_noun21", "train"], "values": [{"value": 0.4739336371421814, "step": null, "ts": 1741279773.888684}]}, "version": 67, "at": 1741279773.888692}
{"obj": {"type": "LogFloats", "path": ["detailed_metrics", "epoch_0", "deeper_noun21", "val"], "values": [{"value": 0.5120967626571655, "step": null, "ts": 1741279773.88874}]}, "version": 68, "at": 1741279773.888747}
{"obj": {"type": "LogFloats", "path": ["detailed_metrics", "epoch_0", "deeper_noun22", "train"], "values": [{"value": 0.4739336371421814, "step": null, "ts": 1741279773.8888052}]}, "version": 69, "at": 1741279773.888813}
{"obj": {"type": "LogFloats", "path": ["detailed_metrics", "epoch_0", "deeper_noun22", "val"], "values": [{"value": 0.5120967626571655, "step": null, "ts": 1741279773.888862}]}, "version": 70, "at": 1741279773.888869}
{"obj": {"type": "LogFloats", "path": ["detailed_metrics", "epoch_0", "deeper_noun23", "train"], "values": [{"value": 0.4739336371421814, "step": null, "ts": 1741279773.888921}]}, "version": 71, "at": 1741279773.8889291}
{"obj": {"type": "LogFloats", "path": ["detailed_metrics", "epoch_0", "deeper_noun23", "val"], "values": [{"value": 0.5120967626571655, "step": null, "ts": 1741279773.888979}]}, "version": 72, "at": 1741279773.888986}
{"obj": {"type": "LogFloats", "path": ["detailed_metrics", "epoch_0", "deeper_noun24", "train"], "values": [{"value": 0.4739336371421814, "step": null, "ts": 1741279773.889036}]}, "version": 73, "at": 1741279773.889044}
{"obj": {"type": "LogFloats", "path": ["detailed_metrics", "epoch_0", "deeper_noun24", "val"], "values": [{"value": 0.5120967626571655, "step": null, "ts": 1741279773.8890932}]}, "version": 74, "at": 1741279773.8891}
{"obj": {"type": "LogFloats", "path": ["detailed_metrics", "epoch_0", "deeper_noun25", "train"], "values": [{"value": 0.4739336371421814, "step": null, "ts": 1741279773.88915}]}, "version": 75, "at": 1741279773.8891578}
{"obj": {"type": "LogFloats", "path": ["detailed_metrics", "epoch_0", "deeper_noun25", "val"], "values": [{"value": 0.5120967626571655, "step": null, "ts": 1741279773.889205}]}, "version": 76, "at": 1741279773.8892128}
{"obj": {"type": "LogFloats", "path": ["detailed_metrics", "epoch_0", "deeper_noun26", "train"], "values": [{"value": 0.4739336371421814, "step": null, "ts": 1741279773.8892632}]}, "version": 77, "at": 1741279773.88927}
{"obj": {"type": "LogFloats", "path": ["detailed_metrics", "epoch_0", "deeper_noun26", "val"], "values": [{"value": 0.5120967626571655, "step": null, "ts": 1741279773.889318}]}, "version": 78, "at": 1741279773.889326}
{"obj": {"type": "LogFloats", "path": ["detailed_metrics", "epoch_0", "deeper_noun27", "train"], "values": [{"value": 0.4739336371421814, "step": null, "ts": 1741279773.889375}]}, "version": 79, "at": 1741279773.889382}
{"obj": {"type": "LogFloats", "path": ["detailed_metrics", "epoch_0", "deeper_noun27", "val"], "values": [{"value": 0.5120967626571655, "step": null, "ts": 1741279773.889429}]}, "version": 80, "at": 1741279773.889437}
{"obj": {"type": "LogFloats", "path": ["detailed_metrics", "epoch_0", "deeper_noun28", "train"], "values": [{"value": 0.4739336371421814, "step": null, "ts": 1741279773.889487}]}, "version": 81, "at": 1741279773.8894951}
{"obj": {"type": "LogFloats", "path": ["detailed_metrics", "epoch_0", "deeper_noun28", "val"], "values": [{"value": 0.5120967626571655, "step": null, "ts": 1741279773.8895419}]}, "version": 82, "at": 1741279773.889549}
{"obj": {"type": "LogFloats", "path": ["detailed_metrics", "epoch_0", "deeper_noun29", "train"], "values": [{"value": 0.4739336371421814, "step": null, "ts": 1741279773.889599}]}, "version": 83, "at": 1741279773.889606}
{"obj": {"type": "LogFloats", "path": ["detailed_metrics", "epoch_0", "deeper_noun29", "val"], "values": [{"value": 0.5120967626571655, "step": null, "ts": 1741279773.8896608}]}, "version": 84, "at": 1741279773.889668}
{"obj": {"type": "LogFloats", "path": ["detailed_metrics", "epoch_0", "deeper_noun30", "train"], "values": [{"value": 0.4739336371421814, "step": null, "ts": 1741279773.88972}]}, "version": 85, "at": 1741279773.8897269}
{"obj": {"type": "LogFloats", "path": ["detailed_metrics", "epoch_0", "deeper_noun30", "val"], "values": [{"value": 0.5120967626571655, "step": null, "ts": 1741279773.88978}]}, "version": 86, "at": 1741279773.889788}
{"obj": {"type": "LogFloats", "path": ["detailed_metrics", "epoch_0", "superdense_noun2", "train"], "values": [{"value": 0.4739336371421814, "step": null, "ts": 1741279773.8898392}]}, "version": 87, "at": 1741279773.889846}
{"obj": {"type": "LogFloats", "path": ["detailed_metrics", "epoch_0", "superdense_noun2", "val"], "values": [{"value": 0.5120967626571655, "step": null, "ts": 1741279773.889895}]}, "version": 88, "at": 1741279773.889903}
{"obj": {"type": "LogFloats", "path": ["detailed_metrics", "epoch_0", "superdense_noun3", "train"], "values": [{"value": 0.4739336371421814, "step": null, "ts": 1741279773.889952}]}, "version": 89, "at": 1741279773.8899589}
{"obj": {"type": "LogFloats", "path": ["detailed_metrics", "epoch_0", "superdense_noun3", "val"], "values": [{"value": 0.5120967626571655, "step": null, "ts": 1741279773.890007}]}, "version": 90, "at": 1741279773.890015}
{"obj": {"type": "LogFloats", "path": ["detailed_metrics", "epoch_0", "superdense_noun4", "train"], "values": [{"value": 0.4739336371421814, "step": null, "ts": 1741279773.8900638}]}, "version": 91, "at": 1741279773.8900712}
{"obj": {"type": "LogFloats", "path": ["detailed_metrics", "epoch_0", "superdense_noun4", "val"], "values": [{"value": 0.5120967626571655, "step": null, "ts": 1741279773.890126}]}, "version": 92, "at": 1741279773.890134}
{"obj": {"type": "LogFloats", "path": ["detailed_metrics", "epoch_0", "superdense_noun5", "train"], "values": [{"value": 0.4739336371421814, "step": null, "ts": 1741279773.890183}]}, "version": 93, "at": 1741279773.890191}
{"obj": {"type": "LogFloats", "path": ["detailed_metrics", "epoch_0", "superdense_noun5", "val"], "values": [{"value": 0.5120967626571655, "step": null, "ts": 1741279773.890239}]}, "version": 94, "at": 1741279773.8902469}
{"obj": {"type": "LogFloats", "path": ["detailed_metrics", "epoch_0", "superdense_noun6", "train"], "values": [{"value": 0.4739336371421814, "step": null, "ts": 1741279773.8902972}]}, "version": 95, "at": 1741279773.890304}
{"obj": {"type": "LogFloats", "path": ["detailed_metrics", "epoch_0", "superdense_noun6", "val"], "values": [{"value": 0.5120967626571655, "step": null, "ts": 1741279773.890352}]}, "version": 96, "at": 1741279773.890359}
{"obj": {"type": "LogFloats", "path": ["detailed_metrics", "epoch_0", "superdense_noun7", "train"], "values": [{"value": 0.4739336371421814, "step": null, "ts": 1741279773.89041}]}, "version": 97, "at": 1741279773.8904178}
{"obj": {"type": "LogFloats", "path": ["detailed_metrics", "epoch_0", "superdense_noun7", "val"], "values": [{"value": 0.5120967626571655, "step": null, "ts": 1741279773.890466}]}, "version": 98, "at": 1741279773.890474}
{"obj": {"type": "LogFloats", "path": ["detailed_metrics", "epoch_0", "superdense_noun8", "train"], "values": [{"value": 0.4739336371421814, "step": null, "ts": 1741279773.890542}]}, "version": 99, "at": 1741279773.89055}
{"obj": {"type": "LogFloats", "path": ["detailed_metrics", "epoch_0", "superdense_noun8", "val"], "values": [{"value": 0.5120967626571655, "step": null, "ts": 1741279773.8905978}]}, "version": 100, "at": 1741279773.8906062}
{"obj": {"type": "LogFloats", "path": ["detailed_metrics", "epoch_0", "superdense_noun9", "train"], "values": [{"value": 0.4739336371421814, "step": null, "ts": 1741279773.890665}]}, "version": 101, "at": 1741279773.890673}
{"obj": {"type": "LogFloats", "path": ["detailed_metrics", "epoch_0", "superdense_noun9", "val"], "values": [{"value": 0.5120967626571655, "step": null, "ts": 1741279773.890722}]}, "version": 102, "at": 1741279773.890729}
{"obj": {"type": "LogFloats", "path": ["detailed_metrics", "epoch_0", "superdense_noun10", "train"], "values": [{"value": 0.4739336371421814, "step": null, "ts": 1741279773.89078}]}, "version": 103, "at": 1741279773.890788}
{"obj": {"type": "LogFloats", "path": ["detailed_metrics", "epoch_0", "superdense_noun10", "val"], "values": [{"value": 0.5120967626571655, "step": null, "ts": 1741279773.890837}]}, "version": 104, "at": 1741279773.8908448}
{"obj": {"type": "LogFloats", "path": ["detailed_metrics", "epoch_0", "superdense_noun11", "train"], "values": [{"value": 0.4739336371421814, "step": null, "ts": 1741279773.8908958}]}, "version": 105, "at": 1741279773.890903}
{"obj": {"type": "LogFloats", "path": ["detailed_metrics", "epoch_0", "superdense_noun11", "val"], "values": [{"value": 0.5120967626571655, "step": null, "ts": 1741279773.890951}]}, "version": 106, "at": 1741279773.890959}
{"obj": {"type": "LogFloats", "path": ["detailed_metrics", "epoch_0", "superdense_noun12", "train"], "values": [{"value": 0.4739336371421814, "step": null, "ts": 1741279773.89102}]}, "version": 107, "at": 1741279773.891027}
{"obj": {"type": "LogFloats", "path": ["detailed_metrics", "epoch_0", "superdense_noun12", "val"], "values": [{"value": 0.5120967626571655, "step": null, "ts": 1741279773.891076}]}, "version": 108, "at": 1741279773.891083}
{"obj": {"type": "LogFloats", "path": ["detailed_metrics", "epoch_0", "superdense_noun13", "train"], "values": [{"value": 0.4739336371421814, "step": null, "ts": 1741279773.8911328}]}, "version": 109, "at": 1741279773.8911412}
{"obj": {"type": "LogFloats", "path": ["detailed_metrics", "epoch_0", "superdense_noun13", "val"], "values": [{"value": 0.5120967626571655, "step": null, "ts": 1741279773.891196}]}, "version": 110, "at": 1741279773.891204}
{"obj": {"type": "LogFloats", "path": ["detailed_metrics", "epoch_0", "superdense_noun14", "train"], "values": [{"value": 0.4739336371421814, "step": null, "ts": 1741279773.891256}]}, "version": 111, "at": 1741279773.891263}
{"obj": {"type": "LogFloats", "path": ["detailed_metrics", "epoch_0", "superdense_noun14", "val"], "values": [{"value": 0.5120967626571655, "step": null, "ts": 1741279773.8913121}]}, "version": 112, "at": 1741279773.891319}
{"obj": {"type": "LogFloats", "path": ["detailed_metrics", "epoch_0", "superdense_noun15", "train"], "values": [{"value": 0.4739336371421814, "step": null, "ts": 1741279773.89137}]}, "version": 113, "at": 1741279773.891378}
{"obj": {"type": "LogFloats", "path": ["detailed_metrics", "epoch_0", "superdense_noun15", "val"], "values": [{"value": 0.5120967626571655, "step": null, "ts": 1741279773.891432}]}, "version": 114, "at": 1741279773.8914402}
{"obj": {"type": "LogFloats", "path": ["detailed_metrics", "epoch_0", "superdense_noun16", "train"], "values": [{"value": 0.4739336371421814, "step": null, "ts": 1741279773.891493}]}, "version": 115, "at": 1741279773.8915}
{"obj": {"type": "LogFloats", "path": ["detailed_metrics", "epoch_0", "superdense_noun16", "val"], "values": [{"value": 0.5120967626571655, "step": null, "ts": 1741279773.891547}]}, "version": 116, "at": 1741279773.891562}
{"obj": {"type": "LogFloats", "path": ["detailed_metrics", "epoch_0", "superdense_noun17", "train"], "values": [{"value": 0.4739336371421814, "step": null, "ts": 1741279773.891615}]}, "version": 117, "at": 1741279773.891623}
{"obj": {"type": "LogFloats", "path": ["detailed_metrics", "epoch_0", "superdense_noun17", "val"], "values": [{"value": 0.5120967626571655, "step": null, "ts": 1741279773.891675}]}, "version": 118, "at": 1741279773.891683}
{"obj": {"type": "LogFloats", "path": ["detailed_metrics", "epoch_0", "superdense_noun18", "train"], "values": [{"value": 0.4739336371421814, "step": null, "ts": 1741279773.891739}]}, "version": 119, "at": 1741279773.891747}
{"obj": {"type": "LogFloats", "path": ["detailed_metrics", "epoch_0", "superdense_noun18", "val"], "values": [{"value": 0.5120967626571655, "step": null, "ts": 1741279773.891797}]}, "version": 120, "at": 1741279773.891804}
{"obj": {"type": "LogFloats", "path": ["detailed_metrics", "epoch_0", "superdense_noun19", "train"], "values": [{"value": 0.4739336371421814, "step": null, "ts": 1741279773.891861}]}, "version": 121, "at": 1741279773.8918688}
{"obj": {"type": "LogFloats", "path": ["detailed_metrics", "epoch_0", "superdense_noun19", "val"], "values": [{"value": 0.5120967626571655, "step": null, "ts": 1741279773.891922}]}, "version": 122, "at": 1741279773.8919291}
{"obj": {"type": "LogFloats", "path": ["detailed_metrics", "epoch_0", "superdense_noun20", "train"], "values": [{"value": 0.4739336371421814, "step": null, "ts": 1741279773.891986}]}, "version": 123, "at": 1741279773.891993}
{"obj": {"type": "LogFloats", "path": ["detailed_metrics", "epoch_0", "superdense_noun20", "val"], "values": [{"value": 0.5120967626571655, "step": null, "ts": 1741279773.892046}]}, "version": 124, "at": 1741279773.892053}
{"obj": {"type": "LogFloats", "path": ["detailed_metrics", "epoch_0", "superdense_noun21", "train"], "values": [{"value": 0.4739336371421814, "step": null, "ts": 1741279773.89211}]}, "version": 125, "at": 1741279773.892117}
{"obj": {"type": "LogFloats", "path": ["detailed_metrics", "epoch_0", "superdense_noun21", "val"], "values": [{"value": 0.5120967626571655, "step": null, "ts": 1741279773.8921652}]}, "version": 126, "at": 1741279773.892172}
{"obj": {"type": "LogFloats", "path": ["detailed_metrics", "epoch_0", "superdense_noun22", "train"], "values": [{"value": 0.4739336371421814, "step": null, "ts": 1741279773.892234}]}, "version": 127, "at": 1741279773.892241}
{"obj": {"type": "LogFloats", "path": ["detailed_metrics", "epoch_0", "superdense_noun22", "val"], "values": [{"value": 0.5120967626571655, "step": null, "ts": 1741279773.8922932}]}, "version": 128, "at": 1741279773.8923001}
{"obj": {"type": "LogFloats", "path": ["detailed_metrics", "epoch_0", "superdense_noun23", "train"], "values": [{"value": 0.4739336371421814, "step": null, "ts": 1741279773.8923562}]}, "version": 129, "at": 1741279773.892363}
{"obj": {"type": "LogFloats", "path": ["detailed_metrics", "epoch_0", "superdense_noun23", "val"], "values": [{"value": 0.5120967626571655, "step": null, "ts": 1741279773.8924139}]}, "version": 130, "at": 1741279773.892421}
{"obj": {"type": "LogFloats", "path": ["detailed_metrics", "epoch_0", "superdense_noun24", "train"], "values": [{"value": 0.4739336371421814, "step": null, "ts": 1741279773.892475}]}, "version": 131, "at": 1741279773.892483}
{"obj": {"type": "LogFloats", "path": ["detailed_metrics", "epoch_0", "superdense_noun24", "val"], "values": [{"value": 0.5120967626571655, "step": null, "ts": 1741279773.892535}]}, "version": 132, "at": 1741279773.892542}
{"obj": {"type": "LogFloats", "path": ["detailed_metrics", "epoch_0", "superdense_noun25", "train"], "values": [{"value": 0.4739336371421814, "step": null, "ts": 1741279773.892599}]}, "version": 133, "at": 1741279773.892606}
{"obj": {"type": "LogFloats", "path": ["detailed_metrics", "epoch_0", "superdense_noun25", "val"], "values": [{"value": 0.5120967626571655, "step": null, "ts": 1741279773.892658}]}, "version": 134, "at": 1741279773.8926651}
{"obj": {"type": "LogFloats", "path": ["detailed_metrics", "epoch_0", "superdense_noun26", "train"], "values": [{"value": 0.4739336371421814, "step": null, "ts": 1741279773.892737}]}, "version": 135, "at": 1741279773.8927438}
{"obj": {"type": "LogFloats", "path": ["detailed_metrics", "epoch_0", "superdense_noun26", "val"], "values": [{"value": 0.5120967626571655, "step": null, "ts": 1741279773.8927948}]}, "version": 136, "at": 1741279773.892809}
{"obj": {"type": "LogFloats", "path": ["detailed_metrics", "epoch_0", "superdense_noun27", "train"], "values": [{"value": 0.4739336371421814, "step": null, "ts": 1741279773.892857}]}, "version": 137, "at": 1741279773.892865}
{"obj": {"type": "LogFloats", "path": ["detailed_metrics", "epoch_0", "superdense_noun27", "val"], "values": [{"value": 0.5120967626571655, "step": null, "ts": 1741279773.892916}]}, "version": 138, "at": 1741279773.8929229}
{"obj": {"type": "LogFloats", "path": ["detailed_metrics", "epoch_0", "superdense_noun28", "train"], "values": [{"value": 0.4739336371421814, "step": null, "ts": 1741279773.892972}]}, "version": 139, "at": 1741279773.892979}
{"obj": {"type": "LogFloats", "path": ["detailed_metrics", "epoch_0", "superdense_noun28", "val"], "values": [{"value": 0.5120967626571655, "step": null, "ts": 1741279773.893026}]}, "version": 140, "at": 1741279773.893033}
{"obj": {"type": "LogFloats", "path": ["detailed_metrics", "epoch_0", "superdense_noun29", "train"], "values": [{"value": 0.4739336371421814, "step": null, "ts": 1741279773.893089}]}, "version": 141, "at": 1741279773.893096}
{"obj": {"type": "LogFloats", "path": ["detailed_metrics", "epoch_0", "superdense_noun29", "val"], "values": [{"value": 0.5120967626571655, "step": null, "ts": 1741279773.893158}]}, "version": 142, "at": 1741279773.893173}
{"obj": {"type": "LogFloats", "path": ["detailed_metrics", "epoch_0", "superdense_noun30", "train"], "values": [{"value": 0.4739336371421814, "step": null, "ts": 1741279773.893224}]}, "version": 143, "at": 1741279773.8932312}
{"obj": {"type": "LogFloats", "path": ["detailed_metrics", "epoch_0", "superdense_noun30", "val"], "values": [{"value": 0.5120967626571655, "step": null, "ts": 1741279773.893304}]}, "version": 144, "at": 1741279773.893312}
{"obj": {"type": "LogFloats", "path": ["detailed_metrics", "epoch_0", "dense_noun2", "train"], "values": [{"value": 0.4739336371421814, "step": null, "ts": 1741279773.8933692}]}, "version": 145, "at": 1741279773.893377}
{"obj": {"type": "LogFloats", "path": ["detailed_metrics", "epoch_0", "dense_noun2", "val"], "values": [{"value": 0.5120967626571655, "step": null, "ts": 1741279773.89343}]}, "version": 146, "at": 1741279773.893437}
{"obj": {"type": "LogFloats", "path": ["detailed_metrics", "epoch_0", "dense_noun3", "train"], "values": [{"value": 0.4739336371421814, "step": null, "ts": 1741279773.893496}]}, "version": 147, "at": 1741279773.893504}
{"obj": {"type": "LogFloats", "path": ["detailed_metrics", "epoch_0", "dense_noun3", "val"], "values": [{"value": 0.5120967626571655, "step": null, "ts": 1741279773.8935528}]}, "version": 148, "at": 1741279773.8935611}
{"obj": {"type": "LogFloats", "path": ["detailed_metrics", "epoch_0", "dense_noun4", "train"], "values": [{"value": 0.4739336371421814, "step": null, "ts": 1741279773.8936121}]}, "version": 149, "at": 1741279773.89362}
{"obj": {"type": "LogFloats", "path": ["detailed_metrics", "epoch_0", "dense_noun4", "val"], "values": [{"value": 0.5120967626571655, "step": null, "ts": 1741279773.893685}]}, "version": 150, "at": 1741279773.893693}
{"obj": {"type": "LogFloats", "path": ["detailed_metrics", "epoch_0", "dense_noun5", "train"], "values": [{"value": 0.4739336371421814, "step": null, "ts": 1741279773.893745}]}, "version": 151, "at": 1741279773.893752}
{"obj": {"type": "LogFloats", "path": ["detailed_metrics", "epoch_0", "dense_noun5", "val"], "values": [{"value": 0.5120967626571655, "step": null, "ts": 1741279773.893805}]}, "version": 152, "at": 1741279773.893813}
{"obj": {"type": "LogFloats", "path": ["detailed_metrics", "epoch_0", "dense_noun6", "train"], "values": [{"value": 0.4739336371421814, "step": null, "ts": 1741279773.893871}]}, "version": 153, "at": 1741279773.893879}
{"obj": {"type": "LogFloats", "path": ["detailed_metrics", "epoch_0", "dense_noun6", "val"], "values": [{"value": 0.5120967626571655, "step": null, "ts": 1741279773.8939269}]}, "version": 154, "at": 1741279773.893934}
{"obj": {"type": "LogFloats", "path": ["detailed_metrics", "epoch_0", "dense_noun7", "train"], "values": [{"value": 0.4739336371421814, "step": null, "ts": 1741279773.893983}]}, "version": 155, "at": 1741279773.893991}
{"obj": {"type": "LogFloats", "path": ["detailed_metrics", "epoch_0", "dense_noun7", "val"], "values": [{"value": 0.5120967626571655, "step": null, "ts": 1741279773.8940392}]}, "version": 156, "at": 1741279773.894046}
{"obj": {"type": "LogFloats", "path": ["detailed_metrics", "epoch_0", "dense_noun8", "train"], "values": [{"value": 0.4739336371421814, "step": null, "ts": 1741279773.894096}]}, "version": 157, "at": 1741279773.894103}
{"obj": {"type": "LogFloats", "path": ["detailed_metrics", "epoch_0", "dense_noun8", "val"], "values": [{"value": 0.5120967626571655, "step": null, "ts": 1741279773.894151}]}, "version": 158, "at": 1741279773.8941581}
{"obj": {"type": "LogFloats", "path": ["detailed_metrics", "epoch_0", "dense_noun9", "train"], "values": [{"value": 0.4739336371421814, "step": null, "ts": 1741279773.894207}]}, "version": 159, "at": 1741279773.8942149}
{"obj": {"type": "LogFloats", "path": ["detailed_metrics", "epoch_0", "dense_noun9", "val"], "values": [{"value": 0.5120967626571655, "step": null, "ts": 1741279773.894262}]}, "version": 160, "at": 1741279773.89427}
{"obj": {"type": "LogFloats", "path": ["detailed_metrics", "epoch_0", "dense_noun10", "train"], "values": [{"value": 0.4739336371421814, "step": null, "ts": 1741279773.894319}]}, "version": 161, "at": 1741279773.894327}
{"obj": {"type": "LogFloats", "path": ["detailed_metrics", "epoch_0", "dense_noun10", "val"], "values": [{"value": 0.5120967626571655, "step": null, "ts": 1741279773.894378}]}, "version": 162, "at": 1741279773.8943858}
{"obj": {"type": "LogFloats", "path": ["detailed_metrics", "epoch_0", "dense_noun11", "train"], "values": [{"value": 0.4739336371421814, "step": null, "ts": 1741279773.8944378}]}, "version": 163, "at": 1741279773.894445}
{"obj": {"type": "LogFloats", "path": ["detailed_metrics", "epoch_0", "dense_noun11", "val"], "values": [{"value": 0.5120967626571655, "step": null, "ts": 1741279773.894492}]}, "version": 164, "at": 1741279773.8945}
{"obj": {"type": "LogFloats", "path": ["detailed_metrics", "epoch_0", "dense_noun12", "train"], "values": [{"value": 0.4739336371421814, "step": null, "ts": 1741279773.894549}]}, "version": 165, "at": 1741279773.8945558}
{"obj": {"type": "LogFloats", "path": ["detailed_metrics", "epoch_0", "dense_noun12", "val"], "values": [{"value": 0.5120967626571655, "step": null, "ts": 1741279773.894604}]}, "version": 166, "at": 1741279773.894612}
{"obj": {"type": "LogFloats", "path": ["detailed_metrics", "epoch_0", "dense_noun13", "train"], "values": [{"value": 0.4739336371421814, "step": null, "ts": 1741279773.8946612}]}, "version": 167, "at": 1741279773.894668}
{"obj": {"type": "LogFloats", "path": ["detailed_metrics", "epoch_0", "dense_noun13", "val"], "values": [{"value": 0.5120967626571655, "step": null, "ts": 1741279773.8947148}]}, "version": 168, "at": 1741279773.894722}
{"obj": {"type": "LogFloats", "path": ["detailed_metrics", "epoch_0", "dense_noun14", "train"], "values": [{"value": 0.4739336371421814, "step": null, "ts": 1741279773.8947752}]}, "version": 169, "at": 1741279773.894783}
{"obj": {"type": "LogFloats", "path": ["detailed_metrics", "epoch_0", "dense_noun14", "val"], "values": [{"value": 0.5120967626571655, "step": null, "ts": 1741279773.8948312}]}, "version": 170, "at": 1741279773.894839}
{"obj": {"type": "LogFloats", "path": ["detailed_metrics", "epoch_0", "dense_noun15", "train"], "values": [{"value": 0.4739336371421814, "step": null, "ts": 1741279773.894888}]}, "version": 171, "at": 1741279773.894895}
{"obj": {"type": "LogFloats", "path": ["detailed_metrics", "epoch_0", "dense_noun15", "val"], "values": [{"value": 0.5120967626571655, "step": null, "ts": 1741279773.894958}]}, "version": 172, "at": 1741279773.894965}
{"obj": {"type": "LogFloats", "path": ["detailed_metrics", "epoch_0", "dense_noun16", "train"], "values": [{"value": 0.4739336371421814, "step": null, "ts": 1741279773.895015}]}, "version": 173, "at": 1741279773.8950222}
{"obj": {"type": "LogFloats", "path": ["detailed_metrics", "epoch_0", "dense_noun16", "val"], "values": [{"value": 0.5120967626571655, "step": null, "ts": 1741279773.8950698}]}, "version": 174, "at": 1741279773.8950772}
{"obj": {"type": "LogFloats", "path": ["detailed_metrics", "epoch_0", "dense_noun17", "train"], "values": [{"value": 0.4739336371421814, "step": null, "ts": 1741279773.895125}]}, "version": 175, "at": 1741279773.8951318}
{"obj": {"type": "LogFloats", "path": ["detailed_metrics", "epoch_0", "dense_noun17", "val"], "values": [{"value": 0.5120967626571655, "step": null, "ts": 1741279773.895179}]}, "version": 176, "at": 1741279773.895186}
{"obj": {"type": "LogFloats", "path": ["detailed_metrics", "epoch_0", "dense_noun18", "train"], "values": [{"value": 0.4739336371421814, "step": null, "ts": 1741279773.895235}]}, "version": 177, "at": 1741279773.895242}
{"obj": {"type": "LogFloats", "path": ["detailed_metrics", "epoch_0", "dense_noun18", "val"], "values": [{"value": 0.5120967626571655, "step": null, "ts": 1741279773.8952901}]}, "version": 178, "at": 1741279773.895297}
{"obj": {"type": "LogFloats", "path": ["detailed_metrics", "epoch_0", "dense_noun19", "train"], "values": [{"value": 0.4739336371421814, "step": null, "ts": 1741279773.895346}]}, "version": 179, "at": 1741279773.895356}
{"obj": {"type": "LogFloats", "path": ["detailed_metrics", "epoch_0", "dense_noun19", "val"], "values": [{"value": 0.5120967626571655, "step": null, "ts": 1741279773.895404}]}, "version": 180, "at": 1741279773.895411}
{"obj": {"type": "LogFloats", "path": ["detailed_metrics", "epoch_0", "dense_noun20", "train"], "values": [{"value": 0.4739336371421814, "step": null, "ts": 1741279773.8955672}]}, "version": 181, "at": 1741279773.895584}
{"obj": {"type": "LogFloats", "path": ["detailed_metrics", "epoch_0", "dense_noun20", "val"], "values": [{"value": 0.5120967626571655, "step": null, "ts": 1741279773.89571}]}, "version": 182, "at": 1741279773.895723}
{"obj": {"type": "LogFloats", "path": ["detailed_metrics", "epoch_0", "dense_noun21", "train"], "values": [{"value": 0.4739336371421814, "step": null, "ts": 1741279773.8957949}]}, "version": 183, "at": 1741279773.895805}
{"obj": {"type": "LogFloats", "path": ["detailed_metrics", "epoch_0", "dense_noun21", "val"], "values": [{"value": 0.5120967626571655, "step": null, "ts": 1741279773.895864}]}, "version": 184, "at": 1741279773.895872}
{"obj": {"type": "LogFloats", "path": ["detailed_metrics", "epoch_0", "dense_noun22", "train"], "values": [{"value": 0.4739336371421814, "step": null, "ts": 1741279773.895927}]}, "version": 185, "at": 1741279773.895935}
{"obj": {"type": "LogFloats", "path": ["detailed_metrics", "epoch_0", "dense_noun22", "val"], "values": [{"value": 0.5120967626571655, "step": null, "ts": 1741279773.8959858}]}, "version": 186, "at": 1741279773.895995}
{"obj": {"type": "LogFloats", "path": ["detailed_metrics", "epoch_0", "dense_noun23", "train"], "values": [{"value": 0.4739336371421814, "step": null, "ts": 1741279773.8960488}]}, "version": 187, "at": 1741279773.8960571}
{"obj": {"type": "LogFloats", "path": ["detailed_metrics", "epoch_0", "dense_noun23", "val"], "values": [{"value": 0.5120967626571655, "step": null, "ts": 1741279773.896113}]}, "version": 188, "at": 1741279773.896121}
{"obj": {"type": "LogFloats", "path": ["detailed_metrics", "epoch_0", "dense_noun24", "train"], "values": [{"value": 0.4739336371421814, "step": null, "ts": 1741279773.896172}]}, "version": 189, "at": 1741279773.89618}
{"obj": {"type": "LogFloats", "path": ["detailed_metrics", "epoch_0", "dense_noun24", "val"], "values": [{"value": 0.5120967626571655, "step": null, "ts": 1741279773.896229}]}, "version": 190, "at": 1741279773.8962371}
{"obj": {"type": "LogFloats", "path": ["detailed_metrics", "epoch_0", "dense_noun25", "train"], "values": [{"value": 0.4739336371421814, "step": null, "ts": 1741279773.896325}]}, "version": 191, "at": 1741279773.896341}
{"obj": {"type": "LogFloats", "path": ["detailed_metrics", "epoch_0", "dense_noun25", "val"], "values": [{"value": 0.5120967626571655, "step": null, "ts": 1741279773.8964438}]}, "version": 192, "at": 1741279773.8964548}
{"obj": {"type": "LogFloats", "path": ["detailed_metrics", "epoch_0", "dense_noun26", "train"], "values": [{"value": 0.4739336371421814, "step": null, "ts": 1741279773.89653}]}, "version": 193, "at": 1741279773.896539}
{"obj": {"type": "LogFloats", "path": ["detailed_metrics", "epoch_0", "dense_noun26", "val"], "values": [{"value": 0.5120967626571655, "step": null, "ts": 1741279773.896598}]}, "version": 194, "at": 1741279773.896606}
{"obj": {"type": "LogFloats", "path": ["detailed_metrics", "epoch_0", "dense_noun27", "train"], "values": [{"value": 0.4739336371421814, "step": null, "ts": 1741279773.896662}]}, "version": 195, "at": 1741279773.8966699}
{"obj": {"type": "LogFloats", "path": ["detailed_metrics", "epoch_0", "dense_noun27", "val"], "values": [{"value": 0.5120967626571655, "step": null, "ts": 1741279773.8967218}]}, "version": 196, "at": 1741279773.8967302}
{"obj": {"type": "LogFloats", "path": ["detailed_metrics", "epoch_0", "dense_noun28", "train"], "values": [{"value": 0.4739336371421814, "step": null, "ts": 1741279773.8967822}]}, "version": 197, "at": 1741279773.89679}
{"obj": {"type": "LogFloats", "path": ["detailed_metrics", "epoch_0", "dense_noun28", "val"], "values": [{"value": 0.5120967626571655, "step": null, "ts": 1741279773.896839}]}, "version": 198, "at": 1741279773.896847}
{"obj": {"type": "LogFloats", "path": ["detailed_metrics", "epoch_0", "dense_noun29", "train"], "values": [{"value": 0.4739336371421814, "step": null, "ts": 1741279773.896899}]}, "version": 199, "at": 1741279773.896907}
{"obj": {"type": "LogFloats", "path": ["detailed_metrics", "epoch_0", "dense_noun29", "val"], "values": [{"value": 0.5120967626571655, "step": null, "ts": 1741279773.896956}]}, "version": 200, "at": 1741279773.8969631}
{"obj": {"type": "LogFloats", "path": ["detailed_metrics", "epoch_0", "dense_noun30", "train"], "values": [{"value": 0.4739336371421814, "step": null, "ts": 1741279773.897014}]}, "version": 201, "at": 1741279773.8970208}
{"obj": {"type": "LogFloats", "path": ["detailed_metrics", "epoch_0", "dense_noun30", "val"], "values": [{"value": 0.5120967626571655, "step": null, "ts": 1741279773.897069}]}, "version": 202, "at": 1741279773.897076}
{"obj": {"type": "LogFloats", "path": ["detailed_metrics", "epoch_0", "simple_noun2", "train"], "values": [{"value": 0.4739336371421814, "step": null, "ts": 1741279773.897127}]}, "version": 203, "at": 1741279773.897135}
{"obj": {"type": "LogFloats", "path": ["detailed_metrics", "epoch_0", "simple_noun2", "val"], "values": [{"value": 0.5120967626571655, "step": null, "ts": 1741279773.897183}]}, "version": 204, "at": 1741279773.8971899}
{"obj": {"type": "LogFloats", "path": ["detailed_metrics", "epoch_0", "simple_noun3", "train"], "values": [{"value": 0.4739336371421814, "step": null, "ts": 1741279773.8972402}]}, "version": 205, "at": 1741279773.897247}
{"obj": {"type": "LogFloats", "path": ["detailed_metrics", "epoch_0", "simple_noun3", "val"], "values": [{"value": 0.5120967626571655, "step": null, "ts": 1741279773.897295}]}, "version": 206, "at": 1741279773.897302}
{"obj": {"type": "LogFloats", "path": ["detailed_metrics", "epoch_0", "simple_noun4", "train"], "values": [{"value": 0.4739336371421814, "step": null, "ts": 1741279773.897352}]}, "version": 207, "at": 1741279773.8973598}
{"obj": {"type": "LogFloats", "path": ["detailed_metrics", "epoch_0", "simple_noun4", "val"], "values": [{"value": 0.5120967626571655, "step": null, "ts": 1741279773.897412}]}, "version": 208, "at": 1741279773.89742}
{"obj": {"type": "LogFloats", "path": ["detailed_metrics", "epoch_0", "simple_noun5", "train"], "values": [{"value": 0.4739336371421814, "step": null, "ts": 1741279773.8975098}]}, "version": 209, "at": 1741279773.897519}
{"obj": {"type": "LogFloats", "path": ["detailed_metrics", "epoch_0", "simple_noun5", "val"], "values": [{"value": 0.5120967626571655, "step": null, "ts": 1741279773.897569}]}, "version": 210, "at": 1741279773.897577}
{"obj": {"type": "LogFloats", "path": ["detailed_metrics", "epoch_0", "simple_noun6", "train"], "values": [{"value": 0.4739336371421814, "step": null, "ts": 1741279773.8976278}]}, "version": 211, "at": 1741279773.897635}
{"obj": {"type": "LogFloats", "path": ["detailed_metrics", "epoch_0", "simple_noun6", "val"], "values": [{"value": 0.5120967626571655, "step": null, "ts": 1741279773.8976839}]}, "version": 212, "at": 1741279773.897692}
{"obj": {"type": "LogFloats", "path": ["detailed_metrics", "epoch_0", "simple_noun7", "train"], "values": [{"value": 0.4739336371421814, "step": null, "ts": 1741279773.897743}]}, "version": 213, "at": 1741279773.89775}
{"obj": {"type": "LogFloats", "path": ["detailed_metrics", "epoch_0", "simple_noun7", "val"], "values": [{"value": 0.5120967626571655, "step": null, "ts": 1741279773.897799}]}, "version": 214, "at": 1741279773.8978062}
{"obj": {"type": "LogFloats", "path": ["detailed_metrics", "epoch_0", "simple_noun8", "train"], "values": [{"value": 0.4739336371421814, "step": null, "ts": 1741279773.897857}]}, "version": 215, "at": 1741279773.897865}
{"obj": {"type": "LogFloats", "path": ["detailed_metrics", "epoch_0", "simple_noun8", "val"], "values": [{"value": 0.5120967626571655, "step": null, "ts": 1741279773.8979142}]}, "version": 216, "at": 1741279773.897922}
{"obj": {"type": "LogFloats", "path": ["detailed_metrics", "epoch_0", "simple_noun9", "train"], "values": [{"value": 0.4739336371421814, "step": null, "ts": 1741279773.897971}]}, "version": 217, "at": 1741279773.8979788}
{"obj": {"type": "LogFloats", "path": ["detailed_metrics", "epoch_0", "simple_noun9", "val"], "values": [{"value": 0.5120967626571655, "step": null, "ts": 1741279773.8980281}]}, "version": 218, "at": 1741279773.898035}
{"obj": {"type": "LogFloats", "path": ["detailed_metrics", "epoch_0", "simple_noun10", "train"], "values": [{"value": 0.4739336371421814, "step": null, "ts": 1741279773.8980858}]}, "version": 219, "at": 1741279773.898093}
{"obj": {"type": "LogFloats", "path": ["detailed_metrics", "epoch_0", "simple_noun10", "val"], "values": [{"value": 0.5120967626571655, "step": null, "ts": 1741279773.898145}]}, "version": 220, "at": 1741279773.898153}
{"obj": {"type": "LogFloats", "path": ["detailed_metrics", "epoch_0", "simple_noun11", "train"], "values": [{"value": 0.4739336371421814, "step": null, "ts": 1741279773.898203}]}, "version": 221, "at": 1741279773.89821}
{"obj": {"type": "LogFloats", "path": ["detailed_metrics", "epoch_0", "simple_noun11", "val"], "values": [{"value": 0.5120967626571655, "step": null, "ts": 1741279773.8982568}]}, "version": 222, "at": 1741279773.8982651}
{"obj": {"type": "LogFloats", "path": ["detailed_metrics", "epoch_0", "simple_noun12", "train"], "values": [{"value": 0.4739336371421814, "step": null, "ts": 1741279773.898315}]}, "version": 223, "at": 1741279773.8983219}
{"obj": {"type": "LogFloats", "path": ["detailed_metrics", "epoch_0", "simple_noun12", "val"], "values": [{"value": 0.5120967626571655, "step": null, "ts": 1741279773.89837}]}, "version": 224, "at": 1741279773.898377}
{"obj": {"type": "LogFloats", "path": ["detailed_metrics", "epoch_0", "simple_noun13", "train"], "values": [{"value": 0.4739336371421814, "step": null, "ts": 1741279773.898426}]}, "version": 225, "at": 1741279773.898433}
{"obj": {"type": "LogFloats", "path": ["detailed_metrics", "epoch_0", "simple_noun13", "val"], "values": [{"value": 0.5120967626571655, "step": null, "ts": 1741279773.8984802}]}, "version": 226, "at": 1741279773.898488}
{"obj": {"type": "LogFloats", "path": ["detailed_metrics", "epoch_0", "simple_noun14", "train"], "values": [{"value": 0.4739336371421814, "step": null, "ts": 1741279773.898536}]}, "version": 227, "at": 1741279773.898544}
{"obj": {"type": "LogFloats", "path": ["detailed_metrics", "epoch_0", "simple_noun14", "val"], "values": [{"value": 0.5120967626571655, "step": null, "ts": 1741279773.898591}]}, "version": 228, "at": 1741279773.898598}
{"obj": {"type": "LogFloats", "path": ["detailed_metrics", "epoch_0", "simple_noun15", "train"], "values": [{"value": 0.4739336371421814, "step": null, "ts": 1741279773.898647}]}, "version": 229, "at": 1741279773.898656}
{"obj": {"type": "LogFloats", "path": ["detailed_metrics", "epoch_0", "simple_noun15", "val"], "values": [{"value": 0.5120967626571655, "step": null, "ts": 1741279773.898705}]}, "version": 230, "at": 1741279773.8987122}
{"obj": {"type": "LogFloats", "path": ["detailed_metrics", "epoch_0", "simple_noun16", "train"], "values": [{"value": 0.4739336371421814, "step": null, "ts": 1741279773.898761}]}, "version": 231, "at": 1741279773.898769}
{"obj": {"type": "LogFloats", "path": ["detailed_metrics", "epoch_0", "simple_noun16", "val"], "values": [{"value": 0.5120967626571655, "step": null, "ts": 1741279773.898817}]}, "version": 232, "at": 1741279773.898824}
{"obj": {"type": "LogFloats", "path": ["detailed_metrics", "epoch_0", "simple_noun17", "train"], "values": [{"value": 0.4739336371421814, "step": null, "ts": 1741279773.898873}]}, "version": 233, "at": 1741279773.89888}
{"obj": {"type": "LogFloats", "path": ["detailed_metrics", "epoch_0", "simple_noun17", "val"], "values": [{"value": 0.5120967626571655, "step": null, "ts": 1741279773.8989282}]}, "version": 234, "at": 1741279773.898935}
{"obj": {"type": "LogFloats", "path": ["detailed_metrics", "epoch_0", "simple_noun18", "train"], "values": [{"value": 0.4739336371421814, "step": null, "ts": 1741279773.898984}]}, "version": 235, "at": 1741279773.8990679}
{"obj": {"type": "LogFloats", "path": ["detailed_metrics", "epoch_0", "simple_noun18", "val"], "values": [{"value": 0.5120967626571655, "step": null, "ts": 1741279773.899122}]}, "version": 236, "at": 1741279773.89913}
{"obj": {"type": "LogFloats", "path": ["detailed_metrics", "epoch_0", "simple_noun19", "train"], "values": [{"value": 0.4739336371421814, "step": null, "ts": 1741279773.899183}]}, "version": 237, "at": 1741279773.89919}
{"obj": {"type": "LogFloats", "path": ["detailed_metrics", "epoch_0", "simple_noun19", "val"], "values": [{"value": 0.5120967626571655, "step": null, "ts": 1741279773.8992388}]}, "version": 238, "at": 1741279773.899246}
{"obj": {"type": "LogFloats", "path": ["detailed_metrics", "epoch_0", "simple_noun20", "train"], "values": [{"value": 0.4739336371421814, "step": null, "ts": 1741279773.899296}]}, "version": 239, "at": 1741279773.899304}
{"obj": {"type": "LogFloats", "path": ["detailed_metrics", "epoch_0", "simple_noun20", "val"], "values": [{"value": 0.5120967626571655, "step": null, "ts": 1741279773.899353}]}, "version": 240, "at": 1741279773.89936}
{"obj": {"type": "LogFloats", "path": ["detailed_metrics", "epoch_0", "simple_noun21", "train"], "values": [{"value": 0.4739336371421814, "step": null, "ts": 1741279773.89941}]}, "version": 241, "at": 1741279773.8994172}
{"obj": {"type": "LogFloats", "path": ["detailed_metrics", "epoch_0", "simple_noun21", "val"], "values": [{"value": 0.5120967626571655, "step": null, "ts": 1741279773.899466}]}, "version": 242, "at": 1741279773.899473}
{"obj": {"type": "LogFloats", "path": ["detailed_metrics", "epoch_0", "simple_noun22", "train"], "values": [{"value": 0.4739336371421814, "step": null, "ts": 1741279773.899522}]}, "version": 243, "at": 1741279773.89953}
{"obj": {"type": "LogFloats", "path": ["detailed_metrics", "epoch_0", "simple_noun22", "val"], "values": [{"value": 0.5120967626571655, "step": null, "ts": 1741279773.899582}]}, "version": 244, "at": 1741279773.8995898}
{"obj": {"type": "LogFloats", "path": ["detailed_metrics", "epoch_0", "simple_noun23", "train"], "values": [{"value": 0.4739336371421814, "step": null, "ts": 1741279773.899659}]}, "version": 245, "at": 1741279773.899671}
{"obj": {"type": "LogFloats", "path": ["detailed_metrics", "epoch_0", "simple_noun23", "val"], "values": [{"value": 0.5120967626571655, "step": null, "ts": 1741279773.899776}]}, "version": 246, "at": 1741279773.8997838}
{"obj": {"type": "LogFloats", "path": ["detailed_metrics", "epoch_0", "simple_noun24", "train"], "values": [{"value": 0.4739336371421814, "step": null, "ts": 1741279773.8998349}]}, "version": 247, "at": 1741279773.899842}
{"obj": {"type": "LogFloats", "path": ["detailed_metrics", "epoch_0", "simple_noun24", "val"], "values": [{"value": 0.5120967626571655, "step": null, "ts": 1741279773.89989}]}, "version": 248, "at": 1741279773.899897}
{"obj": {"type": "LogFloats", "path": ["detailed_metrics", "epoch_0", "simple_noun25", "train"], "values": [{"value": 0.4739336371421814, "step": null, "ts": 1741279773.899963}]}, "version": 249, "at": 1741279773.89997}
{"obj": {"type": "LogFloats", "path": ["detailed_metrics", "epoch_0", "simple_noun25", "val"], "values": [{"value": 0.5120967626571655, "step": null, "ts": 1741279773.900018}]}, "version": 250, "at": 1741279773.9000251}
{"obj": {"type": "LogFloats", "path": ["detailed_metrics", "epoch_0", "simple_noun26", "train"], "values": [{"value": 0.4739336371421814, "step": null, "ts": 1741279773.900074}]}, "version": 251, "at": 1741279773.9000819}
{"obj": {"type": "LogFloats", "path": ["detailed_metrics", "epoch_0", "simple_noun26", "val"], "values": [{"value": 0.5120967626571655, "step": null, "ts": 1741279773.900129}]}, "version": 252, "at": 1741279773.900136}
{"obj": {"type": "LogFloats", "path": ["detailed_metrics", "epoch_0", "simple_noun27", "train"], "values": [{"value": 0.4739336371421814, "step": null, "ts": 1741279773.900185}]}, "version": 253, "at": 1741279773.900193}
{"obj": {"type": "LogFloats", "path": ["detailed_metrics", "epoch_0", "simple_noun27", "val"], "values": [{"value": 0.5120967626571655, "step": null, "ts": 1741279773.900241}]}, "version": 254, "at": 1741279773.900248}
{"obj": {"type": "LogFloats", "path": ["detailed_metrics", "epoch_0", "simple_noun28", "train"], "values": [{"value": 0.4739336371421814, "step": null, "ts": 1741279773.900297}]}, "version": 255, "at": 1741279773.9003038}
{"obj": {"type": "LogFloats", "path": ["detailed_metrics", "epoch_0", "simple_noun28", "val"], "values": [{"value": 0.5120967626571655, "step": null, "ts": 1741279773.900351}]}, "version": 256, "at": 1741279773.900359}
{"obj": {"type": "LogFloats", "path": ["detailed_metrics", "epoch_0", "simple_noun29", "train"], "values": [{"value": 0.4739336371421814, "step": null, "ts": 1741279773.900415}]}, "version": 257, "at": 1741279773.9004219}
{"obj": {"type": "LogFloats", "path": ["detailed_metrics", "epoch_0", "simple_noun29", "val"], "values": [{"value": 0.5120967626571655, "step": null, "ts": 1741279773.90047}]}, "version": 258, "at": 1741279773.900478}
{"obj": {"type": "LogFloats", "path": ["detailed_metrics", "epoch_0", "simple_noun30", "train"], "values": [{"value": 0.4739336371421814, "step": null, "ts": 1741279773.900529}]}, "version": 259, "at": 1741279773.900536}
{"obj": {"type": "LogFloats", "path": ["detailed_metrics", "epoch_0", "simple_noun30", "val"], "values": [{"value": 0.5120967626571655, "step": null, "ts": 1741279773.900584}]}, "version": 260, "at": 1741279773.9005911}
{"obj": {"type": "LogFloats", "path": ["detailed_metrics", "epoch_0", "less_noun2", "train"], "values": [{"value": 0.4739336371421814, "step": null, "ts": 1741279773.900641}]}, "version": 261, "at": 1741279773.9006479}
{"obj": {"type": "LogFloats", "path": ["detailed_metrics", "epoch_0", "less_noun2", "val"], "values": [{"value": 0.5120967626571655, "step": null, "ts": 1741279773.900696}]}, "version": 262, "at": 1741279773.900704}
{"obj": {"type": "LogFloats", "path": ["detailed_metrics", "epoch_0", "less_noun3", "train"], "values": [{"value": 0.4739336371421814, "step": null, "ts": 1741279773.9007528}]}, "version": 263, "at": 1741279773.9007602}
{"obj": {"type": "LogFloats", "path": ["detailed_metrics", "epoch_0", "less_noun3", "val"], "values": [{"value": 0.5120967626571655, "step": null, "ts": 1741279773.900813}]}, "version": 264, "at": 1741279773.90082}
{"obj": {"type": "LogFloats", "path": ["detailed_metrics", "epoch_0", "less_noun4", "train"], "values": [{"value": 0.4739336371421814, "step": null, "ts": 1741279773.9008691}]}, "version": 265, "at": 1741279773.900876}
{"obj": {"type": "LogFloats", "path": ["detailed_metrics", "epoch_0", "less_noun4", "val"], "values": [{"value": 0.5120967626571655, "step": null, "ts": 1741279773.9009228}]}, "version": 266, "at": 1741279773.9009302}
{"obj": {"type": "LogFloats", "path": ["detailed_metrics", "epoch_0", "less_noun5", "train"], "values": [{"value": 0.4739336371421814, "step": null, "ts": 1741279773.900983}]}, "version": 267, "at": 1741279773.90099}
{"obj": {"type": "LogFloats", "path": ["detailed_metrics", "epoch_0", "less_noun5", "val"], "values": [{"value": 0.5120967626571655, "step": null, "ts": 1741279773.901036}]}, "version": 268, "at": 1741279773.901044}
{"obj": {"type": "LogFloats", "path": ["detailed_metrics", "epoch_0", "less_noun6", "train"], "values": [{"value": 0.4739336371421814, "step": null, "ts": 1741279773.901092}]}, "version": 269, "at": 1741279773.9011}
{"obj": {"type": "LogFloats", "path": ["detailed_metrics", "epoch_0", "less_noun6", "val"], "values": [{"value": 0.5120967626571655, "step": null, "ts": 1741279773.901152}]}, "version": 270, "at": 1741279773.9011588}
{"obj": {"type": "LogFloats", "path": ["detailed_metrics", "epoch_0", "less_noun7", "train"], "values": [{"value": 0.4739336371421814, "step": null, "ts": 1741279773.901209}]}, "version": 271, "at": 1741279773.901216}
{"obj": {"type": "LogFloats", "path": ["detailed_metrics", "epoch_0", "less_noun7", "val"], "values": [{"value": 0.5120967626571655, "step": null, "ts": 1741279773.901264}]}, "version": 272, "at": 1741279773.901272}
{"obj": {"type": "LogFloats", "path": ["detailed_metrics", "epoch_0", "less_noun8", "train"], "values": [{"value": 0.4739336371421814, "step": null, "ts": 1741279773.901321}]}, "version": 273, "at": 1741279773.9013288}
{"obj": {"type": "LogFloats", "path": ["detailed_metrics", "epoch_0", "less_noun8", "val"], "values": [{"value": 0.5120967626571655, "step": null, "ts": 1741279773.901381}]}, "version": 274, "at": 1741279773.901388}
{"obj": {"type": "LogFloats", "path": ["detailed_metrics", "epoch_0", "less_noun9", "train"], "values": [{"value": 0.4739336371421814, "step": null, "ts": 1741279773.901437}]}, "version": 275, "at": 1741279773.9014452}
{"obj": {"type": "LogFloats", "path": ["detailed_metrics", "epoch_0", "less_noun9", "val"], "values": [{"value": 0.5120967626571655, "step": null, "ts": 1741279773.901493}]}, "version": 276, "at": 1741279773.901501}
{"obj": {"type": "LogFloats", "path": ["detailed_metrics", "epoch_0", "less_noun10", "train"], "values": [{"value": 0.4739336371421814, "step": null, "ts": 1741279773.90155}]}, "version": 277, "at": 1741279773.901558}
{"obj": {"type": "LogFloats", "path": ["detailed_metrics", "epoch_0", "less_noun10", "val"], "values": [{"value": 0.5120967626571655, "step": null, "ts": 1741279773.9016058}]}, "version": 278, "at": 1741279773.901613}
{"obj": {"type": "LogFloats", "path": ["detailed_metrics", "epoch_0", "less_noun11", "train"], "values": [{"value": 0.4739336371421814, "step": null, "ts": 1741279773.9016619}]}, "version": 279, "at": 1741279773.90167}
{"obj": {"type": "LogFloats", "path": ["detailed_metrics", "epoch_0", "less_noun11", "val"], "values": [{"value": 0.5120967626571655, "step": null, "ts": 1741279773.901717}]}, "version": 280, "at": 1741279773.9017248}
{"obj": {"type": "LogFloats", "path": ["detailed_metrics", "epoch_0", "less_noun12", "train"], "values": [{"value": 0.4739336371421814, "step": null, "ts": 1741279773.9017742}]}, "version": 281, "at": 1741279773.901781}
{"obj": {"type": "LogFloats", "path": ["detailed_metrics", "epoch_0", "less_noun12", "val"], "values": [{"value": 0.5120967626571655, "step": null, "ts": 1741279773.901829}]}, "version": 282, "at": 1741279773.901836}
{"obj": {"type": "LogFloats", "path": ["detailed_metrics", "epoch_0", "less_noun13", "train"], "values": [{"value": 0.4739336371421814, "step": null, "ts": 1741279773.901901}]}, "version": 283, "at": 1741279773.9019089}
{"obj": {"type": "LogFloats", "path": ["detailed_metrics", "epoch_0", "less_noun13", "val"], "values": [{"value": 0.5120967626571655, "step": null, "ts": 1741279773.901956}]}, "version": 284, "at": 1741279773.901964}
{"obj": {"type": "LogFloats", "path": ["detailed_metrics", "epoch_0", "less_noun14", "train"], "values": [{"value": 0.4739336371421814, "step": null, "ts": 1741279773.9020119}]}, "version": 285, "at": 1741279773.90202}
{"obj": {"type": "LogFloats", "path": ["detailed_metrics", "epoch_0", "less_noun14", "val"], "values": [{"value": 0.5120967626571655, "step": null, "ts": 1741279773.902066}]}, "version": 286, "at": 1741279773.902074}
{"obj": {"type": "LogFloats", "path": ["detailed_metrics", "epoch_0", "less_noun15", "train"], "values": [{"value": 0.4739336371421814, "step": null, "ts": 1741279773.902122}]}, "version": 287, "at": 1741279773.902129}
{"obj": {"type": "LogFloats", "path": ["detailed_metrics", "epoch_0", "less_noun15", "val"], "values": [{"value": 0.5120967626571655, "step": null, "ts": 1741279773.902175}]}, "version": 288, "at": 1741279773.9021828}
{"obj": {"type": "LogFloats", "path": ["detailed_metrics", "epoch_0", "less_noun16", "train"], "values": [{"value": 0.4739336371421814, "step": null, "ts": 1741279773.902231}]}, "version": 289, "at": 1741279773.902239}
{"obj": {"type": "LogFloats", "path": ["detailed_metrics", "epoch_0", "less_noun16", "val"], "values": [{"value": 0.5120967626571655, "step": null, "ts": 1741279773.902285}]}, "version": 290, "at": 1741279773.902292}
{"obj": {"type": "LogFloats", "path": ["detailed_metrics", "epoch_0", "less_noun17", "train"], "values": [{"value": 0.4739336371421814, "step": null, "ts": 1741279773.902349}]}, "version": 291, "at": 1741279773.902357}
{"obj": {"type": "LogFloats", "path": ["detailed_metrics", "epoch_0", "less_noun17", "val"], "values": [{"value": 0.5120967626571655, "step": null, "ts": 1741279773.902417}]}, "version": 292, "at": 1741279773.902426}
{"obj": {"type": "LogFloats", "path": ["detailed_metrics", "epoch_0", "less_noun18", "train"], "values": [{"value": 0.4739336371421814, "step": null, "ts": 1741279773.902475}]}, "version": 293, "at": 1741279773.902482}
{"obj": {"type": "LogFloats", "path": ["detailed_metrics", "epoch_0", "less_noun18", "val"], "values": [{"value": 0.5120967626571655, "step": null, "ts": 1741279773.902529}]}, "version": 294, "at": 1741279773.9025369}
{"obj": {"type": "LogFloats", "path": ["detailed_metrics", "epoch_0", "less_noun19", "train"], "values": [{"value": 0.4739336371421814, "step": null, "ts": 1741279773.9025862}]}, "version": 295, "at": 1741279773.902594}
{"obj": {"type": "LogFloats", "path": ["detailed_metrics", "epoch_0", "less_noun19", "val"], "values": [{"value": 0.5120967626571655, "step": null, "ts": 1741279773.902644}]}, "version": 296, "at": 1741279773.9026508}
{"obj": {"type": "LogFloats", "path": ["detailed_metrics", "epoch_0", "less_noun20", "train"], "values": [{"value": 0.4739336371421814, "step": null, "ts": 1741279773.9027}]}, "version": 297, "at": 1741279773.902708}
{"obj": {"type": "LogFloats", "path": ["detailed_metrics", "epoch_0", "less_noun20", "val"], "values": [{"value": 0.5120967626571655, "step": null, "ts": 1741279773.902755}]}, "version": 298, "at": 1741279773.902763}
{"obj": {"type": "LogFloats", "path": ["detailed_metrics", "epoch_0", "less_noun21", "train"], "values": [{"value": 0.4739336371421814, "step": null, "ts": 1741279773.9028108}]}, "version": 299, "at": 1741279773.9028192}
{"obj": {"type": "LogFloats", "path": ["detailed_metrics", "epoch_0", "less_noun21", "val"], "values": [{"value": 0.5120967626571655, "step": null, "ts": 1741279773.902866}]}, "version": 300, "at": 1741279773.902873}
{"obj": {"type": "LogFloats", "path": ["detailed_metrics", "epoch_0", "less_noun22", "train"], "values": [{"value": 0.4739336371421814, "step": null, "ts": 1741279773.902922}]}, "version": 301, "at": 1741279773.90293}
{"obj": {"type": "LogFloats", "path": ["detailed_metrics", "epoch_0", "less_noun22", "val"], "values": [{"value": 0.5120967626571655, "step": null, "ts": 1741279773.902977}]}, "version": 302, "at": 1741279773.9029849}
{"obj": {"type": "LogFloats", "path": ["detailed_metrics", "epoch_0", "less_noun23", "train"], "values": [{"value": 0.4739336371421814, "step": null, "ts": 1741279773.9030342}]}, "version": 303, "at": 1741279773.9030411}
{"obj": {"type": "LogFloats", "path": ["detailed_metrics", "epoch_0", "less_noun23", "val"], "values": [{"value": 0.5120967626571655, "step": null, "ts": 1741279773.903095}]}, "version": 304, "at": 1741279773.9031029}
{"obj": {"type": "LogFloats", "path": ["detailed_metrics", "epoch_0", "less_noun24", "train"], "values": [{"value": 0.4739336371421814, "step": null, "ts": 1741279773.90317}]}, "version": 305, "at": 1741279773.903178}
{"obj": {"type": "LogFloats", "path": ["detailed_metrics", "epoch_0", "less_noun24", "val"], "values": [{"value": 0.5120967626571655, "step": null, "ts": 1741279773.9032261}]}, "version": 306, "at": 1741279773.903234}
{"obj": {"type": "LogFloats", "path": ["detailed_metrics", "epoch_0", "less_noun25", "train"], "values": [{"value": 0.4739336371421814, "step": null, "ts": 1741279773.903284}]}, "version": 307, "at": 1741279773.903291}
{"obj": {"type": "LogFloats", "path": ["detailed_metrics", "epoch_0", "less_noun25", "val"], "values": [{"value": 0.5120967626571655, "step": null, "ts": 1741279773.903339}]}, "version": 308, "at": 1741279773.9033458}
{"obj": {"type": "LogFloats", "path": ["detailed_metrics", "epoch_0", "less_noun26", "train"], "values": [{"value": 0.4739336371421814, "step": null, "ts": 1741279773.903394}]}, "version": 309, "at": 1741279773.903402}
{"obj": {"type": "LogFloats", "path": ["detailed_metrics", "epoch_0", "less_noun26", "val"], "values": [{"value": 0.5120967626571655, "step": null, "ts": 1741279773.903449}]}, "version": 310, "at": 1741279773.903457}
{"obj": {"type": "LogFloats", "path": ["detailed_metrics", "epoch_0", "less_noun27", "train"], "values": [{"value": 0.4739336371421814, "step": null, "ts": 1741279773.9035058}]}, "version": 311, "at": 1741279773.9035132}
{"obj": {"type": "LogFloats", "path": ["detailed_metrics", "epoch_0", "less_noun27", "val"], "values": [{"value": 0.5120967626571655, "step": null, "ts": 1741279773.903562}]}, "version": 312, "at": 1741279773.90357}
{"obj": {"type": "LogFloats", "path": ["detailed_metrics", "epoch_0", "less_noun28", "train"], "values": [{"value": 0.4739336371421814, "step": null, "ts": 1741279773.903619}]}, "version": 313, "at": 1741279773.903627}
{"obj": {"type": "LogFloats", "path": ["detailed_metrics", "epoch_0", "less_noun28", "val"], "values": [{"value": 0.5120967626571655, "step": null, "ts": 1741279773.9036748}]}, "version": 314, "at": 1741279773.9036832}
{"obj": {"type": "LogFloats", "path": ["detailed_metrics", "epoch_0", "less_noun29", "train"], "values": [{"value": 0.4739336371421814, "step": null, "ts": 1741279773.903732}]}, "version": 315, "at": 1741279773.90374}
{"obj": {"type": "LogFloats", "path": ["detailed_metrics", "epoch_0", "less_noun29", "val"], "values": [{"value": 0.5120967626571655, "step": null, "ts": 1741279773.903789}]}, "version": 316, "at": 1741279773.903797}
{"obj": {"type": "LogFloats", "path": ["detailed_metrics", "epoch_0", "less_noun30", "train"], "values": [{"value": 0.4739336371421814, "step": null, "ts": 1741279773.9038458}]}, "version": 317, "at": 1741279773.9038541}
{"obj": {"type": "LogFloats", "path": ["detailed_metrics", "epoch_0", "less_noun30", "val"], "values": [{"value": 0.5120967626571655, "step": null, "ts": 1741279773.9039118}]}, "version": 318, "at": 1741279773.9039202}
{"obj": {"type": "LogFloats", "path": ["main_plots", "train_loss"], "values": [{"value": 1.1955344253241733, "step": 0, "ts": 1741279773.904012}]}, "version": 319, "at": 1741279773.904022}
{"obj": {"type": "LogFloats", "path": ["main_plots", "train_accuracy"], "values": [{"value": 0.4834123222748815, "step": 0, "ts": 1741279773.904096}]}, "version": 320, "at": 1741279773.904104}
{"obj": {"type": "LogFloats", "path": ["main_plots", "val_loss"], "values": [{"value": 0.828059216981293, "step": 0, "ts": 1741279773.9041579}]}, "version": 321, "at": 1741279773.904165}
{"obj": {"type": "LogFloats", "path": ["main_plots", "val_accuracy"], "values": [{"value": 0.5120967741935484, "step": 0, "ts": 1741279773.9042351}]}, "version": 322, "at": 1741279773.904243}
{"obj": {"type": "UploadFile", "path": ["models", "best_model_epoch_0"], "ext": "pt", "file_path": "/Users/katerina__saiti/Downloads/4.2/following_qa/models/raw/all_2dir_transformer_model_SIM-11645_epoch_00.pt", "tmp_file_name": null, "clean_after_upload": false}, "version": 323, "at": 1741279773.9339058}
