{"obj": {"type": "AssignString", "path": ["sys", "name"], "value": "2dir_transformer_optimization"}, "version": 1, "at": 1741291686.8916018}
{"obj": {"type": "AssignString", "path": ["sys", "description"], "value": ""}, "version": 2, "at": 1741291686.891814}
{"obj": {"type": "AssignString", "path": ["monitoring", "69935a3c", "hostname"], "value": "Katerinas-MacBook-Air.local"}, "version": 3, "at": 1741291686.891901}
{"obj": {"type": "AssignString", "path": ["sys", "hostname"], "value": "Katerinas-MacBook-Air.local"}, "version": 4, "at": 1741291686.891968}
{"obj": {"type": "AssignString", "path": ["monitoring", "69935a3c", "pid"], "value": "3956"}, "version": 5, "at": 1741291686.892031}
{"obj": {"type": "AssignString", "path": ["monitoring", "69935a3c", "tid"], "value": "8071241408"}, "version": 6, "at": 1741291686.892093}
{"obj": {"type": "AddStrings", "path": ["sys", "tags"], "values": ["transformer", "optimization", "2dir"]}, "version": 7, "at": 1741291686.892162}
{"obj": {"type": "AssignBool", "path": ["sys", "failed"], "value": false}, "version": 8, "at": 1741291686.892212}
{"obj": {"type": "AssignString", "path": ["parameters", "dataset"], "value": "2dir"}, "version": 9, "at": 1741291686.9130821}
{"obj": {"type": "AssignString", "path": ["parameters", "framework"], "value": "transformer"}, "version": 10, "at": 1741291686.913184}
{"obj": {"type": "AssignBool", "path": ["parameters", "optimization"], "value": true}, "version": 11, "at": 1741291686.91324}
{"obj": {"type": "LogFloats", "path": ["metrics", "train_loss"], "values": [{"value": 1.5374059991836548, "step": 0, "ts": 1741291699.856063}]}, "version": 12, "at": 1741291699.8561962}
{"obj": {"type": "LogFloats", "path": ["metrics", "train_accuracy"], "values": [{"value": 0.54, "step": 0, "ts": 1741291699.856663}]}, "version": 13, "at": 1741291699.856684}
{"obj": {"type": "LogFloats", "path": ["metrics", "val_loss"], "values": [{"value": 1.4397960696901595, "step": 0, "ts": 1741291699.8573089}]}, "version": 14, "at": 1741291699.857366}
{"obj": {"type": "LogFloats", "path": ["metrics", "val_accuracy"], "values": [{"value": 0.5857142857142857, "step": 0, "ts": 1741291699.858432}]}, "version": 15, "at": 1741291699.858489}
{"obj": {"type": "LogFloats", "path": ["training_accuracy", "total"], "values": [{"value": 0.54, "step": 0, "ts": 1741291699.859081}]}, "version": 16, "at": 1741291699.859123}
{"obj": {"type": "LogFloats", "path": ["validation_accuracy", "total"], "values": [{"value": 0.5857142857142857, "step": 0, "ts": 1741291699.85923}]}, "version": 17, "at": 1741291699.8592799}
{"obj": {"type": "LogFloats", "path": ["best", "current_best_epoch"], "values": [{"value": 0.0, "step": null, "ts": 1741291717.796374}]}, "version": 18, "at": 1741291717.796619}
{"obj": {"type": "LogFloats", "path": ["best", "current_best_val_accuracy"], "values": [{"value": 0.5857142857142857, "step": null, "ts": 1741291717.798028}]}, "version": 19, "at": 1741291717.7980502}
{"obj": {"type": "LogFloats", "path": ["top_epochs", "rank_1_epoch"], "values": [{"value": 0.0, "step": null, "ts": 1741291717.7982368}]}, "version": 20, "at": 1741291717.798253}
{"obj": {"type": "LogFloats", "path": ["top_epochs", "rank_1_accuracy"], "values": [{"value": 0.5857142857142857, "step": null, "ts": 1741291717.798348}]}, "version": 21, "at": 1741291717.798362}
{"obj": {"type": "UploadFile", "path": ["models", "model_checkpoints", "epoch_0"], "ext": "pt", "file_path": "/Users/katerina__saiti/Downloads/4.2/following_qa/model_epoch_00.pt", "tmp_file_name": null, "clean_after_upload": false}, "version": 22, "at": 1741291718.047385}
{"obj": {"type": "LogFloats", "path": ["detailed_metrics", "epoch_0", "superdense_noun0", "train"], "values": [{"value": 0.4880000054836273, "step": null, "ts": 1741291718.047611}]}, "version": 23, "at": 1741291718.047633}
{"obj": {"type": "LogFloats", "path": ["detailed_metrics", "epoch_0", "superdense_noun0", "val"], "values": [{"value": 0.5857142806053162, "step": null, "ts": 1741291718.04785}]}, "version": 24, "at": 1741291718.047864}
{"obj": {"type": "LogFloats", "path": ["detailed_metrics", "epoch_0", "dense_noun0", "train"], "values": [{"value": 0.4880000054836273, "step": null, "ts": 1741291718.04794}]}, "version": 25, "at": 1741291718.04795}
{"obj": {"type": "LogFloats", "path": ["detailed_metrics", "epoch_0", "dense_noun0", "val"], "values": [{"value": 0.5857142806053162, "step": null, "ts": 1741291718.048013}]}, "version": 26, "at": 1741291718.048022}
{"obj": {"type": "LogFloats", "path": ["detailed_metrics", "epoch_0", "less_noun0", "train"], "values": [{"value": 0.4880000054836273, "step": null, "ts": 1741291718.048079}]}, "version": 27, "at": 1741291718.048088}
{"obj": {"type": "LogFloats", "path": ["detailed_metrics", "epoch_0", "less_noun0", "val"], "values": [{"value": 0.5857142806053162, "step": null, "ts": 1741291718.0481431}]}, "version": 28, "at": 1741291718.048152}
{"obj": {"type": "LogFloats", "path": ["detailed_metrics", "epoch_0", "deeper_noun0", "train"], "values": [{"value": 0.4880000054836273, "step": null, "ts": 1741291718.0482078}]}, "version": 29, "at": 1741291718.048216}
{"obj": {"type": "LogFloats", "path": ["detailed_metrics", "epoch_0", "deeper_noun0", "val"], "values": [{"value": 0.5857142806053162, "step": null, "ts": 1741291718.0482712}]}, "version": 30, "at": 1741291718.048279}
{"obj": {"type": "LogFloats", "path": ["detailed_metrics", "epoch_0", "simple_noun0", "train"], "values": [{"value": 0.4880000054836273, "step": null, "ts": 1741291718.048413}]}, "version": 31, "at": 1741291718.0484312}
{"obj": {"type": "LogFloats", "path": ["detailed_metrics", "epoch_0", "simple_noun0", "val"], "values": [{"value": 0.5857142806053162, "step": null, "ts": 1741291718.048515}]}, "version": 32, "at": 1741291718.048526}
{"obj": {"type": "LogFloats", "path": ["main_plots", "train_loss"], "values": [{"value": 1.5374059991836548, "step": 0, "ts": 1741291718.0486982}]}, "version": 33, "at": 1741291718.0487092}
{"obj": {"type": "LogFloats", "path": ["main_plots", "train_accuracy"], "values": [{"value": 0.54, "step": 0, "ts": 1741291718.048779}]}, "version": 34, "at": 1741291718.048788}
{"obj": {"type": "LogFloats", "path": ["main_plots", "val_loss"], "values": [{"value": 1.4397960696901595, "step": 0, "ts": 1741291718.048845}]}, "version": 35, "at": 1741291718.048854}
{"obj": {"type": "LogFloats", "path": ["main_plots", "val_accuracy"], "values": [{"value": 0.5857142857142857, "step": 0, "ts": 1741291718.048909}]}, "version": 36, "at": 1741291718.048917}
{"obj": {"type": "UploadFile", "path": ["models", "best_model_epoch_0"], "ext": "pt", "file_path": "/Users/katerina__saiti/Downloads/4.2/following_qa/models/raw/2dir_transformer_model_SIM-11669_epoch_00.pt", "tmp_file_name": null, "clean_after_upload": false}, "version": 37, "at": 1741291718.321901}
{"obj": {"type": "LogFloats", "path": ["metrics", "train_loss"], "values": [{"value": 1.5533196506500244, "step": 1, "ts": 1741291735.6876302}]}, "version": 38, "at": 1741291735.6878972}
{"obj": {"type": "LogFloats", "path": ["metrics", "train_accuracy"], "values": [{"value": 0.532, "step": 1, "ts": 1741291735.688394}]}, "version": 39, "at": 1741291735.688421}
{"obj": {"type": "LogFloats", "path": ["metrics", "val_loss"], "values": [{"value": 1.021938931941986, "step": 1, "ts": 1741291735.688939}]}, "version": 40, "at": 1741291735.688961}
{"obj": {"type": "LogFloats", "path": ["metrics", "val_accuracy"], "values": [{"value": 0.5714285714285714, "step": 1, "ts": 1741291735.689402}]}, "version": 41, "at": 1741291735.689439}
{"obj": {"type": "LogFloats", "path": ["training_accuracy", "total"], "values": [{"value": 0.532, "step": 1, "ts": 1741291735.689802}]}, "version": 42, "at": 1741291735.689822}
{"obj": {"type": "LogFloats", "path": ["validation_accuracy", "total"], "values": [{"value": 0.5714285714285714, "step": 1, "ts": 1741291735.689954}]}, "version": 43, "at": 1741291735.689971}
{"obj": {"type": "LogFloats", "path": ["top_epochs", "rank_1_epoch"], "values": [{"value": 0.0, "step": null, "ts": 1741291754.030287}]}, "version": 44, "at": 1741291754.030543}
{"obj": {"type": "LogFloats", "path": ["top_epochs", "rank_1_accuracy"], "values": [{"value": 0.5857142857142857, "step": null, "ts": 1741291754.031769}]}, "version": 45, "at": 1741291754.0318038}
{"obj": {"type": "LogFloats", "path": ["top_epochs", "rank_2_epoch"], "values": [{"value": 1.0, "step": null, "ts": 1741291754.03211}]}, "version": 46, "at": 1741291754.032129}
{"obj": {"type": "LogFloats", "path": ["top_epochs", "rank_2_accuracy"], "values": [{"value": 0.5714285714285714, "step": null, "ts": 1741291754.032233}]}, "version": 47, "at": 1741291754.032247}
{"obj": {"type": "UploadFile", "path": ["models", "model_checkpoints", "epoch_1"], "ext": "pt", "file_path": "/Users/katerina__saiti/Downloads/4.2/following_qa/model_epoch_01.pt", "tmp_file_name": null, "clean_after_upload": false}, "version": 48, "at": 1741291754.356683}
{"obj": {"type": "LogFloats", "path": ["detailed_metrics", "epoch_1", "superdense_noun0", "train"], "values": [{"value": 0.4959999918937683, "step": null, "ts": 1741291754.356908}]}, "version": 49, "at": 1741291754.356926}
{"obj": {"type": "LogFloats", "path": ["detailed_metrics", "epoch_1", "superdense_noun0", "val"], "values": [{"value": 0.5714285969734192, "step": null, "ts": 1741291754.357145}]}, "version": 50, "at": 1741291754.3571599}
{"obj": {"type": "LogFloats", "path": ["detailed_metrics", "epoch_1", "dense_noun0", "train"], "values": [{"value": 0.4959999918937683, "step": null, "ts": 1741291754.357291}]}, "version": 51, "at": 1741291754.357302}
{"obj": {"type": "LogFloats", "path": ["detailed_metrics", "epoch_1", "dense_noun0", "val"], "values": [{"value": 0.5714285969734192, "step": null, "ts": 1741291754.3573592}]}, "version": 52, "at": 1741291754.357368}
{"obj": {"type": "LogFloats", "path": ["detailed_metrics", "epoch_1", "less_noun0", "train"], "values": [{"value": 0.4959999918937683, "step": null, "ts": 1741291754.35742}]}, "version": 53, "at": 1741291754.357428}
{"obj": {"type": "LogFloats", "path": ["detailed_metrics", "epoch_1", "less_noun0", "val"], "values": [{"value": 0.5714285969734192, "step": null, "ts": 1741291754.3574772}]}, "version": 54, "at": 1741291754.357485}
{"obj": {"type": "LogFloats", "path": ["detailed_metrics", "epoch_1", "deeper_noun0", "train"], "values": [{"value": 0.4959999918937683, "step": null, "ts": 1741291754.3575318}]}, "version": 55, "at": 1741291754.3575401}
{"obj": {"type": "LogFloats", "path": ["detailed_metrics", "epoch_1", "deeper_noun0", "val"], "values": [{"value": 0.5714285969734192, "step": null, "ts": 1741291754.357586}]}, "version": 56, "at": 1741291754.357593}
{"obj": {"type": "LogFloats", "path": ["detailed_metrics", "epoch_1", "simple_noun0", "train"], "values": [{"value": 0.4959999918937683, "step": null, "ts": 1741291754.35764}]}, "version": 57, "at": 1741291754.357648}
{"obj": {"type": "LogFloats", "path": ["detailed_metrics", "epoch_1", "simple_noun0", "val"], "values": [{"value": 0.5714285969734192, "step": null, "ts": 1741291754.357693}]}, "version": 58, "at": 1741291754.3577}
{"obj": {"type": "LogFloats", "path": ["main_plots", "train_loss"], "values": [{"value": 1.5533196506500244, "step": 1, "ts": 1741291754.357785}]}, "version": 59, "at": 1741291754.357793}
{"obj": {"type": "LogFloats", "path": ["main_plots", "train_accuracy"], "values": [{"value": 0.532, "step": 1, "ts": 1741291754.357834}]}, "version": 60, "at": 1741291754.357841}
{"obj": {"type": "LogFloats", "path": ["main_plots", "val_loss"], "values": [{"value": 1.021938931941986, "step": 1, "ts": 1741291754.357877}]}, "version": 61, "at": 1741291754.357883}
{"obj": {"type": "LogFloats", "path": ["main_plots", "val_accuracy"], "values": [{"value": 0.5714285714285714, "step": 1, "ts": 1741291754.357918}]}, "version": 62, "at": 1741291754.3579252}
{"obj": {"type": "LogFloats", "path": ["metrics", "train_loss"], "values": [{"value": 1.5702453994750976, "step": 2, "ts": 1741291769.985493}]}, "version": 63, "at": 1741291769.985703}
{"obj": {"type": "LogFloats", "path": ["metrics", "train_accuracy"], "values": [{"value": 0.508, "step": 2, "ts": 1741291769.986274}]}, "version": 64, "at": 1741291769.986308}
{"obj": {"type": "LogFloats", "path": ["metrics", "val_loss"], "values": [{"value": 1.3964786001614162, "step": 2, "ts": 1741291769.987295}]}, "version": 65, "at": 1741291769.987343}
{"obj": {"type": "LogFloats", "path": ["metrics", "val_accuracy"], "values": [{"value": 0.38571428571428573, "step": 2, "ts": 1741291769.988101}]}, "version": 66, "at": 1741291769.9881349}
{"obj": {"type": "LogFloats", "path": ["training_accuracy", "total"], "values": [{"value": 0.508, "step": 2, "ts": 1741291769.988278}]}, "version": 67, "at": 1741291769.988325}
{"obj": {"type": "LogFloats", "path": ["validation_accuracy", "total"], "values": [{"value": 0.38571428571428573, "step": 2, "ts": 1741291769.9887109}]}, "version": 68, "at": 1741291769.988835}
{"obj": {"type": "LogFloats", "path": ["top_epochs", "rank_1_epoch"], "values": [{"value": 0.0, "step": null, "ts": 1741291785.678994}]}, "version": 69, "at": 1741291785.679328}
{"obj": {"type": "LogFloats", "path": ["top_epochs", "rank_1_accuracy"], "values": [{"value": 0.5857142857142857, "step": null, "ts": 1741291785.680694}]}, "version": 70, "at": 1741291785.680728}
{"obj": {"type": "LogFloats", "path": ["top_epochs", "rank_2_epoch"], "values": [{"value": 1.0, "step": null, "ts": 1741291785.680852}]}, "version": 71, "at": 1741291785.6808698}
{"obj": {"type": "LogFloats", "path": ["top_epochs", "rank_2_accuracy"], "values": [{"value": 0.5714285714285714, "step": null, "ts": 1741291785.680953}]}, "version": 72, "at": 1741291785.680968}
{"obj": {"type": "LogFloats", "path": ["top_epochs", "rank_3_epoch"], "values": [{"value": 2.0, "step": null, "ts": 1741291785.681185}]}, "version": 73, "at": 1741291785.681199}
{"obj": {"type": "LogFloats", "path": ["top_epochs", "rank_3_accuracy"], "values": [{"value": 0.38571428571428573, "step": null, "ts": 1741291785.6812859}]}, "version": 74, "at": 1741291785.681299}
{"obj": {"type": "UploadFile", "path": ["models", "model_checkpoints", "epoch_2"], "ext": "pt", "file_path": "/Users/katerina__saiti/Downloads/4.2/following_qa/model_epoch_02.pt", "tmp_file_name": null, "clean_after_upload": false}, "version": 75, "at": 1741291785.972995}
{"obj": {"type": "LogFloats", "path": ["detailed_metrics", "epoch_2", "superdense_noun0", "train"], "values": [{"value": 0.527999997138977, "step": null, "ts": 1741291785.973258}]}, "version": 76, "at": 1741291785.973284}
{"obj": {"type": "LogFloats", "path": ["detailed_metrics", "epoch_2", "superdense_noun0", "val"], "values": [{"value": 0.3857142925262451, "step": null, "ts": 1741291785.9733849}]}, "version": 77, "at": 1741291785.97347}
{"obj": {"type": "LogFloats", "path": ["detailed_metrics", "epoch_2", "dense_noun0", "train"], "values": [{"value": 0.527999997138977, "step": null, "ts": 1741291785.973779}]}, "version": 78, "at": 1741291785.9737978}
{"obj": {"type": "LogFloats", "path": ["detailed_metrics", "epoch_2", "dense_noun0", "val"], "values": [{"value": 0.3857142925262451, "step": null, "ts": 1741291785.9738932}]}, "version": 79, "at": 1741291785.9739048}
{"obj": {"type": "LogFloats", "path": ["detailed_metrics", "epoch_2", "less_noun0", "train"], "values": [{"value": 0.527999997138977, "step": null, "ts": 1741291785.973977}]}, "version": 80, "at": 1741291785.973987}
{"obj": {"type": "LogFloats", "path": ["detailed_metrics", "epoch_2", "less_noun0", "val"], "values": [{"value": 0.3857142925262451, "step": null, "ts": 1741291785.974046}]}, "version": 81, "at": 1741291785.9740548}
{"obj": {"type": "LogFloats", "path": ["detailed_metrics", "epoch_2", "deeper_noun0", "train"], "values": [{"value": 0.527999997138977, "step": null, "ts": 1741291785.974113}]}, "version": 82, "at": 1741291785.974122}
{"obj": {"type": "LogFloats", "path": ["detailed_metrics", "epoch_2", "deeper_noun0", "val"], "values": [{"value": 0.3857142925262451, "step": null, "ts": 1741291785.974178}]}, "version": 83, "at": 1741291785.974186}
{"obj": {"type": "LogFloats", "path": ["detailed_metrics", "epoch_2", "simple_noun0", "train"], "values": [{"value": 0.527999997138977, "step": null, "ts": 1741291785.974244}]}, "version": 84, "at": 1741291785.974252}
{"obj": {"type": "LogFloats", "path": ["detailed_metrics", "epoch_2", "simple_noun0", "val"], "values": [{"value": 0.3857142925262451, "step": null, "ts": 1741291785.974303}]}, "version": 85, "at": 1741291785.9743109}
{"obj": {"type": "LogFloats", "path": ["main_plots", "train_loss"], "values": [{"value": 1.5702453994750976, "step": 2, "ts": 1741291785.974427}]}, "version": 86, "at": 1741291785.9744508}
{"obj": {"type": "LogFloats", "path": ["main_plots", "train_accuracy"], "values": [{"value": 0.508, "step": 2, "ts": 1741291785.974567}]}, "version": 87, "at": 1741291785.974585}
{"obj": {"type": "LogFloats", "path": ["main_plots", "val_loss"], "values": [{"value": 1.3964786001614162, "step": 2, "ts": 1741291785.974643}]}, "version": 88, "at": 1741291785.974654}
{"obj": {"type": "LogFloats", "path": ["main_plots", "val_accuracy"], "values": [{"value": 0.38571428571428573, "step": 2, "ts": 1741291785.974699}]}, "version": 89, "at": 1741291785.974709}
{"obj": {"type": "LogFloats", "path": ["best", "final_best_epoch"], "values": [{"value": 0.0, "step": null, "ts": 1741291785.9778812}]}, "version": 90, "at": 1741291785.9779441}
{"obj": {"type": "LogFloats", "path": ["best", "final_best_val_accuracy"], "values": [{"value": 0.5857142857142857, "step": null, "ts": 1741291785.9785569}]}, "version": 91, "at": 1741291785.9786081}
{"obj": {"type": "LogFloats", "path": ["detailed_metrics", "epoch_0", "superdense_noun0", "train"], "values": [{"value": 0.4880000054836273, "step": null, "ts": 1741291785.979182}]}, "version": 92, "at": 1741291785.979212}
{"obj": {"type": "LogFloats", "path": ["detailed_metrics", "epoch_0", "superdense_noun0", "val"], "values": [{"value": 0.5857142806053162, "step": null, "ts": 1741291785.979306}]}, "version": 93, "at": 1741291785.97932}
{"obj": {"type": "LogFloats", "path": ["detailed_metrics", "epoch_0", "dense_noun0", "train"], "values": [{"value": 0.4880000054836273, "step": null, "ts": 1741291785.979487}]}, "version": 94, "at": 1741291785.979497}
{"obj": {"type": "LogFloats", "path": ["detailed_metrics", "epoch_0", "dense_noun0", "val"], "values": [{"value": 0.5857142806053162, "step": null, "ts": 1741291785.979543}]}, "version": 95, "at": 1741291785.979554}
{"obj": {"type": "LogFloats", "path": ["detailed_metrics", "epoch_0", "less_noun0", "train"], "values": [{"value": 0.4880000054836273, "step": null, "ts": 1741291785.9796}]}, "version": 96, "at": 1741291785.979608}
{"obj": {"type": "LogFloats", "path": ["detailed_metrics", "epoch_0", "less_noun0", "val"], "values": [{"value": 0.5857142806053162, "step": null, "ts": 1741291785.979647}]}, "version": 97, "at": 1741291785.979655}
{"obj": {"type": "LogFloats", "path": ["detailed_metrics", "epoch_0", "deeper_noun0", "train"], "values": [{"value": 0.4880000054836273, "step": null, "ts": 1741291785.9796932}]}, "version": 98, "at": 1741291785.979701}
{"obj": {"type": "LogFloats", "path": ["detailed_metrics", "epoch_0", "deeper_noun0", "val"], "values": [{"value": 0.5857142806053162, "step": null, "ts": 1741291785.979737}]}, "version": 99, "at": 1741291785.979745}
{"obj": {"type": "LogFloats", "path": ["detailed_metrics", "epoch_0", "simple_noun0", "train"], "values": [{"value": 0.4880000054836273, "step": null, "ts": 1741291785.979784}]}, "version": 100, "at": 1741291785.9797919}
{"obj": {"type": "LogFloats", "path": ["detailed_metrics", "epoch_0", "simple_noun0", "val"], "values": [{"value": 0.5857142806053162, "step": null, "ts": 1741291785.979847}]}, "version": 101, "at": 1741291785.979855}
{"obj": {"type": "LogFloats", "path": ["detailed_metrics", "epoch_1", "superdense_noun0", "train"], "values": [{"value": 0.4959999918937683, "step": null, "ts": 1741291785.979903}]}, "version": 102, "at": 1741291785.9799109}
{"obj": {"type": "LogFloats", "path": ["detailed_metrics", "epoch_1", "superdense_noun0", "val"], "values": [{"value": 0.5714285969734192, "step": null, "ts": 1741291785.979948}]}, "version": 103, "at": 1741291785.979956}
{"obj": {"type": "LogFloats", "path": ["detailed_metrics", "epoch_1", "dense_noun0", "train"], "values": [{"value": 0.4959999918937683, "step": null, "ts": 1741291785.979993}]}, "version": 104, "at": 1741291785.980001}
{"obj": {"type": "LogFloats", "path": ["detailed_metrics", "epoch_1", "dense_noun0", "val"], "values": [{"value": 0.5714285969734192, "step": null, "ts": 1741291785.980041}]}, "version": 105, "at": 1741291785.980049}
{"obj": {"type": "LogFloats", "path": ["detailed_metrics", "epoch_1", "less_noun0", "train"], "values": [{"value": 0.4959999918937683, "step": null, "ts": 1741291785.980085}]}, "version": 106, "at": 1741291785.980093}
{"obj": {"type": "LogFloats", "path": ["detailed_metrics", "epoch_1", "less_noun0", "val"], "values": [{"value": 0.5714285969734192, "step": null, "ts": 1741291785.980128}]}, "version": 107, "at": 1741291785.980136}
{"obj": {"type": "LogFloats", "path": ["detailed_metrics", "epoch_1", "deeper_noun0", "train"], "values": [{"value": 0.4959999918937683, "step": null, "ts": 1741291785.980296}]}, "version": 108, "at": 1741291785.980306}
{"obj": {"type": "LogFloats", "path": ["detailed_metrics", "epoch_1", "deeper_noun0", "val"], "values": [{"value": 0.5714285969734192, "step": null, "ts": 1741291785.980343}]}, "version": 109, "at": 1741291785.980352}
{"obj": {"type": "LogFloats", "path": ["detailed_metrics", "epoch_1", "simple_noun0", "train"], "values": [{"value": 0.4959999918937683, "step": null, "ts": 1741291785.980389}]}, "version": 110, "at": 1741291785.980397}
{"obj": {"type": "LogFloats", "path": ["detailed_metrics", "epoch_1", "simple_noun0", "val"], "values": [{"value": 0.5714285969734192, "step": null, "ts": 1741291785.980433}]}, "version": 111, "at": 1741291785.980441}
{"obj": {"type": "LogFloats", "path": ["detailed_metrics", "epoch_2", "superdense_noun0", "train"], "values": [{"value": 0.527999997138977, "step": null, "ts": 1741291785.9804852}]}, "version": 112, "at": 1741291785.980493}
{"obj": {"type": "LogFloats", "path": ["detailed_metrics", "epoch_2", "superdense_noun0", "val"], "values": [{"value": 0.3857142925262451, "step": null, "ts": 1741291785.98053}]}, "version": 113, "at": 1741291785.9805381}
{"obj": {"type": "LogFloats", "path": ["detailed_metrics", "epoch_2", "dense_noun0", "train"], "values": [{"value": 0.527999997138977, "step": null, "ts": 1741291785.980575}]}, "version": 114, "at": 1741291785.980583}
{"obj": {"type": "LogFloats", "path": ["detailed_metrics", "epoch_2", "dense_noun0", "val"], "values": [{"value": 0.3857142925262451, "step": null, "ts": 1741291785.980619}]}, "version": 115, "at": 1741291785.980627}
{"obj": {"type": "LogFloats", "path": ["detailed_metrics", "epoch_2", "less_noun0", "train"], "values": [{"value": 0.527999997138977, "step": null, "ts": 1741291785.980663}]}, "version": 116, "at": 1741291785.98067}
{"obj": {"type": "LogFloats", "path": ["detailed_metrics", "epoch_2", "less_noun0", "val"], "values": [{"value": 0.3857142925262451, "step": null, "ts": 1741291785.980706}]}, "version": 117, "at": 1741291785.980714}
{"obj": {"type": "LogFloats", "path": ["detailed_metrics", "epoch_2", "deeper_noun0", "train"], "values": [{"value": 0.527999997138977, "step": null, "ts": 1741291785.9807491}]}, "version": 118, "at": 1741291785.980758}
{"obj": {"type": "LogFloats", "path": ["detailed_metrics", "epoch_2", "deeper_noun0", "val"], "values": [{"value": 0.3857142925262451, "step": null, "ts": 1741291785.980793}]}, "version": 119, "at": 1741291785.980801}
{"obj": {"type": "LogFloats", "path": ["detailed_metrics", "epoch_2", "simple_noun0", "train"], "values": [{"value": 0.527999997138977, "step": null, "ts": 1741291785.980837}]}, "version": 120, "at": 1741291785.980844}
{"obj": {"type": "LogFloats", "path": ["detailed_metrics", "epoch_2", "simple_noun0", "val"], "values": [{"value": 0.3857142925262451, "step": null, "ts": 1741291785.980879}]}, "version": 121, "at": 1741291785.980887}
{"obj": {"type": "LogFloats", "path": ["summary", "top_epochs_count"], "values": [{"value": 3.0, "step": null, "ts": 1741291785.9810119}]}, "version": 122, "at": 1741291785.981022}
{"obj": {"type": "LogFloats", "path": ["summary", "top_1_epoch"], "values": [{"value": 0.0, "step": null, "ts": 1741291785.9810932}]}, "version": 123, "at": 1741291785.981102}
{"obj": {"type": "LogFloats", "path": ["summary", "top_1_accuracy"], "values": [{"value": 0.5857142857142857, "step": null, "ts": 1741291785.9811552}]}, "version": 124, "at": 1741291785.981163}
{"obj": {"type": "UploadFile", "path": ["models", "top_models", "rank_1_epoch_0"], "ext": "pt", "file_path": "/Users/katerina__saiti/Downloads/4.2/following_qa/models/raw/2dir_transformer_model_SIM-11669_epoch_00.pt", "tmp_file_name": null, "clean_after_upload": false}, "version": 125, "at": 1741291785.981348}
{"obj": {"type": "LogFloats", "path": ["summary", "top_2_epoch"], "values": [{"value": 1.0, "step": null, "ts": 1741291785.981427}]}, "version": 126, "at": 1741291785.981437}
{"obj": {"type": "LogFloats", "path": ["summary", "top_2_accuracy"], "values": [{"value": 0.5714285714285714, "step": null, "ts": 1741291785.981489}]}, "version": 127, "at": 1741291785.981497}
{"obj": {"type": "LogFloats", "path": ["summary", "top_3_epoch"], "values": [{"value": 2.0, "step": null, "ts": 1741291785.981598}]}, "version": 128, "at": 1741291785.981606}
{"obj": {"type": "LogFloats", "path": ["summary", "top_3_accuracy"], "values": [{"value": 0.38571428571428573, "step": null, "ts": 1741291785.98166}]}, "version": 129, "at": 1741291785.981668}
{"obj": {"type": "LogFloats", "path": ["summary", "best_val_accuracy"], "values": [{"value": 0.5857142857142857, "step": null, "ts": 1741291785.981739}]}, "version": 130, "at": 1741291785.981746}
{"obj": {"type": "LogFloats", "path": ["summary", "best_epoch"], "values": [{"value": 0.0, "step": null, "ts": 1741291785.981796}]}, "version": 131, "at": 1741291785.9818041}
{"obj": {"type": "LogFloats", "path": ["metrics", "train_loss"], "values": [{"value": 2.568151679992676, "step": 0, "ts": 1741291795.8559759}]}, "version": 132, "at": 1741291795.8561401}
{"obj": {"type": "LogFloats", "path": ["metrics", "train_accuracy"], "values": [{"value": 0.524, "step": 0, "ts": 1741291795.856666}]}, "version": 133, "at": 1741291795.8567019}
{"obj": {"type": "LogFloats", "path": ["metrics", "val_loss"], "values": [{"value": 1.4815281629562378, "step": 0, "ts": 1741291795.857572}]}, "version": 134, "at": 1741291795.8576052}
{"obj": {"type": "LogFloats", "path": ["metrics", "val_accuracy"], "values": [{"value": 0.35714285714285715, "step": 0, "ts": 1741291795.859753}]}, "version": 135, "at": 1741291795.8598442}
{"obj": {"type": "LogFloats", "path": ["training_accuracy", "total"], "values": [{"value": 0.524, "step": 0, "ts": 1741291795.8601558}]}, "version": 136, "at": 1741291795.860183}
{"obj": {"type": "LogFloats", "path": ["validation_accuracy", "total"], "values": [{"value": 0.35714285714285715, "step": 0, "ts": 1741291795.860441}]}, "version": 137, "at": 1741291795.8604622}
{"obj": {"type": "LogFloats", "path": ["best", "current_best_epoch"], "values": [{"value": 0.0, "step": null, "ts": 1741291805.785738}]}, "version": 138, "at": 1741291805.786011}
{"obj": {"type": "LogFloats", "path": ["best", "current_best_val_accuracy"], "values": [{"value": 0.35714285714285715, "step": null, "ts": 1741291805.787027}]}, "version": 139, "at": 1741291805.787055}
{"obj": {"type": "LogFloats", "path": ["top_epochs", "rank_1_epoch"], "values": [{"value": 0.0, "step": null, "ts": 1741291805.787213}]}, "version": 140, "at": 1741291805.787232}
{"obj": {"type": "LogFloats", "path": ["top_epochs", "rank_1_accuracy"], "values": [{"value": 0.35714285714285715, "step": null, "ts": 1741291805.787293}]}, "version": 141, "at": 1741291805.787304}
{"obj": {"type": "UploadFile", "path": ["models", "model_checkpoints", "epoch_0"], "ext": "pt", "file_path": "/Users/katerina__saiti/Downloads/4.2/following_qa/model_epoch_00.pt", "tmp_file_name": null, "clean_after_upload": false}, "version": 142, "at": 1741291805.943716}
{"obj": {"type": "LogFloats", "path": ["detailed_metrics", "epoch_0", "superdense_noun0", "train"], "values": [{"value": 0.5320000052452087, "step": null, "ts": 1741291805.943872}]}, "version": 143, "at": 1741291805.943895}
{"obj": {"type": "LogFloats", "path": ["detailed_metrics", "epoch_0", "superdense_noun0", "val"], "values": [{"value": 0.3571428656578064, "step": null, "ts": 1741291805.943969}]}, "version": 144, "at": 1741291805.943979}
{"obj": {"type": "LogFloats", "path": ["detailed_metrics", "epoch_0", "dense_noun0", "train"], "values": [{"value": 0.5320000052452087, "step": null, "ts": 1741291805.944022}]}, "version": 145, "at": 1741291805.94403}
{"obj": {"type": "LogFloats", "path": ["detailed_metrics", "epoch_0", "dense_noun0", "val"], "values": [{"value": 0.3571428656578064, "step": null, "ts": 1741291805.944072}]}, "version": 146, "at": 1741291805.9440792}
{"obj": {"type": "LogFloats", "path": ["detailed_metrics", "epoch_0", "less_noun0", "train"], "values": [{"value": 0.5320000052452087, "step": null, "ts": 1741291805.944114}]}, "version": 147, "at": 1741291805.9441211}
{"obj": {"type": "LogFloats", "path": ["detailed_metrics", "epoch_0", "less_noun0", "val"], "values": [{"value": 0.3571428656578064, "step": null, "ts": 1741291805.944153}]}, "version": 148, "at": 1741291805.94416}
{"obj": {"type": "LogFloats", "path": ["detailed_metrics", "epoch_0", "deeper_noun0", "train"], "values": [{"value": 0.5320000052452087, "step": null, "ts": 1741291805.944192}]}, "version": 149, "at": 1741291805.9441988}
{"obj": {"type": "LogFloats", "path": ["detailed_metrics", "epoch_0", "deeper_noun0", "val"], "values": [{"value": 0.3571428656578064, "step": null, "ts": 1741291805.9442308}]}, "version": 150, "at": 1741291805.9442382}
{"obj": {"type": "LogFloats", "path": ["detailed_metrics", "epoch_0", "simple_noun0", "train"], "values": [{"value": 0.5320000052452087, "step": null, "ts": 1741291805.9442701}]}, "version": 151, "at": 1741291805.9442759}
{"obj": {"type": "LogFloats", "path": ["detailed_metrics", "epoch_0", "simple_noun0", "val"], "values": [{"value": 0.3571428656578064, "step": null, "ts": 1741291805.944315}]}, "version": 152, "at": 1741291805.944322}
{"obj": {"type": "LogFloats", "path": ["main_plots", "train_loss"], "values": [{"value": 2.568151679992676, "step": 0, "ts": 1741291805.94442}]}, "version": 153, "at": 1741291805.944428}
{"obj": {"type": "LogFloats", "path": ["main_plots", "train_accuracy"], "values": [{"value": 0.524, "step": 0, "ts": 1741291805.9444668}]}, "version": 154, "at": 1741291805.9444742}
{"obj": {"type": "LogFloats", "path": ["main_plots", "val_loss"], "values": [{"value": 1.4815281629562378, "step": 0, "ts": 1741291805.94451}]}, "version": 155, "at": 1741291805.9445171}
{"obj": {"type": "LogFloats", "path": ["main_plots", "val_accuracy"], "values": [{"value": 0.35714285714285715, "step": 0, "ts": 1741291805.944551}]}, "version": 156, "at": 1741291805.9445581}
{"obj": {"type": "UploadFile", "path": ["models", "best_model_epoch_0"], "ext": "pt", "file_path": "/Users/katerina__saiti/Downloads/4.2/following_qa/models/raw/2dir_transformer_model_SIM-11669_epoch_00.pt", "tmp_file_name": null, "clean_after_upload": false}, "version": 157, "at": 1741291806.198462}
{"obj": {"type": "LogFloats", "path": ["metrics", "train_loss"], "values": [{"value": 2.324287866592407, "step": 1, "ts": 1741291813.010185}]}, "version": 158, "at": 1741291813.010317}
{"obj": {"type": "LogFloats", "path": ["metrics", "train_accuracy"], "values": [{"value": 0.504, "step": 1, "ts": 1741291813.010696}]}, "version": 159, "at": 1741291813.010721}
{"obj": {"type": "LogFloats", "path": ["metrics", "val_loss"], "values": [{"value": 3.392071008682251, "step": 1, "ts": 1741291813.0108979}]}, "version": 160, "at": 1741291813.0109172}
{"obj": {"type": "LogFloats", "path": ["metrics", "val_accuracy"], "values": [{"value": 0.5857142857142857, "step": 1, "ts": 1741291813.011415}]}, "version": 161, "at": 1741291813.011441}
{"obj": {"type": "LogFloats", "path": ["training_accuracy", "total"], "values": [{"value": 0.504, "step": 1, "ts": 1741291813.011845}]}, "version": 162, "at": 1741291813.011864}
{"obj": {"type": "LogFloats", "path": ["validation_accuracy", "total"], "values": [{"value": 0.5857142857142857, "step": 1, "ts": 1741291813.012237}]}, "version": 163, "at": 1741291813.012277}
{"obj": {"type": "LogFloats", "path": ["best", "current_best_epoch"], "values": [{"value": 1.0, "step": null, "ts": 1741291820.8554492}]}, "version": 164, "at": 1741291820.855492}
{"obj": {"type": "LogFloats", "path": ["best", "current_best_val_accuracy"], "values": [{"value": 0.5857142857142857, "step": null, "ts": 1741291820.855839}]}, "version": 165, "at": 1741291820.855859}
{"obj": {"type": "LogFloats", "path": ["top_epochs", "rank_1_epoch"], "values": [{"value": 1.0, "step": null, "ts": 1741291820.855982}]}, "version": 166, "at": 1741291820.8559942}
{"obj": {"type": "LogFloats", "path": ["top_epochs", "rank_1_accuracy"], "values": [{"value": 0.5857142857142857, "step": null, "ts": 1741291820.856051}]}, "version": 167, "at": 1741291820.856063}
{"obj": {"type": "LogFloats", "path": ["top_epochs", "rank_2_epoch"], "values": [{"value": 0.0, "step": null, "ts": 1741291820.856116}]}, "version": 168, "at": 1741291820.856127}
{"obj": {"type": "LogFloats", "path": ["top_epochs", "rank_2_accuracy"], "values": [{"value": 0.35714285714285715, "step": null, "ts": 1741291820.856172}]}, "version": 169, "at": 1741291820.856183}
{"obj": {"type": "UploadFile", "path": ["models", "model_checkpoints", "epoch_1"], "ext": "pt", "file_path": "/Users/katerina__saiti/Downloads/4.2/following_qa/model_epoch_01.pt", "tmp_file_name": null, "clean_after_upload": false}, "version": 170, "at": 1741291821.057665}
{"obj": {"type": "LogFloats", "path": ["detailed_metrics", "epoch_1", "superdense_noun0", "train"], "values": [{"value": 0.4880000054836273, "step": null, "ts": 1741291821.0579169}]}, "version": 171, "at": 1741291821.0579462}
{"obj": {"type": "LogFloats", "path": ["detailed_metrics", "epoch_1", "superdense_noun0", "val"], "values": [{"value": 0.5857142806053162, "step": null, "ts": 1741291821.058264}]}, "version": 172, "at": 1741291821.058284}
{"obj": {"type": "LogFloats", "path": ["detailed_metrics", "epoch_1", "dense_noun0", "train"], "values": [{"value": 0.4880000054836273, "step": null, "ts": 1741291821.058387}]}, "version": 173, "at": 1741291821.058414}
{"obj": {"type": "LogFloats", "path": ["detailed_metrics", "epoch_1", "dense_noun0", "val"], "values": [{"value": 0.5857142806053162, "step": null, "ts": 1741291821.05858}]}, "version": 174, "at": 1741291821.05859}
{"obj": {"type": "LogFloats", "path": ["detailed_metrics", "epoch_1", "less_noun0", "train"], "values": [{"value": 0.4880000054836273, "step": null, "ts": 1741291821.058845}]}, "version": 175, "at": 1741291821.058911}
{"obj": {"type": "LogFloats", "path": ["detailed_metrics", "epoch_1", "less_noun0", "val"], "values": [{"value": 0.5857142806053162, "step": null, "ts": 1741291821.05899}]}, "version": 176, "at": 1741291821.0590038}
{"obj": {"type": "LogFloats", "path": ["detailed_metrics", "epoch_1", "deeper_noun0", "train"], "values": [{"value": 0.4880000054836273, "step": null, "ts": 1741291821.059053}]}, "version": 177, "at": 1741291821.059062}
{"obj": {"type": "LogFloats", "path": ["detailed_metrics", "epoch_1", "deeper_noun0", "val"], "values": [{"value": 0.5857142806053162, "step": null, "ts": 1741291821.0591009}]}, "version": 178, "at": 1741291821.0591092}
{"obj": {"type": "LogFloats", "path": ["detailed_metrics", "epoch_1", "simple_noun0", "train"], "values": [{"value": 0.4880000054836273, "step": null, "ts": 1741291821.059145}]}, "version": 179, "at": 1741291821.059152}
{"obj": {"type": "LogFloats", "path": ["detailed_metrics", "epoch_1", "simple_noun0", "val"], "values": [{"value": 0.5857142806053162, "step": null, "ts": 1741291821.059186}]}, "version": 180, "at": 1741291821.059194}
{"obj": {"type": "LogFloats", "path": ["main_plots", "train_loss"], "values": [{"value": 2.324287866592407, "step": 1, "ts": 1741291821.059242}]}, "version": 181, "at": 1741291821.0592499}
{"obj": {"type": "LogFloats", "path": ["main_plots", "train_accuracy"], "values": [{"value": 0.504, "step": 1, "ts": 1741291821.059289}]}, "version": 182, "at": 1741291821.059296}
{"obj": {"type": "LogFloats", "path": ["main_plots", "val_loss"], "values": [{"value": 3.392071008682251, "step": 1, "ts": 1741291821.0593338}]}, "version": 183, "at": 1741291821.0593421}
{"obj": {"type": "LogFloats", "path": ["main_plots", "val_accuracy"], "values": [{"value": 0.5857142857142857, "step": 1, "ts": 1741291821.059377}]}, "version": 184, "at": 1741291821.059385}
{"obj": {"type": "UploadFile", "path": ["models", "best_model_epoch_1"], "ext": "pt", "file_path": "/Users/katerina__saiti/Downloads/4.2/following_qa/models/raw/2dir_transformer_model_SIM-11669_epoch_01.pt", "tmp_file_name": null, "clean_after_upload": false}, "version": 185, "at": 1741291821.178949}
{"obj": {"type": "LogFloats", "path": ["metrics", "train_loss"], "values": [{"value": 2.289709783554077, "step": 2, "ts": 1741291828.711731}]}, "version": 186, "at": 1741291828.711902}
{"obj": {"type": "LogFloats", "path": ["metrics", "train_accuracy"], "values": [{"value": 0.496, "step": 2, "ts": 1741291828.7123241}]}, "version": 187, "at": 1741291828.712349}
{"obj": {"type": "LogFloats", "path": ["metrics", "val_loss"], "values": [{"value": 4.42548131942749, "step": 2, "ts": 1741291828.712577}]}, "version": 188, "at": 1741291828.7125928}
{"obj": {"type": "LogFloats", "path": ["metrics", "val_accuracy"], "values": [{"value": 0.4142857142857143, "step": 2, "ts": 1741291828.712717}]}, "version": 189, "at": 1741291828.712729}
{"obj": {"type": "LogFloats", "path": ["training_accuracy", "total"], "values": [{"value": 0.496, "step": 2, "ts": 1741291828.712845}]}, "version": 190, "at": 1741291828.712856}
{"obj": {"type": "LogFloats", "path": ["validation_accuracy", "total"], "values": [{"value": 0.4142857142857143, "step": 2, "ts": 1741291828.713036}]}, "version": 191, "at": 1741291828.713048}
{"obj": {"type": "LogFloats", "path": ["top_epochs", "rank_1_epoch"], "values": [{"value": 1.0, "step": null, "ts": 1741291835.652961}]}, "version": 192, "at": 1741291835.6529942}
{"obj": {"type": "LogFloats", "path": ["top_epochs", "rank_1_accuracy"], "values": [{"value": 0.5857142857142857, "step": null, "ts": 1741291835.6533551}]}, "version": 193, "at": 1741291835.653381}
{"obj": {"type": "LogFloats", "path": ["top_epochs", "rank_2_epoch"], "values": [{"value": 2.0, "step": null, "ts": 1741291835.653483}]}, "version": 194, "at": 1741291835.653499}
{"obj": {"type": "LogFloats", "path": ["top_epochs", "rank_2_accuracy"], "values": [{"value": 0.4142857142857143, "step": null, "ts": 1741291835.653557}]}, "version": 195, "at": 1741291835.653569}
{"obj": {"type": "LogFloats", "path": ["top_epochs", "rank_3_epoch"], "values": [{"value": 0.0, "step": null, "ts": 1741291835.653624}]}, "version": 196, "at": 1741291835.653634}
{"obj": {"type": "LogFloats", "path": ["top_epochs", "rank_3_accuracy"], "values": [{"value": 0.35714285714285715, "step": null, "ts": 1741291835.653682}]}, "version": 197, "at": 1741291835.653693}
{"obj": {"type": "UploadFile", "path": ["models", "model_checkpoints", "epoch_2"], "ext": "pt", "file_path": "/Users/katerina__saiti/Downloads/4.2/following_qa/model_epoch_02.pt", "tmp_file_name": null, "clean_after_upload": false}, "version": 198, "at": 1741291835.852024}
{"obj": {"type": "LogFloats", "path": ["detailed_metrics", "epoch_2", "superdense_noun0", "train"], "values": [{"value": 0.5120000243186951, "step": null, "ts": 1741291835.852152}]}, "version": 199, "at": 1741291835.852175}
{"obj": {"type": "LogFloats", "path": ["detailed_metrics", "epoch_2", "superdense_noun0", "val"], "values": [{"value": 0.41428571939468384, "step": null, "ts": 1741291835.8522282}]}, "version": 200, "at": 1741291835.8522391}
{"obj": {"type": "LogFloats", "path": ["detailed_metrics", "epoch_2", "dense_noun0", "train"], "values": [{"value": 0.5120000243186951, "step": null, "ts": 1741291835.852279}]}, "version": 201, "at": 1741291835.8522859}
{"obj": {"type": "LogFloats", "path": ["detailed_metrics", "epoch_2", "dense_noun0", "val"], "values": [{"value": 0.41428571939468384, "step": null, "ts": 1741291835.852321}]}, "version": 202, "at": 1741291835.852329}
{"obj": {"type": "LogFloats", "path": ["detailed_metrics", "epoch_2", "less_noun0", "train"], "values": [{"value": 0.5120000243186951, "step": null, "ts": 1741291835.8523679}]}, "version": 203, "at": 1741291835.852376}
{"obj": {"type": "LogFloats", "path": ["detailed_metrics", "epoch_2", "less_noun0", "val"], "values": [{"value": 0.41428571939468384, "step": null, "ts": 1741291835.8524082}]}, "version": 204, "at": 1741291835.852415}
{"obj": {"type": "LogFloats", "path": ["detailed_metrics", "epoch_2", "deeper_noun0", "train"], "values": [{"value": 0.5120000243186951, "step": null, "ts": 1741291835.852448}]}, "version": 205, "at": 1741291835.852455}
{"obj": {"type": "LogFloats", "path": ["detailed_metrics", "epoch_2", "deeper_noun0", "val"], "values": [{"value": 0.41428571939468384, "step": null, "ts": 1741291835.8524868}]}, "version": 206, "at": 1741291835.852494}
{"obj": {"type": "LogFloats", "path": ["detailed_metrics", "epoch_2", "simple_noun0", "train"], "values": [{"value": 0.5120000243186951, "step": null, "ts": 1741291835.8525262}]}, "version": 207, "at": 1741291835.852533}
{"obj": {"type": "LogFloats", "path": ["detailed_metrics", "epoch_2", "simple_noun0", "val"], "values": [{"value": 0.41428571939468384, "step": null, "ts": 1741291835.852566}]}, "version": 208, "at": 1741291835.852573}
{"obj": {"type": "LogFloats", "path": ["main_plots", "train_loss"], "values": [{"value": 2.289709783554077, "step": 2, "ts": 1741291835.852624}]}, "version": 209, "at": 1741291835.852632}
{"obj": {"type": "LogFloats", "path": ["main_plots", "train_accuracy"], "values": [{"value": 0.496, "step": 2, "ts": 1741291835.85267}]}, "version": 210, "at": 1741291835.852677}
{"obj": {"type": "LogFloats", "path": ["main_plots", "val_loss"], "values": [{"value": 4.42548131942749, "step": 2, "ts": 1741291835.852733}]}, "version": 211, "at": 1741291835.852741}
{"obj": {"type": "LogFloats", "path": ["main_plots", "val_accuracy"], "values": [{"value": 0.4142857142857143, "step": 2, "ts": 1741291835.852778}]}, "version": 212, "at": 1741291835.8527849}
{"obj": {"type": "LogFloats", "path": ["best", "final_best_epoch"], "values": [{"value": 1.0, "step": null, "ts": 1741291835.854456}]}, "version": 213, "at": 1741291835.854476}
{"obj": {"type": "LogFloats", "path": ["best", "final_best_val_accuracy"], "values": [{"value": 0.5857142857142857, "step": null, "ts": 1741291835.854811}]}, "version": 214, "at": 1741291835.8548522}
{"obj": {"type": "LogFloats", "path": ["detailed_metrics", "epoch_1", "superdense_noun0", "train"], "values": [{"value": 0.4880000054836273, "step": null, "ts": 1741291835.854965}]}, "version": 215, "at": 1741291835.854976}
{"obj": {"type": "LogFloats", "path": ["detailed_metrics", "epoch_1", "superdense_noun0", "val"], "values": [{"value": 0.5857142806053162, "step": null, "ts": 1741291835.855198}]}, "version": 216, "at": 1741291835.855211}
{"obj": {"type": "LogFloats", "path": ["detailed_metrics", "epoch_1", "dense_noun0", "train"], "values": [{"value": 0.4880000054836273, "step": null, "ts": 1741291835.855465}]}, "version": 217, "at": 1741291835.8555362}
{"obj": {"type": "LogFloats", "path": ["detailed_metrics", "epoch_1", "dense_noun0", "val"], "values": [{"value": 0.5857142806053162, "step": null, "ts": 1741291835.856292}]}, "version": 218, "at": 1741291835.856322}
{"obj": {"type": "LogFloats", "path": ["detailed_metrics", "epoch_1", "less_noun0", "train"], "values": [{"value": 0.4880000054836273, "step": null, "ts": 1741291835.856758}]}, "version": 219, "at": 1741291835.856791}
{"obj": {"type": "LogFloats", "path": ["detailed_metrics", "epoch_1", "less_noun0", "val"], "values": [{"value": 0.5857142806053162, "step": null, "ts": 1741291835.8569322}]}, "version": 220, "at": 1741291835.856949}
{"obj": {"type": "LogFloats", "path": ["detailed_metrics", "epoch_1", "deeper_noun0", "train"], "values": [{"value": 0.4880000054836273, "step": null, "ts": 1741291835.857044}]}, "version": 221, "at": 1741291835.857058}
{"obj": {"type": "LogFloats", "path": ["detailed_metrics", "epoch_1", "deeper_noun0", "val"], "values": [{"value": 0.5857142806053162, "step": null, "ts": 1741291835.857124}]}, "version": 222, "at": 1741291835.857187}
{"obj": {"type": "LogFloats", "path": ["detailed_metrics", "epoch_1", "simple_noun0", "train"], "values": [{"value": 0.4880000054836273, "step": null, "ts": 1741291835.8572931}]}, "version": 223, "at": 1741291835.857307}
{"obj": {"type": "LogFloats", "path": ["detailed_metrics", "epoch_1", "simple_noun0", "val"], "values": [{"value": 0.5857142806053162, "step": null, "ts": 1741291835.857356}]}, "version": 224, "at": 1741291835.857365}
{"obj": {"type": "LogFloats", "path": ["detailed_metrics", "epoch_2", "superdense_noun0", "train"], "values": [{"value": 0.5120000243186951, "step": null, "ts": 1741291835.857412}]}, "version": 225, "at": 1741291835.85742}
{"obj": {"type": "LogFloats", "path": ["detailed_metrics", "epoch_2", "superdense_noun0", "val"], "values": [{"value": 0.41428571939468384, "step": null, "ts": 1741291835.8574588}]}, "version": 226, "at": 1741291835.8574662}
{"obj": {"type": "LogFloats", "path": ["detailed_metrics", "epoch_2", "dense_noun0", "train"], "values": [{"value": 0.5120000243186951, "step": null, "ts": 1741291835.857499}]}, "version": 227, "at": 1741291835.857506}
{"obj": {"type": "LogFloats", "path": ["detailed_metrics", "epoch_2", "dense_noun0", "val"], "values": [{"value": 0.41428571939468384, "step": null, "ts": 1741291835.857538}]}, "version": 228, "at": 1741291835.857545}
{"obj": {"type": "LogFloats", "path": ["detailed_metrics", "epoch_2", "less_noun0", "train"], "values": [{"value": 0.5120000243186951, "step": null, "ts": 1741291835.857578}]}, "version": 229, "at": 1741291835.857585}
{"obj": {"type": "LogFloats", "path": ["detailed_metrics", "epoch_2", "less_noun0", "val"], "values": [{"value": 0.41428571939468384, "step": null, "ts": 1741291835.857617}]}, "version": 230, "at": 1741291835.857641}
{"obj": {"type": "LogFloats", "path": ["detailed_metrics", "epoch_2", "deeper_noun0", "train"], "values": [{"value": 0.5120000243186951, "step": null, "ts": 1741291835.8581052}]}, "version": 231, "at": 1741291835.858121}
{"obj": {"type": "LogFloats", "path": ["detailed_metrics", "epoch_2", "deeper_noun0", "val"], "values": [{"value": 0.41428571939468384, "step": null, "ts": 1741291835.858167}]}, "version": 232, "at": 1741291835.858177}
{"obj": {"type": "LogFloats", "path": ["detailed_metrics", "epoch_2", "simple_noun0", "train"], "values": [{"value": 0.5120000243186951, "step": null, "ts": 1741291835.858216}]}, "version": 233, "at": 1741291835.8582249}
{"obj": {"type": "LogFloats", "path": ["detailed_metrics", "epoch_2", "simple_noun0", "val"], "values": [{"value": 0.41428571939468384, "step": null, "ts": 1741291835.858259}]}, "version": 234, "at": 1741291835.8582668}
{"obj": {"type": "LogFloats", "path": ["detailed_metrics", "epoch_0", "superdense_noun0", "train"], "values": [{"value": 0.5320000052452087, "step": null, "ts": 1741291835.85831}]}, "version": 235, "at": 1741291835.8583171}
{"obj": {"type": "LogFloats", "path": ["detailed_metrics", "epoch_0", "superdense_noun0", "val"], "values": [{"value": 0.3571428656578064, "step": null, "ts": 1741291835.85835}]}, "version": 236, "at": 1741291835.858358}
{"obj": {"type": "LogFloats", "path": ["detailed_metrics", "epoch_0", "dense_noun0", "train"], "values": [{"value": 0.5320000052452087, "step": null, "ts": 1741291835.858392}]}, "version": 237, "at": 1741291835.858399}
{"obj": {"type": "LogFloats", "path": ["detailed_metrics", "epoch_0", "dense_noun0", "val"], "values": [{"value": 0.3571428656578064, "step": null, "ts": 1741291835.85843}]}, "version": 238, "at": 1741291835.8584409}
{"obj": {"type": "LogFloats", "path": ["detailed_metrics", "epoch_0", "less_noun0", "train"], "values": [{"value": 0.5320000052452087, "step": null, "ts": 1741291835.858473}]}, "version": 239, "at": 1741291835.8584802}
{"obj": {"type": "LogFloats", "path": ["detailed_metrics", "epoch_0", "less_noun0", "val"], "values": [{"value": 0.3571428656578064, "step": null, "ts": 1741291835.8585112}]}, "version": 240, "at": 1741291835.858517}
{"obj": {"type": "LogFloats", "path": ["detailed_metrics", "epoch_0", "deeper_noun0", "train"], "values": [{"value": 0.5320000052452087, "step": null, "ts": 1741291835.858558}]}, "version": 241, "at": 1741291835.858565}
{"obj": {"type": "LogFloats", "path": ["detailed_metrics", "epoch_0", "deeper_noun0", "val"], "values": [{"value": 0.3571428656578064, "step": null, "ts": 1741291835.8585951}]}, "version": 242, "at": 1741291835.858602}
{"obj": {"type": "LogFloats", "path": ["detailed_metrics", "epoch_0", "simple_noun0", "train"], "values": [{"value": 0.5320000052452087, "step": null, "ts": 1741291835.8586361}]}, "version": 243, "at": 1741291835.858643}
{"obj": {"type": "LogFloats", "path": ["detailed_metrics", "epoch_0", "simple_noun0", "val"], "values": [{"value": 0.3571428656578064, "step": null, "ts": 1741291835.858676}]}, "version": 244, "at": 1741291835.8586829}
{"obj": {"type": "LogFloats", "path": ["summary", "top_epochs_count"], "values": [{"value": 3.0, "step": null, "ts": 1741291835.858752}]}, "version": 245, "at": 1741291835.8587599}
{"obj": {"type": "LogFloats", "path": ["summary", "top_1_epoch"], "values": [{"value": 1.0, "step": null, "ts": 1741291835.8588018}]}, "version": 246, "at": 1741291835.858809}
{"obj": {"type": "LogFloats", "path": ["summary", "top_1_accuracy"], "values": [{"value": 0.5857142857142857, "step": null, "ts": 1741291835.85884}]}, "version": 247, "at": 1741291835.858847}
{"obj": {"type": "UploadFile", "path": ["models", "top_models", "rank_1_epoch_1"], "ext": "pt", "file_path": "/Users/katerina__saiti/Downloads/4.2/following_qa/models/raw/2dir_transformer_model_SIM-11669_epoch_01.pt", "tmp_file_name": null, "clean_after_upload": false}, "version": 248, "at": 1741291835.8590012}
{"obj": {"type": "LogFloats", "path": ["summary", "top_2_epoch"], "values": [{"value": 2.0, "step": null, "ts": 1741291835.859044}]}, "version": 249, "at": 1741291835.8590531}
{"obj": {"type": "LogFloats", "path": ["summary", "top_2_accuracy"], "values": [{"value": 0.4142857142857143, "step": null, "ts": 1741291835.859086}]}, "version": 250, "at": 1741291835.859093}
{"obj": {"type": "LogFloats", "path": ["summary", "top_3_epoch"], "values": [{"value": 0.0, "step": null, "ts": 1741291835.859413}]}, "version": 251, "at": 1741291835.859421}
{"obj": {"type": "LogFloats", "path": ["summary", "top_3_accuracy"], "values": [{"value": 0.35714285714285715, "step": null, "ts": 1741291835.859457}]}, "version": 252, "at": 1741291835.859463}
{"obj": {"type": "UploadFile", "path": ["models", "top_models", "rank_3_epoch_0"], "ext": "pt", "file_path": "/Users/katerina__saiti/Downloads/4.2/following_qa/models/raw/2dir_transformer_model_SIM-11669_epoch_00.pt", "tmp_file_name": null, "clean_after_upload": false}, "version": 253, "at": 1741291835.859562}
{"obj": {"type": "LogFloats", "path": ["summary", "best_val_accuracy"], "values": [{"value": 0.5857142857142857, "step": null, "ts": 1741291835.8595982}]}, "version": 254, "at": 1741291835.859606}
{"obj": {"type": "LogFloats", "path": ["summary", "best_epoch"], "values": [{"value": 1.0, "step": null, "ts": 1741291835.859638}]}, "version": 255, "at": 1741291835.859645}
