{"obj": {"type": "AssignString", "path": ["sys", "name"], "value": "2dir_lstm_comprehensive_evaluation"}, "version": 1, "at": 1741590763.9808419}
{"obj": {"type": "AssignString", "path": ["sys", "description"], "value": ""}, "version": 2, "at": 1741590763.981062}
{"obj": {"type": "AssignString", "path": ["monitoring", "97c6c3cd", "hostname"], "value": "Katerinas-MacBook-Air.local"}, "version": 3, "at": 1741590763.981125}
{"obj": {"type": "AssignString", "path": ["sys", "hostname"], "value": "Katerinas-MacBook-Air.local"}, "version": 4, "at": 1741590763.981169}
{"obj": {"type": "AssignString", "path": ["monitoring", "97c6c3cd", "pid"], "value": "32400"}, "version": 5, "at": 1741590763.981212}
{"obj": {"type": "AssignString", "path": ["monitoring", "97c6c3cd", "tid"], "value": "8071241408"}, "version": 6, "at": 1741590763.9812531}
{"obj": {"type": "AddStrings", "path": ["sys", "tags"], "values": ["comprehensive_evaluation", "lstm", "2dir"]}, "version": 7, "at": 1741590763.981335}
{"obj": {"type": "AssignBool", "path": ["sys", "failed"], "value": false}, "version": 8, "at": 1741590763.981388}
{"obj": {"type": "AssignString", "path": ["parameters", "dataset"], "value": "2dir"}, "version": 9, "at": 1741590763.985219}
{"obj": {"type": "AssignString", "path": ["parameters", "framework"], "value": "lstm"}, "version": 10, "at": 1741590763.9854279}
{"obj": {"type": "LogFloats", "path": ["avg_metrics", "train_loss"], "values": [{"value": 0.6232478618621826, "step": null, "ts": 1741590766.2415621}]}, "version": 11, "at": 1741590766.24168}
{"obj": {"type": "LogFloats", "path": ["avg_metrics", "train_accuracy"], "values": [{"value": 0.6198979616165161, "step": null, "ts": 1741590766.2418969}]}, "version": 12, "at": 1741590766.241909}
{"obj": {"type": "LogFloats", "path": ["detailed_metrics", "train", "simple", "noun_2"], "values": [{"value": 0.704225352112676, "step": null, "ts": 1741590767.98117}]}, "version": 13, "at": 1741590767.9812071}
{"obj": {"type": "LogFloats", "path": ["detailed_metrics", "train", "simple", "noun_3"], "values": [{"value": 0.676056338028169, "step": null, "ts": 1741590767.981812}]}, "version": 14, "at": 1741590767.9818282}
{"obj": {"type": "LogFloats", "path": ["detailed_metrics", "train", "simple", "noun_4"], "values": [{"value": 0.6949152542372882, "step": null, "ts": 1741590767.983107}]}, "version": 15, "at": 1741590767.983125}
{"obj": {"type": "LogFloats", "path": ["detailed_metrics", "train", "simple", "noun_5"], "values": [{"value": 0.5918367346938775, "step": null, "ts": 1741590767.983624}]}, "version": 16, "at": 1741590767.983637}
{"obj": {"type": "LogFloats", "path": ["detailed_metrics", "train", "simple", "noun_6"], "values": [{"value": 0.7111111111111111, "step": null, "ts": 1741590767.984143}]}, "version": 17, "at": 1741590767.984156}
{"obj": {"type": "LogFloats", "path": ["detailed_metrics", "train", "simple", "noun_7"], "values": [{"value": 0.6274509803921569, "step": null, "ts": 1741590767.9850261}]}, "version": 18, "at": 1741590767.985038}
{"obj": {"type": "LogFloats", "path": ["detailed_metrics", "train", "simple", "noun_8"], "values": [{"value": 0.5652173913043478, "step": null, "ts": 1741590767.987796}]}, "version": 19, "at": 1741590767.9878132}
{"obj": {"type": "LogFloats", "path": ["avg_metrics", "valid_loss"], "values": [{"value": 0.7659652233123779, "step": null, "ts": 1741590768.500349}]}, "version": 20, "at": 1741590768.5003781}
{"obj": {"type": "LogFloats", "path": ["avg_metrics", "valid_accuracy"], "values": [{"value": 0.5, "step": null, "ts": 1741590768.500541}]}, "version": 21, "at": 1741590768.500554}
{"obj": {"type": "LogFloats", "path": ["detailed_metrics", "valid", "simple", "noun_4"], "values": [{"value": 0.5454545454545454, "step": null, "ts": 1741590768.823935}]}, "version": 22, "at": 1741590768.823957}
{"obj": {"type": "LogFloats", "path": ["detailed_metrics", "valid", "simple", "noun_5"], "values": [{"value": 0.5238095238095238, "step": null, "ts": 1741590768.824467}]}, "version": 23, "at": 1741590768.824481}
{"obj": {"type": "LogFloats", "path": ["detailed_metrics", "valid", "simple", "noun_6"], "values": [{"value": 0.56, "step": null, "ts": 1741590768.824855}]}, "version": 24, "at": 1741590768.8248682}
{"obj": {"type": "LogFloats", "path": ["detailed_metrics", "valid", "simple", "noun_7"], "values": [{"value": 0.47368421052631576, "step": null, "ts": 1741590768.8252149}]}, "version": 25, "at": 1741590768.825226}
{"obj": {"type": "LogFloats", "path": ["detailed_metrics", "valid", "simple", "noun_8"], "values": [{"value": 0.5, "step": null, "ts": 1741590768.82557}]}, "version": 26, "at": 1741590768.825581}
{"obj": {"type": "LogFloats", "path": ["avg_metrics", "valid_comp_loss"], "values": [{"value": 0.7416367530822754, "step": null, "ts": 1741590773.184352}]}, "version": 27, "at": 1741590773.184542}
{"obj": {"type": "LogFloats", "path": ["avg_metrics", "valid_comp_accuracy"], "values": [{"value": 0.5116459727287292, "step": null, "ts": 1741590773.1849139}]}, "version": 28, "at": 1741590773.184926}
{"obj": {"type": "LogFloats", "path": ["detailed_metrics", "valid_comp", "deeper", "noun_9"], "values": [{"value": 0.49206349206349204, "step": null, "ts": 1741590776.636961}]}, "version": 29, "at": 1741590776.636985}
{"obj": {"type": "LogFloats", "path": ["detailed_metrics", "valid_comp", "deeper", "noun_10"], "values": [{"value": 0.5555555555555556, "step": null, "ts": 1741590776.637737}]}, "version": 30, "at": 1741590776.637751}
{"obj": {"type": "LogFloats", "path": ["detailed_metrics", "valid_comp", "deeper", "noun_11"], "values": [{"value": 0.47619047619047616, "step": null, "ts": 1741590776.638328}]}, "version": 31, "at": 1741590776.63834}
{"obj": {"type": "LogFloats", "path": ["detailed_metrics", "valid_comp", "deeper", "noun_12"], "values": [{"value": 0.5079365079365079, "step": null, "ts": 1741590776.6389031}]}, "version": 32, "at": 1741590776.638914}
{"obj": {"type": "LogFloats", "path": ["detailed_metrics", "valid_comp", "deeper", "noun_13"], "values": [{"value": 0.5873015873015873, "step": null, "ts": 1741590776.639446}]}, "version": 33, "at": 1741590776.639457}
{"obj": {"type": "LogFloats", "path": ["detailed_metrics", "valid_comp", "deeper", "noun_14"], "values": [{"value": 0.5714285714285714, "step": null, "ts": 1741590776.639961}]}, "version": 34, "at": 1741590776.639971}
{"obj": {"type": "LogFloats", "path": ["detailed_metrics", "valid_comp", "deeper", "noun_15"], "values": [{"value": 0.532258064516129, "step": null, "ts": 1741590776.6405172}]}, "version": 35, "at": 1741590776.640527}
{"obj": {"type": "LogFloats", "path": ["detailed_metrics", "valid_comp", "deeper", "noun_16"], "values": [{"value": 0.5806451612903226, "step": null, "ts": 1741590776.641011}]}, "version": 36, "at": 1741590776.641021}
{"obj": {"type": "LogFloats", "path": ["detailed_metrics", "valid_comp", "deeper", "noun_17"], "values": [{"value": 0.5967741935483871, "step": null, "ts": 1741590776.641504}]}, "version": 37, "at": 1741590776.641514}
{"obj": {"type": "LogFloats", "path": ["detailed_metrics", "valid_comp", "deeper", "noun_18"], "values": [{"value": 0.5161290322580645, "step": null, "ts": 1741590776.641995}]}, "version": 38, "at": 1741590776.642012}
{"obj": {"type": "LogFloats", "path": ["detailed_metrics", "valid_comp", "deeper", "noun_19"], "values": [{"value": 0.5806451612903226, "step": null, "ts": 1741590776.6425269}]}, "version": 39, "at": 1741590776.6425369}
{"obj": {"type": "LogFloats", "path": ["detailed_metrics", "valid_comp", "deeper", "noun_20"], "values": [{"value": 0.45161290322580644, "step": null, "ts": 1741590776.643054}]}, "version": 40, "at": 1741590776.643064}
{"obj": {"type": "LogFloats", "path": ["detailed_metrics", "valid_comp", "dense", "noun_9"], "values": [{"value": 0.5396825396825397, "step": null, "ts": 1741590776.643539}]}, "version": 41, "at": 1741590776.643549}
{"obj": {"type": "LogFloats", "path": ["detailed_metrics", "valid_comp", "dense", "noun_10"], "values": [{"value": 0.49206349206349204, "step": null, "ts": 1741590776.644018}]}, "version": 42, "at": 1741590776.644029}
{"obj": {"type": "LogFloats", "path": ["detailed_metrics", "valid_comp", "dense", "noun_11"], "values": [{"value": 0.5396825396825397, "step": null, "ts": 1741590776.644493}]}, "version": 43, "at": 1741590776.644503}
{"obj": {"type": "LogFloats", "path": ["detailed_metrics", "valid_comp", "dense", "noun_12"], "values": [{"value": 0.5079365079365079, "step": null, "ts": 1741590776.6449652}]}, "version": 44, "at": 1741590776.6449761}
{"obj": {"type": "LogFloats", "path": ["detailed_metrics", "valid_comp", "dense", "noun_13"], "values": [{"value": 0.4126984126984127, "step": null, "ts": 1741590776.645442}]}, "version": 45, "at": 1741590776.645452}
{"obj": {"type": "LogFloats", "path": ["detailed_metrics", "valid_comp", "dense", "noun_14"], "values": [{"value": 0.49206349206349204, "step": null, "ts": 1741590776.6459131}]}, "version": 46, "at": 1741590776.645926}
{"obj": {"type": "LogFloats", "path": ["detailed_metrics", "valid_comp", "dense", "noun_15"], "values": [{"value": 0.5645161290322581, "step": null, "ts": 1741590776.6463869}]}, "version": 47, "at": 1741590776.6463969}
{"obj": {"type": "LogFloats", "path": ["detailed_metrics", "valid_comp", "dense", "noun_16"], "values": [{"value": 0.41935483870967744, "step": null, "ts": 1741590776.646858}]}, "version": 48, "at": 1741590776.646868}
{"obj": {"type": "LogFloats", "path": ["detailed_metrics", "valid_comp", "dense", "noun_17"], "values": [{"value": 0.46774193548387094, "step": null, "ts": 1741590776.64733}]}, "version": 49, "at": 1741590776.64734}
{"obj": {"type": "LogFloats", "path": ["detailed_metrics", "valid_comp", "dense", "noun_18"], "values": [{"value": 0.5161290322580645, "step": null, "ts": 1741590776.647799}]}, "version": 50, "at": 1741590776.647809}
{"obj": {"type": "LogFloats", "path": ["detailed_metrics", "valid_comp", "dense", "noun_19"], "values": [{"value": 0.532258064516129, "step": null, "ts": 1741590776.648293}]}, "version": 51, "at": 1741590776.6483042}
{"obj": {"type": "LogFloats", "path": ["detailed_metrics", "valid_comp", "dense", "noun_20"], "values": [{"value": 0.5161290322580645, "step": null, "ts": 1741590776.649015}]}, "version": 52, "at": 1741590776.649031}
{"obj": {"type": "LogFloats", "path": ["detailed_metrics", "valid_comp", "less", "noun_9"], "values": [{"value": 0.5396825396825397, "step": null, "ts": 1741590776.649611}]}, "version": 53, "at": 1741590776.649625}
{"obj": {"type": "LogFloats", "path": ["detailed_metrics", "valid_comp", "less", "noun_10"], "values": [{"value": 0.47619047619047616, "step": null, "ts": 1741590776.650143}]}, "version": 54, "at": 1741590776.650155}
{"obj": {"type": "LogFloats", "path": ["detailed_metrics", "valid_comp", "less", "noun_11"], "values": [{"value": 0.49206349206349204, "step": null, "ts": 1741590776.650648}]}, "version": 55, "at": 1741590776.650659}
{"obj": {"type": "LogFloats", "path": ["detailed_metrics", "valid_comp", "less", "noun_12"], "values": [{"value": 0.36507936507936506, "step": null, "ts": 1741590776.6511412}]}, "version": 56, "at": 1741590776.651152}
{"obj": {"type": "LogFloats", "path": ["detailed_metrics", "valid_comp", "less", "noun_13"], "values": [{"value": 0.5714285714285714, "step": null, "ts": 1741590776.6516328}]}, "version": 57, "at": 1741590776.6516428}
{"obj": {"type": "LogFloats", "path": ["detailed_metrics", "valid_comp", "less", "noun_14"], "values": [{"value": 0.4444444444444444, "step": null, "ts": 1741590776.652116}]}, "version": 58, "at": 1741590776.6521258}
{"obj": {"type": "LogFloats", "path": ["detailed_metrics", "valid_comp", "less", "noun_15"], "values": [{"value": 0.5, "step": null, "ts": 1741590776.652596}]}, "version": 59, "at": 1741590776.652606}
{"obj": {"type": "LogFloats", "path": ["detailed_metrics", "valid_comp", "less", "noun_16"], "values": [{"value": 0.4838709677419355, "step": null, "ts": 1741590776.653074}]}, "version": 60, "at": 1741590776.6530838}
{"obj": {"type": "LogFloats", "path": ["detailed_metrics", "valid_comp", "less", "noun_17"], "values": [{"value": 0.5161290322580645, "step": null, "ts": 1741590776.653552}]}, "version": 61, "at": 1741590776.653562}
{"obj": {"type": "LogFloats", "path": ["detailed_metrics", "valid_comp", "less", "noun_18"], "values": [{"value": 0.5161290322580645, "step": null, "ts": 1741590776.654023}]}, "version": 62, "at": 1741590776.654033}
{"obj": {"type": "LogFloats", "path": ["detailed_metrics", "valid_comp", "less", "noun_19"], "values": [{"value": 0.6774193548387096, "step": null, "ts": 1741590776.6544929}]}, "version": 63, "at": 1741590776.6545029}
{"obj": {"type": "LogFloats", "path": ["detailed_metrics", "valid_comp", "less", "noun_20"], "values": [{"value": 0.45161290322580644, "step": null, "ts": 1741590776.654963}]}, "version": 64, "at": 1741590776.654973}
{"obj": {"type": "LogFloats", "path": ["detailed_metrics", "valid_comp", "simple", "noun_9"], "values": [{"value": 0.5, "step": null, "ts": 1741590776.65616}]}, "version": 65, "at": 1741590776.656171}
{"obj": {"type": "LogFloats", "path": ["detailed_metrics", "valid_comp", "simple", "noun_10"], "values": [{"value": 0.5416666666666666, "step": null, "ts": 1741590776.656665}]}, "version": 66, "at": 1741590776.656676}
{"obj": {"type": "LogFloats", "path": ["detailed_metrics", "valid_comp", "simple", "noun_11"], "values": [{"value": 0.5138888888888888, "step": null, "ts": 1741590776.6571982}]}, "version": 67, "at": 1741590776.6572092}
{"obj": {"type": "LogFloats", "path": ["detailed_metrics", "valid_comp", "simple", "noun_12"], "values": [{"value": 0.3888888888888889, "step": null, "ts": 1741590776.657699}]}, "version": 68, "at": 1741590776.6577091}
{"obj": {"type": "LogFloats", "path": ["detailed_metrics", "valid_comp", "simple", "noun_13"], "values": [{"value": 0.5555555555555556, "step": null, "ts": 1741590776.65822}]}, "version": 69, "at": 1741590776.65823}
{"obj": {"type": "LogFloats", "path": ["detailed_metrics", "valid_comp", "simple", "noun_14"], "values": [{"value": 0.4027777777777778, "step": null, "ts": 1741590776.658735}]}, "version": 70, "at": 1741590776.658745}
{"obj": {"type": "LogFloats", "path": ["detailed_metrics", "valid_comp", "simple", "noun_15"], "values": [{"value": 0.5138888888888888, "step": null, "ts": 1741590776.659221}]}, "version": 71, "at": 1741590776.659231}
{"obj": {"type": "LogFloats", "path": ["detailed_metrics", "valid_comp", "simple", "noun_16"], "values": [{"value": 0.5833333333333334, "step": null, "ts": 1741590776.659709}]}, "version": 72, "at": 1741590776.6597178}
{"obj": {"type": "LogFloats", "path": ["detailed_metrics", "valid_comp", "simple", "noun_17"], "values": [{"value": 0.4861111111111111, "step": null, "ts": 1741590776.660192}]}, "version": 73, "at": 1741590776.660202}
{"obj": {"type": "LogFloats", "path": ["detailed_metrics", "valid_comp", "simple", "noun_18"], "values": [{"value": 0.5416666666666666, "step": null, "ts": 1741590776.660676}]}, "version": 74, "at": 1741590776.660685}
{"obj": {"type": "LogFloats", "path": ["detailed_metrics", "valid_comp", "simple", "noun_19"], "values": [{"value": 0.5138888888888888, "step": null, "ts": 1741590776.66116}]}, "version": 75, "at": 1741590776.6611688}
{"obj": {"type": "LogFloats", "path": ["detailed_metrics", "valid_comp", "simple", "noun_20"], "values": [{"value": 0.4722222222222222, "step": null, "ts": 1741590776.6616352}]}, "version": 76, "at": 1741590776.6616452}
{"obj": {"type": "LogFloats", "path": ["detailed_metrics", "valid_comp", "superdense", "noun_9"], "values": [{"value": 0.6349206349206349, "step": null, "ts": 1741590776.662103}]}, "version": 77, "at": 1741590776.662113}
{"obj": {"type": "LogFloats", "path": ["detailed_metrics", "valid_comp", "superdense", "noun_10"], "values": [{"value": 0.5396825396825397, "step": null, "ts": 1741590776.662571}]}, "version": 78, "at": 1741590776.66258}
{"obj": {"type": "LogFloats", "path": ["detailed_metrics", "valid_comp", "superdense", "noun_11"], "values": [{"value": 0.5079365079365079, "step": null, "ts": 1741590776.6630342}]}, "version": 79, "at": 1741590776.663043}
{"obj": {"type": "LogFloats", "path": ["detailed_metrics", "valid_comp", "superdense", "noun_12"], "values": [{"value": 0.6349206349206349, "step": null, "ts": 1741590776.663501}]}, "version": 80, "at": 1741590776.663511}
{"obj": {"type": "LogFloats", "path": ["detailed_metrics", "valid_comp", "superdense", "noun_13"], "values": [{"value": 0.5873015873015873, "step": null, "ts": 1741590776.6639721}]}, "version": 81, "at": 1741590776.6639822}
{"obj": {"type": "LogFloats", "path": ["detailed_metrics", "valid_comp", "superdense", "noun_14"], "values": [{"value": 0.49206349206349204, "step": null, "ts": 1741590776.6644359}]}, "version": 82, "at": 1741590776.6644459}
{"obj": {"type": "LogFloats", "path": ["detailed_metrics", "valid_comp", "superdense", "noun_15"], "values": [{"value": 0.45161290322580644, "step": null, "ts": 1741590776.665026}]}, "version": 83, "at": 1741590776.665036}
{"obj": {"type": "LogFloats", "path": ["detailed_metrics", "valid_comp", "superdense", "noun_16"], "values": [{"value": 0.5806451612903226, "step": null, "ts": 1741590776.6655009}]}, "version": 84, "at": 1741590776.665511}
{"obj": {"type": "LogFloats", "path": ["detailed_metrics", "valid_comp", "superdense", "noun_17"], "values": [{"value": 0.5, "step": null, "ts": 1741590776.6659682}]}, "version": 85, "at": 1741590776.665977}
{"obj": {"type": "LogFloats", "path": ["detailed_metrics", "valid_comp", "superdense", "noun_18"], "values": [{"value": 0.41935483870967744, "step": null, "ts": 1741590776.666434}]}, "version": 86, "at": 1741590776.666443}
{"obj": {"type": "LogFloats", "path": ["detailed_metrics", "valid_comp", "superdense", "noun_19"], "values": [{"value": 0.5645161290322581, "step": null, "ts": 1741590776.666893}]}, "version": 87, "at": 1741590776.666902}
{"obj": {"type": "LogFloats", "path": ["detailed_metrics", "valid_comp", "superdense", "noun_20"], "values": [{"value": 0.43548387096774194, "step": null, "ts": 1741590776.667358}]}, "version": 88, "at": 1741590776.667367}
{"obj": {"type": "LogFloats", "path": ["avg_metrics", "test_loss"], "values": [{"value": 0.7593141198158264, "step": null, "ts": 1741590779.4318552}]}, "version": 89, "at": 1741590779.4318871}
{"obj": {"type": "LogFloats", "path": ["avg_metrics", "test_accuracy"], "values": [{"value": 0.4830645024776459, "step": null, "ts": 1741590779.432024}]}, "version": 90, "at": 1741590779.432034}
{"obj": {"type": "LogFloats", "path": ["detailed_metrics", "test", "deeper", "noun_21"], "values": [{"value": 0.58, "step": null, "ts": 1741590781.767136}]}, "version": 91, "at": 1741590781.767379}
{"obj": {"type": "LogFloats", "path": ["detailed_metrics", "test", "deeper", "noun_22"], "values": [{"value": 0.48, "step": null, "ts": 1741590781.7685928}]}, "version": 92, "at": 1741590781.7686121}
{"obj": {"type": "LogFloats", "path": ["detailed_metrics", "test", "deeper", "noun_23"], "values": [{"value": 0.56, "step": null, "ts": 1741590781.769196}]}, "version": 93, "at": 1741590781.76921}
{"obj": {"type": "LogFloats", "path": ["detailed_metrics", "test", "deeper", "noun_24"], "values": [{"value": 0.46, "step": null, "ts": 1741590781.769676}]}, "version": 94, "at": 1741590781.769687}
{"obj": {"type": "LogFloats", "path": ["detailed_metrics", "test", "deeper", "noun_25"], "values": [{"value": 0.42, "step": null, "ts": 1741590781.7701461}]}, "version": 95, "at": 1741590781.770157}
{"obj": {"type": "LogFloats", "path": ["detailed_metrics", "test", "deeper", "noun_26"], "values": [{"value": 0.42, "step": null, "ts": 1741590781.770605}]}, "version": 96, "at": 1741590781.77064}
{"obj": {"type": "LogFloats", "path": ["detailed_metrics", "test", "deeper", "noun_27"], "values": [{"value": 0.42, "step": null, "ts": 1741590781.7712052}]}, "version": 97, "at": 1741590781.77122}
{"obj": {"type": "LogFloats", "path": ["detailed_metrics", "test", "deeper", "noun_28"], "values": [{"value": 0.62, "step": null, "ts": 1741590781.771709}]}, "version": 98, "at": 1741590781.771721}
{"obj": {"type": "LogFloats", "path": ["detailed_metrics", "test", "deeper", "noun_29"], "values": [{"value": 0.42, "step": null, "ts": 1741590781.772178}]}, "version": 99, "at": 1741590781.7721899}
{"obj": {"type": "LogFloats", "path": ["detailed_metrics", "test", "deeper", "noun_30"], "values": [{"value": 0.62, "step": null, "ts": 1741590781.772634}]}, "version": 100, "at": 1741590781.7726452}
{"obj": {"type": "LogFloats", "path": ["detailed_metrics", "test", "dense", "noun_21"], "values": [{"value": 0.48, "step": null, "ts": 1741590781.773089}]}, "version": 101, "at": 1741590781.7731001}
{"obj": {"type": "LogFloats", "path": ["detailed_metrics", "test", "dense", "noun_22"], "values": [{"value": 0.56, "step": null, "ts": 1741590781.7735229}]}, "version": 102, "at": 1741590781.7735329}
{"obj": {"type": "LogFloats", "path": ["detailed_metrics", "test", "dense", "noun_23"], "values": [{"value": 0.6, "step": null, "ts": 1741590781.774019}]}, "version": 103, "at": 1741590781.774029}
{"obj": {"type": "LogFloats", "path": ["detailed_metrics", "test", "dense", "noun_24"], "values": [{"value": 0.36, "step": null, "ts": 1741590781.774444}]}, "version": 104, "at": 1741590781.774454}
{"obj": {"type": "LogFloats", "path": ["detailed_metrics", "test", "dense", "noun_25"], "values": [{"value": 0.58, "step": null, "ts": 1741590781.7748659}]}, "version": 105, "at": 1741590781.774875}
{"obj": {"type": "LogFloats", "path": ["detailed_metrics", "test", "dense", "noun_26"], "values": [{"value": 0.44, "step": null, "ts": 1741590781.775289}]}, "version": 106, "at": 1741590781.775299}
{"obj": {"type": "LogFloats", "path": ["detailed_metrics", "test", "dense", "noun_27"], "values": [{"value": 0.4, "step": null, "ts": 1741590781.7757099}]}, "version": 107, "at": 1741590781.77572}
{"obj": {"type": "LogFloats", "path": ["detailed_metrics", "test", "dense", "noun_28"], "values": [{"value": 0.5, "step": null, "ts": 1741590781.776135}]}, "version": 108, "at": 1741590781.776145}
{"obj": {"type": "LogFloats", "path": ["detailed_metrics", "test", "dense", "noun_29"], "values": [{"value": 0.56, "step": null, "ts": 1741590781.776555}]}, "version": 109, "at": 1741590781.776565}
{"obj": {"type": "LogFloats", "path": ["detailed_metrics", "test", "dense", "noun_30"], "values": [{"value": 0.4, "step": null, "ts": 1741590781.7769752}]}, "version": 110, "at": 1741590781.776984}
{"obj": {"type": "LogFloats", "path": ["detailed_metrics", "test", "less", "noun_21"], "values": [{"value": 0.44, "step": null, "ts": 1741590781.7774}]}, "version": 111, "at": 1741590781.777411}
{"obj": {"type": "LogFloats", "path": ["detailed_metrics", "test", "less", "noun_22"], "values": [{"value": 0.4, "step": null, "ts": 1741590781.777827}]}, "version": 112, "at": 1741590781.777837}
{"obj": {"type": "LogFloats", "path": ["detailed_metrics", "test", "less", "noun_23"], "values": [{"value": 0.58, "step": null, "ts": 1741590781.778243}]}, "version": 113, "at": 1741590781.778254}
{"obj": {"type": "LogFloats", "path": ["detailed_metrics", "test", "less", "noun_24"], "values": [{"value": 0.34, "step": null, "ts": 1741590781.778655}]}, "version": 114, "at": 1741590781.778665}
{"obj": {"type": "LogFloats", "path": ["detailed_metrics", "test", "less", "noun_25"], "values": [{"value": 0.56, "step": null, "ts": 1741590781.7790668}]}, "version": 115, "at": 1741590781.779077}
{"obj": {"type": "LogFloats", "path": ["detailed_metrics", "test", "less", "noun_26"], "values": [{"value": 0.58, "step": null, "ts": 1741590781.779499}]}, "version": 116, "at": 1741590781.7795079}
{"obj": {"type": "LogFloats", "path": ["detailed_metrics", "test", "less", "noun_27"], "values": [{"value": 0.52, "step": null, "ts": 1741590781.779915}]}, "version": 117, "at": 1741590781.779925}
{"obj": {"type": "LogFloats", "path": ["detailed_metrics", "test", "less", "noun_28"], "values": [{"value": 0.42, "step": null, "ts": 1741590781.780334}]}, "version": 118, "at": 1741590781.780344}
{"obj": {"type": "LogFloats", "path": ["detailed_metrics", "test", "less", "noun_29"], "values": [{"value": 0.44, "step": null, "ts": 1741590781.78076}]}, "version": 119, "at": 1741590781.78077}
{"obj": {"type": "LogFloats", "path": ["detailed_metrics", "test", "less", "noun_30"], "values": [{"value": 0.48, "step": null, "ts": 1741590781.7813408}]}, "version": 120, "at": 1741590781.7813601}
{"obj": {"type": "LogFloats", "path": ["detailed_metrics", "test", "simple", "noun_21"], "values": [{"value": 0.4583333333333333, "step": null, "ts": 1741590781.7833998}]}, "version": 121, "at": 1741590781.783411}
{"obj": {"type": "LogFloats", "path": ["detailed_metrics", "test", "simple", "noun_22"], "values": [{"value": 0.3958333333333333, "step": null, "ts": 1741590781.783937}]}, "version": 122, "at": 1741590781.7839518}
{"obj": {"type": "LogFloats", "path": ["detailed_metrics", "test", "simple", "noun_23"], "values": [{"value": 0.5, "step": null, "ts": 1741590781.784555}]}, "version": 123, "at": 1741590781.784568}
{"obj": {"type": "LogFloats", "path": ["detailed_metrics", "test", "simple", "noun_24"], "values": [{"value": 0.5, "step": null, "ts": 1741590781.7850409}]}, "version": 124, "at": 1741590781.7850518}
{"obj": {"type": "LogFloats", "path": ["detailed_metrics", "test", "simple", "noun_25"], "values": [{"value": 0.5208333333333334, "step": null, "ts": 1741590781.785527}]}, "version": 125, "at": 1741590781.785538}
{"obj": {"type": "LogFloats", "path": ["detailed_metrics", "test", "simple", "noun_26"], "values": [{"value": 0.5, "step": null, "ts": 1741590781.786064}]}, "version": 126, "at": 1741590781.7860742}
{"obj": {"type": "LogFloats", "path": ["detailed_metrics", "test", "simple", "noun_27"], "values": [{"value": 0.4791666666666667, "step": null, "ts": 1741590781.7866108}]}, "version": 127, "at": 1741590781.786623}
{"obj": {"type": "LogFloats", "path": ["detailed_metrics", "test", "simple", "noun_28"], "values": [{"value": 0.3333333333333333, "step": null, "ts": 1741590781.787518}]}, "version": 128, "at": 1741590781.787529}
{"obj": {"type": "LogFloats", "path": ["detailed_metrics", "test", "simple", "noun_29"], "values": [{"value": 0.5833333333333334, "step": null, "ts": 1741590781.788028}]}, "version": 129, "at": 1741590781.788039}
{"obj": {"type": "LogFloats", "path": ["detailed_metrics", "test", "simple", "noun_30"], "values": [{"value": 0.5, "step": null, "ts": 1741590781.788464}]}, "version": 130, "at": 1741590781.788474}
{"obj": {"type": "LogFloats", "path": ["detailed_metrics", "test", "superdense", "noun_21"], "values": [{"value": 0.54, "step": null, "ts": 1741590781.788894}]}, "version": 131, "at": 1741590781.788904}
{"obj": {"type": "LogFloats", "path": ["detailed_metrics", "test", "superdense", "noun_22"], "values": [{"value": 0.5, "step": null, "ts": 1741590781.7893162}]}, "version": 132, "at": 1741590781.7893262}
{"obj": {"type": "LogFloats", "path": ["detailed_metrics", "test", "superdense", "noun_23"], "values": [{"value": 0.46, "step": null, "ts": 1741590781.789736}]}, "version": 133, "at": 1741590781.7897449}
{"obj": {"type": "LogFloats", "path": ["detailed_metrics", "test", "superdense", "noun_24"], "values": [{"value": 0.46, "step": null, "ts": 1741590781.790157}]}, "version": 134, "at": 1741590781.790168}
{"obj": {"type": "LogFloats", "path": ["detailed_metrics", "test", "superdense", "noun_25"], "values": [{"value": 0.42, "step": null, "ts": 1741590781.7905831}]}, "version": 135, "at": 1741590781.790593}
{"obj": {"type": "LogFloats", "path": ["detailed_metrics", "test", "superdense", "noun_26"], "values": [{"value": 0.5, "step": null, "ts": 1741590781.791002}]}, "version": 136, "at": 1741590781.791011}
{"obj": {"type": "LogFloats", "path": ["detailed_metrics", "test", "superdense", "noun_27"], "values": [{"value": 0.46, "step": null, "ts": 1741590781.791418}]}, "version": 137, "at": 1741590781.791428}
{"obj": {"type": "LogFloats", "path": ["detailed_metrics", "test", "superdense", "noun_28"], "values": [{"value": 0.42, "step": null, "ts": 1741590781.79184}]}, "version": 138, "at": 1741590781.791849}
{"obj": {"type": "LogFloats", "path": ["detailed_metrics", "test", "superdense", "noun_29"], "values": [{"value": 0.38, "step": null, "ts": 1741590781.792257}]}, "version": 139, "at": 1741590781.792267}
{"obj": {"type": "LogFloats", "path": ["detailed_metrics", "test", "superdense", "noun_30"], "values": [{"value": 0.46, "step": null, "ts": 1741590781.79268}]}, "version": 140, "at": 1741590781.79269}
