{"obj": {"type": "AssignString", "path": ["sys", "name"], "value": "all_4dir_lstm_tutorial"}, "version": 1, "at": 1741545085.1221519}
{"obj": {"type": "AssignString", "path": ["sys", "description"], "value": ""}, "version": 2, "at": 1741545085.1223722}
{"obj": {"type": "AssignString", "path": ["monitoring", "1d564b32", "hostname"], "value": "Katerinas-MacBook-Air.local"}, "version": 3, "at": 1741545085.1224508}
{"obj": {"type": "AssignString", "path": ["sys", "hostname"], "value": "Katerinas-MacBook-Air.local"}, "version": 4, "at": 1741545085.122504}
{"obj": {"type": "AssignString", "path": ["monitoring", "1d564b32", "pid"], "value": "28271"}, "version": 5, "at": 1741545085.1225548}
{"obj": {"type": "AssignString", "path": ["monitoring", "1d564b32", "tid"], "value": "8071241408"}, "version": 6, "at": 1741545085.122599}
{"obj": {"type": "AddStrings", "path": ["sys", "tags"], "values": ["all_4dir", "lstm", "tutorial"]}, "version": 7, "at": 1741545085.1226728}
{"obj": {"type": "AssignBool", "path": ["sys", "failed"], "value": false}, "version": 8, "at": 1741545085.122726}
{"obj": {"type": "AssignFloat", "path": ["parameters", "learning_rate"], "value": 8e-05}, "version": 9, "at": 1741545085.127893}
{"obj": {"type": "AssignInt", "path": ["parameters", "batch_size"], "value": 64}, "version": 10, "at": 1741545085.128406}
{"obj": {"type": "AssignFloat", "path": ["parameters", "dropout"], "value": 0.38}, "version": 11, "at": 1741545085.128792}
{"obj": {"type": "AssignFloat", "path": ["parameters", "l1_regul"], "value": 8e-05}, "version": 12, "at": 1741545085.129181}
{"obj": {"type": "AssignFloat", "path": ["parameters", "l2_regul"], "value": 8e-05}, "version": 13, "at": 1741545085.1293461}
{"obj": {"type": "AssignInt", "path": ["parameters", "hidden_layers"], "value": 134}, "version": 14, "at": 1741545085.1294029}
{"obj": {"type": "AssignString", "path": ["parameters", "dataset"], "value": "all_4dir"}, "version": 15, "at": 1741545085.129449}
{"obj": {"type": "LogFloats", "path": ["avg_metrics", "placeholder"], "values": [{"value": 0.0, "step": null, "ts": 1741545085.1600032}]}, "version": 16, "at": 1741545085.16004}
{"obj": {"type": "LogFloats", "path": ["avg_metrics", "train_loss"], "values": [{"value": 0.6940575242042542, "step": 0, "ts": 1741545091.74081}]}, "version": 17, "at": 1741545091.740845}
{"obj": {"type": "LogFloats", "path": ["avg_metrics", "train_accuracy"], "values": [{"value": 0.5302419066429138, "step": 0, "ts": 1741545091.741361}]}, "version": 18, "at": 1741545091.741379}
{"obj": {"type": "LogFloats", "path": ["avg_metrics", "val_loss"], "values": [{"value": 0.6949054598808289, "step": 0, "ts": 1741545091.7414742}]}, "version": 19, "at": 1741545091.7414882}
{"obj": {"type": "LogFloats", "path": ["avg_metrics", "val_accuracy"], "values": [{"value": 0.48636364936828613, "step": 0, "ts": 1741545091.7415612}]}, "version": 20, "at": 1741545091.7415721}
