2025-03-05 15:44:11,763 - story_understanding - INFO - Preparing data for 2directional dataset...
2025-03-05 15:44:11,828 - story_understanding - INFO - Starting experiment: 2directional_lstm_experiment at 2025-03-05 15:44:11
2025-03-05 15:44:11,828 - story_understanding - INFO - Framework: lstm
2025-03-05 15:44:11,828 - story_understanding - INFO - Dataset info:
2025-03-05 15:44:11,828 - story_understanding - INFO -   name: 2directional
2025-03-05 15:44:11,828 - story_understanding - INFO -   train_size: 100
2025-03-05 15:44:11,828 - story_understanding - INFO -   val_size: 20
2025-03-05 15:44:11,828 - story_understanding - INFO -   vocab_size: 55
2025-03-05 15:44:11,829 - story_understanding - INFO - === Hyperparameters ===
2025-03-05 15:44:11,829 - story_understanding - INFO -   learning_rate: 0.001
2025-03-05 15:44:11,830 - story_understanding - INFO -   batch_size: 128
2025-03-05 15:44:11,830 - story_understanding - INFO -   dropout: 0.39
2025-03-05 15:44:11,830 - story_understanding - INFO -   l1_regul: 5e-05
2025-03-05 15:44:11,830 - story_understanding - INFO -   l2_regul: 3e-05
2025-03-05 15:44:11,830 - story_understanding - INFO -   hidden_layers: 74
2025-03-05 15:44:11,831 - story_understanding - INFO - ======================
2025-03-05 15:44:12,846 - story_understanding - INFO - Creating model...
2025-03-05 15:44:13,381 - story_understanding - INFO - Training model on 2directional dataset...
2025-03-05 16:15:05,468 - story_understanding - INFO - Preparing data for 2directional dataset...
2025-03-05 16:15:05,504 - story_understanding - INFO - Starting experiment: 2directional_lstm_experiment at 2025-03-05 16:15:05
2025-03-05 16:15:05,505 - story_understanding - INFO - Framework: lstm
2025-03-05 16:15:05,505 - story_understanding - INFO - Dataset info:
2025-03-05 16:15:05,505 - story_understanding - INFO -   name: 2directional
2025-03-05 16:15:05,505 - story_understanding - INFO -   train_size: 100
2025-03-05 16:15:05,505 - story_understanding - INFO -   val_size: 20
2025-03-05 16:15:05,505 - story_understanding - INFO -   vocab_size: 55
2025-03-05 16:15:05,505 - story_understanding - INFO - === Hyperparameters ===
2025-03-05 16:15:05,505 - story_understanding - INFO -   learning_rate: 0.001
2025-03-05 16:15:05,505 - story_understanding - INFO -   batch_size: 128
2025-03-05 16:15:05,505 - story_understanding - INFO -   dropout: 0.39
2025-03-05 16:15:05,505 - story_understanding - INFO -   l1_regul: 5e-05
2025-03-05 16:15:05,505 - story_understanding - INFO -   l2_regul: 3e-05
2025-03-05 16:15:05,505 - story_understanding - INFO -   hidden_layers: 74
2025-03-05 16:15:05,505 - story_understanding - INFO - ======================
2025-03-05 16:15:06,324 - story_understanding - INFO - Creating model...
2025-03-05 16:15:06,851 - story_understanding - INFO - Training model on 2directional dataset...
2025-03-05 16:15:23,846 - story_understanding - INFO - Best model saved to: models/training/2directional_lstm_ep06_hl74_do0.39_bs128_lr0.0010_acc0p7500.h5
2025-03-05 16:15:27,531 - story_understanding - INFO - Completed experiment: 2directional_lstm_training at 2025-03-05 16:15:27
2025-03-05 16:15:27,531 - story_understanding - INFO - Best validation accuracy: 0.7500
2025-03-05 16:15:27,531 - story_understanding - INFO - Final metrics:
2025-03-05 16:15:27,531 - story_understanding - INFO -   loss (final): 0.6675
2025-03-05 16:15:27,532 - story_understanding - INFO -   accuracy (final): 0.7000
2025-03-05 16:15:27,532 - story_understanding - INFO -   val_loss (final): 0.6716
2025-03-05 16:15:27,532 - story_understanding - INFO -   val_accuracy (final): 0.6000
2025-03-05 16:15:27,532 - story_understanding - INFO - Done!
2025-03-05 19:02:21,439 - story_understanding - INFO - Preparing data for 2directional dataset...
2025-03-05 19:02:21,479 - story_understanding - INFO - Starting experiment: 2directional_lstm_experiment at 2025-03-05 19:02:21
2025-03-05 19:02:21,479 - story_understanding - INFO - Framework: lstm
2025-03-05 19:02:21,479 - story_understanding - INFO - Dataset info:
2025-03-05 19:02:21,479 - story_understanding - INFO -   name: 2directional
2025-03-05 19:02:21,479 - story_understanding - INFO -   train_size: 100
2025-03-05 19:02:21,479 - story_understanding - INFO -   val_size: 20
2025-03-05 19:02:21,479 - story_understanding - INFO -   vocab_size: 55
2025-03-05 19:02:21,479 - story_understanding - INFO - Starting hyperparameter optimization for 2directional dataset...
