{"obj": {"type": "AssignString", "path": ["sys", "name"], "value": "4dir_lstm_optimization"}, "version": 1, "at": 1741378163.184746}
{"obj": {"type": "AssignString", "path": ["sys", "description"], "value": ""}, "version": 2, "at": 1741378163.1849759}
{"obj": {"type": "AssignString", "path": ["monitoring", "452f0486", "hostname"], "value": "Katerinas-MacBook-Air.local"}, "version": 3, "at": 1741378163.185052}
{"obj": {"type": "AssignString", "path": ["sys", "hostname"], "value": "Katerinas-MacBook-Air.local"}, "version": 4, "at": 1741378163.185106}
{"obj": {"type": "AssignString", "path": ["monitoring", "452f0486", "pid"], "value": "11223"}, "version": 5, "at": 1741378163.185159}
{"obj": {"type": "AssignString", "path": ["monitoring", "452f0486", "tid"], "value": "8071241408"}, "version": 6, "at": 1741378163.185208}
{"obj": {"type": "AddStrings", "path": ["sys", "tags"], "values": ["lstm", "optimization", "4dir"]}, "version": 7, "at": 1741378163.185311}
{"obj": {"type": "AssignBool", "path": ["sys", "failed"], "value": false}, "version": 8, "at": 1741378163.185368}
{"obj": {"type": "AssignString", "path": ["parameters", "dataset"], "value": "4dir"}, "version": 9, "at": 1741378163.190251}
{"obj": {"type": "AssignString", "path": ["parameters", "framework"], "value": "lstm"}, "version": 10, "at": 1741378163.1906612}
{"obj": {"type": "AssignBool", "path": ["parameters", "optimization"], "value": true}, "version": 11, "at": 1741378163.190957}
{"obj": {"type": "LogFloats", "path": ["metrics", "placeholder"], "values": [{"value": 0.0, "step": null, "ts": 1741378163.4714491}]}, "version": 12, "at": 1741378163.471477}
{"obj": {"type": "LogFloats", "path": ["metrics", "train_loss"], "values": [{"value": 0.7106866240501404, "step": 0, "ts": 1741378173.778882}]}, "version": 13, "at": 1741378173.779215}
{"obj": {"type": "LogFloats", "path": ["metrics", "train_accuracy"], "values": [{"value": 0.47999998927116394, "step": 0, "ts": 1741378173.779949}]}, "version": 14, "at": 1741378173.779993}
{"obj": {"type": "LogFloats", "path": ["metrics", "val_loss"], "values": [{"value": 0.6357999444007874, "step": 0, "ts": 1741378173.780184}]}, "version": 15, "at": 1741378173.780214}
{"obj": {"type": "LogFloats", "path": ["metrics", "val_accuracy"], "values": [{"value": 0.6714285612106323, "step": 0, "ts": 1741378173.78038}]}, "version": 16, "at": 1741378173.780397}
{"obj": {"type": "LogFloats", "path": ["best", "current_best_epoch"], "values": [{"value": 0.0, "step": null, "ts": 1741378173.781068}]}, "version": 17, "at": 1741378173.7810938}
{"obj": {"type": "LogFloats", "path": ["best", "current_best_val_accuracy"], "values": [{"value": 0.6714285612106323, "step": null, "ts": 1741378173.782115}]}, "version": 18, "at": 1741378173.782133}
{"obj": {"type": "LogFloats", "path": ["top_epochs", "rank_1_epoch"], "values": [{"value": 0.0, "step": null, "ts": 1741378173.782345}]}, "version": 19, "at": 1741378173.7823648}
{"obj": {"type": "LogFloats", "path": ["top_epochs", "rank_1_accuracy"], "values": [{"value": 0.6714285612106323, "step": null, "ts": 1741378173.782469}]}, "version": 20, "at": 1741378173.782484}
{"obj": {"type": "UploadFile", "path": ["models", "model_checkpoints", "epoch_0"], "ext": "h5", "file_path": "/Users/katerina__saiti/Downloads/4.2/following_qa/model_epoch_00.weights.h5", "tmp_file_name": null, "clean_after_upload": false}, "version": 21, "at": 1741378178.453712}
{"obj": {"type": "LogFloats", "path": ["detailed_metrics", "epoch_0", "dense", "noun_4", "train"], "values": [{"value": 0.5460000038146973, "step": null, "ts": 1741378178.454199}]}, "version": 22, "at": 1741378178.454228}
{"obj": {"type": "LogFloats", "path": ["detailed_metrics", "epoch_0", "dense", "noun_4", "val"], "values": [{"value": 0.6285714507102966, "step": null, "ts": 1741378178.454797}]}, "version": 23, "at": 1741378178.454808}
{"obj": {"type": "LogFloats", "path": ["detailed_metrics", "epoch_0", "less", "noun_4", "train"], "values": [{"value": 0.527999997138977, "step": null, "ts": 1741378178.454871}]}, "version": 24, "at": 1741378178.45488}
{"obj": {"type": "LogFloats", "path": ["detailed_metrics", "epoch_0", "less", "noun_4", "val"], "values": [{"value": 0.6428571343421936, "step": null, "ts": 1741378178.454935}]}, "version": 25, "at": 1741378178.454944}
{"obj": {"type": "LogFloats", "path": ["detailed_metrics", "epoch_0", "superdense", "noun_4", "train"], "values": [{"value": 0.5440000295639038, "step": null, "ts": 1741378178.454998}]}, "version": 26, "at": 1741378178.455005}
{"obj": {"type": "LogFloats", "path": ["detailed_metrics", "epoch_0", "superdense", "noun_4", "val"], "values": [{"value": 0.6428571343421936, "step": null, "ts": 1741378178.455055}]}, "version": 27, "at": 1741378178.455062}
{"obj": {"type": "LogFloats", "path": ["detailed_metrics", "epoch_0", "simple", "noun_4", "train"], "values": [{"value": 0.5419999957084656, "step": null, "ts": 1741378178.455113}]}, "version": 28, "at": 1741378178.4551208}
{"obj": {"type": "LogFloats", "path": ["detailed_metrics", "epoch_0", "simple", "noun_4", "val"], "values": [{"value": 0.6857143044471741, "step": null, "ts": 1741378178.4551702}]}, "version": 29, "at": 1741378178.455177}
{"obj": {"type": "LogFloats", "path": ["detailed_metrics", "epoch_0", "deeper", "noun_4", "train"], "values": [{"value": 0.5440000295639038, "step": null, "ts": 1741378178.4552279}]}, "version": 30, "at": 1741378178.455235}
{"obj": {"type": "LogFloats", "path": ["detailed_metrics", "epoch_0", "deeper", "noun_4", "val"], "values": [{"value": 0.6428571343421936, "step": null, "ts": 1741378178.455282}]}, "version": 31, "at": 1741378178.45529}
{"obj": {"type": "LogFloats", "path": ["metrics", "train_loss"], "values": [{"value": 0.6772829294204712, "step": 1, "ts": 1741378179.904147}]}, "version": 32, "at": 1741378179.9041889}
{"obj": {"type": "LogFloats", "path": ["metrics", "train_accuracy"], "values": [{"value": 0.5799999833106995, "step": 1, "ts": 1741378179.904335}]}, "version": 33, "at": 1741378179.90435}
{"obj": {"type": "LogFloats", "path": ["metrics", "val_loss"], "values": [{"value": 0.6018530130386353, "step": 1, "ts": 1741378179.9044101}]}, "version": 34, "at": 1741378179.9044201}
{"obj": {"type": "LogFloats", "path": ["metrics", "val_accuracy"], "values": [{"value": 0.6714285612106323, "step": 1, "ts": 1741378179.9044669}]}, "version": 35, "at": 1741378179.904476}
{"obj": {"type": "LogFloats", "path": ["top_epochs", "rank_1_epoch"], "values": [{"value": 1.0, "step": null, "ts": 1741378179.904634}]}, "version": 36, "at": 1741378179.904646}
{"obj": {"type": "LogFloats", "path": ["top_epochs", "rank_1_accuracy"], "values": [{"value": 0.6714285612106323, "step": null, "ts": 1741378179.904885}]}, "version": 37, "at": 1741378179.9049048}
{"obj": {"type": "LogFloats", "path": ["top_epochs", "rank_2_epoch"], "values": [{"value": 0.0, "step": null, "ts": 1741378179.9050188}]}, "version": 38, "at": 1741378179.905032}
{"obj": {"type": "LogFloats", "path": ["top_epochs", "rank_2_accuracy"], "values": [{"value": 0.6714285612106323, "step": null, "ts": 1741378179.9051}]}, "version": 39, "at": 1741378179.9051101}
{"obj": {"type": "UploadFile", "path": ["models", "model_checkpoints", "epoch_1"], "ext": "h5", "file_path": "/Users/katerina__saiti/Downloads/4.2/following_qa/model_epoch_01.weights.h5", "tmp_file_name": null, "clean_after_upload": false}, "version": 40, "at": 1741378183.348688}
{"obj": {"type": "LogFloats", "path": ["detailed_metrics", "epoch_1", "dense", "noun_4", "train"], "values": [{"value": 0.621999979019165, "step": null, "ts": 1741378183.349262}]}, "version": 41, "at": 1741378183.349327}
{"obj": {"type": "LogFloats", "path": ["detailed_metrics", "epoch_1", "dense", "noun_4", "val"], "values": [{"value": 0.6857143044471741, "step": null, "ts": 1741378183.349952}]}, "version": 42, "at": 1741378183.3499641}
{"obj": {"type": "LogFloats", "path": ["detailed_metrics", "epoch_1", "less", "noun_4", "train"], "values": [{"value": 0.6079999804496765, "step": null, "ts": 1741378183.3500319}]}, "version": 43, "at": 1741378183.3500412}
{"obj": {"type": "LogFloats", "path": ["detailed_metrics", "epoch_1", "less", "noun_4", "val"], "values": [{"value": 0.6857143044471741, "step": null, "ts": 1741378183.3500988}]}, "version": 44, "at": 1741378183.350108}
{"obj": {"type": "LogFloats", "path": ["detailed_metrics", "epoch_1", "superdense", "noun_4", "train"], "values": [{"value": 0.6039999723434448, "step": null, "ts": 1741378183.350162}]}, "version": 45, "at": 1741378183.3501701}
{"obj": {"type": "LogFloats", "path": ["detailed_metrics", "epoch_1", "superdense", "noun_4", "val"], "values": [{"value": 0.6571428775787354, "step": null, "ts": 1741378183.350222}]}, "version": 46, "at": 1741378183.350229}
{"obj": {"type": "LogFloats", "path": ["detailed_metrics", "epoch_1", "simple", "noun_4", "train"], "values": [{"value": 0.6100000143051147, "step": null, "ts": 1741378183.350283}]}, "version": 47, "at": 1741378183.3502898}
{"obj": {"type": "LogFloats", "path": ["detailed_metrics", "epoch_1", "simple", "noun_4", "val"], "values": [{"value": 0.699999988079071, "step": null, "ts": 1741378183.3503401}]}, "version": 48, "at": 1741378183.350347}
{"obj": {"type": "LogFloats", "path": ["detailed_metrics", "epoch_1", "deeper", "noun_4", "train"], "values": [{"value": 0.6140000224113464, "step": null, "ts": 1741378183.350398}]}, "version": 49, "at": 1741378183.3504052}
{"obj": {"type": "LogFloats", "path": ["detailed_metrics", "epoch_1", "deeper", "noun_4", "val"], "values": [{"value": 0.699999988079071, "step": null, "ts": 1741378183.350452}]}, "version": 50, "at": 1741378183.3504589}
{"obj": {"type": "LogFloats", "path": ["metrics", "train_loss"], "values": [{"value": 0.6691409945487976, "step": 2, "ts": 1741378185.804546}]}, "version": 51, "at": 1741378185.804656}
{"obj": {"type": "LogFloats", "path": ["metrics", "train_accuracy"], "values": [{"value": 0.593999981880188, "step": 2, "ts": 1741378185.804859}]}, "version": 52, "at": 1741378185.804877}
{"obj": {"type": "LogFloats", "path": ["metrics", "val_loss"], "values": [{"value": 0.6161025762557983, "step": 2, "ts": 1741378185.8049579}]}, "version": 53, "at": 1741378185.80497}
{"obj": {"type": "LogFloats", "path": ["metrics", "val_accuracy"], "values": [{"value": 0.6857143044471741, "step": 2, "ts": 1741378185.8050308}]}, "version": 54, "at": 1741378185.8050408}
{"obj": {"type": "LogFloats", "path": ["best", "current_best_epoch"], "values": [{"value": 2.0, "step": null, "ts": 1741378185.805299}]}, "version": 55, "at": 1741378185.805312}
{"obj": {"type": "LogFloats", "path": ["best", "current_best_val_accuracy"], "values": [{"value": 0.6857143044471741, "step": null, "ts": 1741378185.8057668}]}, "version": 56, "at": 1741378185.805791}
{"obj": {"type": "LogFloats", "path": ["top_epochs", "rank_1_epoch"], "values": [{"value": 2.0, "step": null, "ts": 1741378185.805921}]}, "version": 57, "at": 1741378185.8059368}
{"obj": {"type": "LogFloats", "path": ["top_epochs", "rank_1_accuracy"], "values": [{"value": 0.6857143044471741, "step": null, "ts": 1741378185.8060002}]}, "version": 58, "at": 1741378185.806012}
{"obj": {"type": "LogFloats", "path": ["top_epochs", "rank_2_epoch"], "values": [{"value": 1.0, "step": null, "ts": 1741378185.806068}]}, "version": 59, "at": 1741378185.806078}
{"obj": {"type": "LogFloats", "path": ["top_epochs", "rank_2_accuracy"], "values": [{"value": 0.6714285612106323, "step": null, "ts": 1741378185.806127}]}, "version": 60, "at": 1741378185.806138}
{"obj": {"type": "LogFloats", "path": ["top_epochs", "rank_3_epoch"], "values": [{"value": 0.0, "step": null, "ts": 1741378185.806247}]}, "version": 61, "at": 1741378185.806258}
{"obj": {"type": "LogFloats", "path": ["top_epochs", "rank_3_accuracy"], "values": [{"value": 0.6714285612106323, "step": null, "ts": 1741378185.806327}]}, "version": 62, "at": 1741378185.806337}
{"obj": {"type": "UploadFile", "path": ["models", "model_checkpoints", "epoch_2"], "ext": "h5", "file_path": "/Users/katerina__saiti/Downloads/4.2/following_qa/model_epoch_02.weights.h5", "tmp_file_name": null, "clean_after_upload": false}, "version": 63, "at": 1741378189.2389839}
{"obj": {"type": "LogFloats", "path": ["detailed_metrics", "epoch_2", "dense", "noun_4", "train"], "values": [{"value": 0.6380000114440918, "step": null, "ts": 1741378189.239242}]}, "version": 64, "at": 1741378189.239263}
{"obj": {"type": "LogFloats", "path": ["detailed_metrics", "epoch_2", "dense", "noun_4", "val"], "values": [{"value": 0.6428571343421936, "step": null, "ts": 1741378189.239558}]}, "version": 65, "at": 1741378189.2395751}
{"obj": {"type": "LogFloats", "path": ["detailed_metrics", "epoch_2", "less", "noun_4", "train"], "values": [{"value": 0.6380000114440918, "step": null, "ts": 1741378189.239674}]}, "version": 66, "at": 1741378189.239687}
{"obj": {"type": "LogFloats", "path": ["detailed_metrics", "epoch_2", "less", "noun_4", "val"], "values": [{"value": 0.6857143044471741, "step": null, "ts": 1741378189.239757}]}, "version": 67, "at": 1741378189.239767}
{"obj": {"type": "LogFloats", "path": ["detailed_metrics", "epoch_2", "superdense", "noun_4", "train"], "values": [{"value": 0.6240000128746033, "step": null, "ts": 1741378189.239836}]}, "version": 68, "at": 1741378189.239846}
{"obj": {"type": "LogFloats", "path": ["detailed_metrics", "epoch_2", "superdense", "noun_4", "val"], "values": [{"value": 0.6428571343421936, "step": null, "ts": 1741378189.2399092}]}, "version": 69, "at": 1741378189.239918}
{"obj": {"type": "LogFloats", "path": ["detailed_metrics", "epoch_2", "simple", "noun_4", "train"], "values": [{"value": 0.6520000100135803, "step": null, "ts": 1741378189.2399812}]}, "version": 70, "at": 1741378189.23999}
{"obj": {"type": "LogFloats", "path": ["detailed_metrics", "epoch_2", "simple", "noun_4", "val"], "values": [{"value": 0.5857142806053162, "step": null, "ts": 1741378189.240049}]}, "version": 71, "at": 1741378189.2400582}
{"obj": {"type": "LogFloats", "path": ["detailed_metrics", "epoch_2", "deeper", "noun_4", "train"], "values": [{"value": 0.6420000195503235, "step": null, "ts": 1741378189.2401211}]}, "version": 72, "at": 1741378189.24013}
{"obj": {"type": "LogFloats", "path": ["detailed_metrics", "epoch_2", "deeper", "noun_4", "val"], "values": [{"value": 0.6571428775787354, "step": null, "ts": 1741378189.240184}]}, "version": 73, "at": 1741378189.2401931}
{"obj": {"type": "LogFloats", "path": ["best", "final_best_epoch"], "values": [{"value": 2.0, "step": null, "ts": 1741378189.289591}]}, "version": 74, "at": 1741378189.28964}
{"obj": {"type": "LogFloats", "path": ["best", "final_best_val_accuracy"], "values": [{"value": 0.6857143044471741, "step": null, "ts": 1741378189.2898161}]}, "version": 75, "at": 1741378189.289829}
{"obj": {"type": "LogFloats", "path": ["detailed_metrics", "epoch_2", "dense", "noun_4", "train"], "values": [{"value": 0.6380000114440918, "step": null, "ts": 1741378189.289946}]}, "version": 76, "at": 1741378189.289959}
{"obj": {"type": "LogFloats", "path": ["detailed_metrics", "epoch_2", "dense", "noun_4", "val"], "values": [{"value": 0.6428571343421936, "step": null, "ts": 1741378189.290012}]}, "version": 77, "at": 1741378189.2900212}
{"obj": {"type": "LogFloats", "path": ["detailed_metrics", "epoch_2", "less", "noun_4", "train"], "values": [{"value": 0.6380000114440918, "step": null, "ts": 1741378189.290067}]}, "version": 78, "at": 1741378189.2900748}
{"obj": {"type": "LogFloats", "path": ["detailed_metrics", "epoch_2", "less", "noun_4", "val"], "values": [{"value": 0.6857143044471741, "step": null, "ts": 1741378189.290136}]}, "version": 79, "at": 1741378189.290161}
{"obj": {"type": "LogFloats", "path": ["detailed_metrics", "epoch_2", "superdense", "noun_4", "train"], "values": [{"value": 0.6240000128746033, "step": null, "ts": 1741378189.29031}]}, "version": 80, "at": 1741378189.290325}
{"obj": {"type": "LogFloats", "path": ["detailed_metrics", "epoch_2", "superdense", "noun_4", "val"], "values": [{"value": 0.6428571343421936, "step": null, "ts": 1741378189.2905228}]}, "version": 81, "at": 1741378189.290543}
{"obj": {"type": "LogFloats", "path": ["detailed_metrics", "epoch_2", "simple", "noun_4", "train"], "values": [{"value": 0.6520000100135803, "step": null, "ts": 1741378189.2907252}]}, "version": 82, "at": 1741378189.290739}
{"obj": {"type": "LogFloats", "path": ["detailed_metrics", "epoch_2", "simple", "noun_4", "val"], "values": [{"value": 0.5857142806053162, "step": null, "ts": 1741378189.290896}]}, "version": 83, "at": 1741378189.2909172}
{"obj": {"type": "LogFloats", "path": ["detailed_metrics", "epoch_2", "deeper", "noun_4", "train"], "values": [{"value": 0.6420000195503235, "step": null, "ts": 1741378189.2910311}]}, "version": 84, "at": 1741378189.2910452}
{"obj": {"type": "LogFloats", "path": ["detailed_metrics", "epoch_2", "deeper", "noun_4", "val"], "values": [{"value": 0.6571428775787354, "step": null, "ts": 1741378189.291125}]}, "version": 85, "at": 1741378189.2911391}
{"obj": {"type": "LogFloats", "path": ["detailed_metrics", "epoch_1", "dense", "noun_4", "train"], "values": [{"value": 0.621999979019165, "step": null, "ts": 1741378189.291214}]}, "version": 86, "at": 1741378189.2912252}
{"obj": {"type": "LogFloats", "path": ["detailed_metrics", "epoch_1", "dense", "noun_4", "val"], "values": [{"value": 0.6857143044471741, "step": null, "ts": 1741378189.291269}]}, "version": 87, "at": 1741378189.2912772}
{"obj": {"type": "LogFloats", "path": ["detailed_metrics", "epoch_1", "less", "noun_4", "train"], "values": [{"value": 0.6079999804496765, "step": null, "ts": 1741378189.291338}]}, "version": 88, "at": 1741378189.2913458}
{"obj": {"type": "LogFloats", "path": ["detailed_metrics", "epoch_1", "less", "noun_4", "val"], "values": [{"value": 0.6857143044471741, "step": null, "ts": 1741378189.291391}]}, "version": 89, "at": 1741378189.2914}
{"obj": {"type": "LogFloats", "path": ["detailed_metrics", "epoch_1", "superdense", "noun_4", "train"], "values": [{"value": 0.6039999723434448, "step": null, "ts": 1741378189.291614}]}, "version": 90, "at": 1741378189.2916238}
{"obj": {"type": "LogFloats", "path": ["detailed_metrics", "epoch_1", "superdense", "noun_4", "val"], "values": [{"value": 0.6571428775787354, "step": null, "ts": 1741378189.291842}]}, "version": 91, "at": 1741378189.291855}
{"obj": {"type": "LogFloats", "path": ["detailed_metrics", "epoch_1", "simple", "noun_4", "train"], "values": [{"value": 0.6100000143051147, "step": null, "ts": 1741378189.292233}]}, "version": 92, "at": 1741378189.292246}
{"obj": {"type": "LogFloats", "path": ["detailed_metrics", "epoch_1", "simple", "noun_4", "val"], "values": [{"value": 0.699999988079071, "step": null, "ts": 1741378189.292297}]}, "version": 93, "at": 1741378189.292307}
{"obj": {"type": "LogFloats", "path": ["detailed_metrics", "epoch_1", "deeper", "noun_4", "train"], "values": [{"value": 0.6140000224113464, "step": null, "ts": 1741378189.2924218}]}, "version": 94, "at": 1741378189.292431}
{"obj": {"type": "LogFloats", "path": ["detailed_metrics", "epoch_1", "deeper", "noun_4", "val"], "values": [{"value": 0.699999988079071, "step": null, "ts": 1741378189.2926002}]}, "version": 95, "at": 1741378189.292612}
{"obj": {"type": "LogFloats", "path": ["detailed_metrics", "epoch_0", "dense", "noun_4", "train"], "values": [{"value": 0.5460000038146973, "step": null, "ts": 1741378189.292744}]}, "version": 96, "at": 1741378189.292754}
{"obj": {"type": "LogFloats", "path": ["detailed_metrics", "epoch_0", "dense", "noun_4", "val"], "values": [{"value": 0.6285714507102966, "step": null, "ts": 1741378189.2928698}]}, "version": 97, "at": 1741378189.292879}
{"obj": {"type": "LogFloats", "path": ["detailed_metrics", "epoch_0", "less", "noun_4", "train"], "values": [{"value": 0.527999997138977, "step": null, "ts": 1741378189.292927}]}, "version": 98, "at": 1741378189.2929358}
{"obj": {"type": "LogFloats", "path": ["detailed_metrics", "epoch_0", "less", "noun_4", "val"], "values": [{"value": 0.6428571343421936, "step": null, "ts": 1741378189.292992}]}, "version": 99, "at": 1741378189.293001}
{"obj": {"type": "LogFloats", "path": ["detailed_metrics", "epoch_0", "superdense", "noun_4", "train"], "values": [{"value": 0.5440000295639038, "step": null, "ts": 1741378189.293113}]}, "version": 100, "at": 1741378189.293122}
{"obj": {"type": "LogFloats", "path": ["detailed_metrics", "epoch_0", "superdense", "noun_4", "val"], "values": [{"value": 0.6428571343421936, "step": null, "ts": 1741378189.293168}]}, "version": 101, "at": 1741378189.2931762}
{"obj": {"type": "LogFloats", "path": ["detailed_metrics", "epoch_0", "simple", "noun_4", "train"], "values": [{"value": 0.5419999957084656, "step": null, "ts": 1741378189.293216}]}, "version": 102, "at": 1741378189.2932239}
{"obj": {"type": "LogFloats", "path": ["detailed_metrics", "epoch_0", "simple", "noun_4", "val"], "values": [{"value": 0.6857143044471741, "step": null, "ts": 1741378189.293261}]}, "version": 103, "at": 1741378189.293269}
{"obj": {"type": "LogFloats", "path": ["detailed_metrics", "epoch_0", "deeper", "noun_4", "train"], "values": [{"value": 0.5440000295639038, "step": null, "ts": 1741378189.2933419}]}, "version": 104, "at": 1741378189.29335}
{"obj": {"type": "LogFloats", "path": ["detailed_metrics", "epoch_0", "deeper", "noun_4", "val"], "values": [{"value": 0.6428571343421936, "step": null, "ts": 1741378189.2934139}]}, "version": 105, "at": 1741378189.293422}
{"obj": {"type": "LogFloats", "path": ["best", "final_best_epoch"], "values": [{"value": 2.0, "step": null, "ts": 1741378189.298968}]}, "version": 106, "at": 1741378189.298988}
{"obj": {"type": "LogFloats", "path": ["best", "final_best_val_accuracy"], "values": [{"value": 0.6857143044471741, "step": null, "ts": 1741378189.299316}]}, "version": 107, "at": 1741378189.299335}
{"obj": {"type": "LogFloats", "path": ["detailed_metrics", "epoch_2", "dense", "noun_4", "train"], "values": [{"value": 0.6380000114440918, "step": null, "ts": 1741378189.299864}]}, "version": 108, "at": 1741378189.2998788}
{"obj": {"type": "LogFloats", "path": ["detailed_metrics", "epoch_2", "dense", "noun_4", "val"], "values": [{"value": 0.6428571343421936, "step": null, "ts": 1741378189.300104}]}, "version": 109, "at": 1741378189.300137}
{"obj": {"type": "LogFloats", "path": ["detailed_metrics", "epoch_2", "less", "noun_4", "train"], "values": [{"value": 0.6380000114440918, "step": null, "ts": 1741378189.3004239}]}, "version": 110, "at": 1741378189.3004391}
{"obj": {"type": "LogFloats", "path": ["detailed_metrics", "epoch_2", "less", "noun_4", "val"], "values": [{"value": 0.6857143044471741, "step": null, "ts": 1741378189.3008199}]}, "version": 111, "at": 1741378189.3008351}
{"obj": {"type": "LogFloats", "path": ["detailed_metrics", "epoch_2", "superdense", "noun_4", "train"], "values": [{"value": 0.6240000128746033, "step": null, "ts": 1741378189.3011048}]}, "version": 112, "at": 1741378189.301117}
{"obj": {"type": "LogFloats", "path": ["detailed_metrics", "epoch_2", "superdense", "noun_4", "val"], "values": [{"value": 0.6428571343421936, "step": null, "ts": 1741378189.301245}]}, "version": 113, "at": 1741378189.301256}
{"obj": {"type": "LogFloats", "path": ["detailed_metrics", "epoch_2", "simple", "noun_4", "train"], "values": [{"value": 0.6520000100135803, "step": null, "ts": 1741378189.3014169}]}, "version": 114, "at": 1741378189.301434}
{"obj": {"type": "LogFloats", "path": ["detailed_metrics", "epoch_2", "simple", "noun_4", "val"], "values": [{"value": 0.5857142806053162, "step": null, "ts": 1741378189.30159}]}, "version": 115, "at": 1741378189.301603}
{"obj": {"type": "LogFloats", "path": ["detailed_metrics", "epoch_2", "deeper", "noun_4", "train"], "values": [{"value": 0.6420000195503235, "step": null, "ts": 1741378189.301722}]}, "version": 116, "at": 1741378189.301733}
{"obj": {"type": "LogFloats", "path": ["detailed_metrics", "epoch_2", "deeper", "noun_4", "val"], "values": [{"value": 0.6571428775787354, "step": null, "ts": 1741378189.301867}]}, "version": 117, "at": 1741378189.3018801}
{"obj": {"type": "LogFloats", "path": ["detailed_metrics", "epoch_1", "dense", "noun_4", "train"], "values": [{"value": 0.621999979019165, "step": null, "ts": 1741378189.30194}]}, "version": 118, "at": 1741378189.30195}
{"obj": {"type": "LogFloats", "path": ["detailed_metrics", "epoch_1", "dense", "noun_4", "val"], "values": [{"value": 0.6857143044471741, "step": null, "ts": 1741378189.301992}]}, "version": 119, "at": 1741378189.302}
{"obj": {"type": "LogFloats", "path": ["detailed_metrics", "epoch_1", "less", "noun_4", "train"], "values": [{"value": 0.6079999804496765, "step": null, "ts": 1741378189.302043}]}, "version": 120, "at": 1741378189.302051}
{"obj": {"type": "LogFloats", "path": ["detailed_metrics", "epoch_1", "less", "noun_4", "val"], "values": [{"value": 0.6857143044471741, "step": null, "ts": 1741378189.302092}]}, "version": 121, "at": 1741378189.3021}
{"obj": {"type": "LogFloats", "path": ["detailed_metrics", "epoch_1", "superdense", "noun_4", "train"], "values": [{"value": 0.6039999723434448, "step": null, "ts": 1741378189.30214}]}, "version": 122, "at": 1741378189.302148}
{"obj": {"type": "LogFloats", "path": ["detailed_metrics", "epoch_1", "superdense", "noun_4", "val"], "values": [{"value": 0.6571428775787354, "step": null, "ts": 1741378189.302187}]}, "version": 123, "at": 1741378189.3021948}
{"obj": {"type": "LogFloats", "path": ["detailed_metrics", "epoch_1", "simple", "noun_4", "train"], "values": [{"value": 0.6100000143051147, "step": null, "ts": 1741378189.3022342}]}, "version": 124, "at": 1741378189.302241}
{"obj": {"type": "LogFloats", "path": ["detailed_metrics", "epoch_1", "simple", "noun_4", "val"], "values": [{"value": 0.699999988079071, "step": null, "ts": 1741378189.302279}]}, "version": 125, "at": 1741378189.302287}
{"obj": {"type": "LogFloats", "path": ["detailed_metrics", "epoch_1", "deeper", "noun_4", "train"], "values": [{"value": 0.6140000224113464, "step": null, "ts": 1741378189.302326}]}, "version": 126, "at": 1741378189.3023329}
{"obj": {"type": "LogFloats", "path": ["detailed_metrics", "epoch_1", "deeper", "noun_4", "val"], "values": [{"value": 0.699999988079071, "step": null, "ts": 1741378189.3024619}]}, "version": 127, "at": 1741378189.30247}
{"obj": {"type": "LogFloats", "path": ["detailed_metrics", "epoch_0", "dense", "noun_4", "train"], "values": [{"value": 0.5460000038146973, "step": null, "ts": 1741378189.302516}]}, "version": 128, "at": 1741378189.3025239}
{"obj": {"type": "LogFloats", "path": ["detailed_metrics", "epoch_0", "dense", "noun_4", "val"], "values": [{"value": 0.6285714507102966, "step": null, "ts": 1741378189.302562}]}, "version": 129, "at": 1741378189.3025699}
{"obj": {"type": "LogFloats", "path": ["detailed_metrics", "epoch_0", "less", "noun_4", "train"], "values": [{"value": 0.527999997138977, "step": null, "ts": 1741378189.3026078}]}, "version": 130, "at": 1741378189.3026161}
{"obj": {"type": "LogFloats", "path": ["detailed_metrics", "epoch_0", "less", "noun_4", "val"], "values": [{"value": 0.6428571343421936, "step": null, "ts": 1741378189.3026528}]}, "version": 131, "at": 1741378189.3026612}
{"obj": {"type": "LogFloats", "path": ["detailed_metrics", "epoch_0", "superdense", "noun_4", "train"], "values": [{"value": 0.5440000295639038, "step": null, "ts": 1741378189.302699}]}, "version": 132, "at": 1741378189.302707}
{"obj": {"type": "LogFloats", "path": ["detailed_metrics", "epoch_0", "superdense", "noun_4", "val"], "values": [{"value": 0.6428571343421936, "step": null, "ts": 1741378189.3027442}]}, "version": 133, "at": 1741378189.302751}
{"obj": {"type": "LogFloats", "path": ["detailed_metrics", "epoch_0", "simple", "noun_4", "train"], "values": [{"value": 0.5419999957084656, "step": null, "ts": 1741378189.3027892}]}, "version": 134, "at": 1741378189.302797}
{"obj": {"type": "LogFloats", "path": ["detailed_metrics", "epoch_0", "simple", "noun_4", "val"], "values": [{"value": 0.6857143044471741, "step": null, "ts": 1741378189.3028328}]}, "version": 135, "at": 1741378189.30284}
{"obj": {"type": "LogFloats", "path": ["detailed_metrics", "epoch_0", "deeper", "noun_4", "train"], "values": [{"value": 0.5440000295639038, "step": null, "ts": 1741378189.302877}]}, "version": 136, "at": 1741378189.302885}
{"obj": {"type": "LogFloats", "path": ["detailed_metrics", "epoch_0", "deeper", "noun_4", "val"], "values": [{"value": 0.6428571343421936, "step": null, "ts": 1741378189.302921}]}, "version": 137, "at": 1741378189.302928}
{"obj": {"type": "LogFloats", "path": ["summary", "top_epochs_count"], "values": [{"value": 3.0, "step": null, "ts": 1741378189.3030138}]}, "version": 138, "at": 1741378189.303023}
{"obj": {"type": "LogFloats", "path": ["summary", "top_1_epoch"], "values": [{"value": 2.0, "step": null, "ts": 1741378189.303089}]}, "version": 139, "at": 1741378189.3030982}
{"obj": {"type": "LogFloats", "path": ["summary", "top_1_accuracy"], "values": [{"value": 0.6857143044471741, "step": null, "ts": 1741378189.3031502}]}, "version": 140, "at": 1741378189.303158}
{"obj": {"type": "UploadFile", "path": ["models", "top_models", "rank_1_epoch_2"], "ext": "h5", "file_path": "/Users/katerina__saiti/Downloads/4.2/following_qa/models/raw/4dir_lstm_model_SIM-11710_epoch_02.weights.h5", "tmp_file_name": null, "clean_after_upload": false}, "version": 141, "at": 1741378189.3033369}
{"obj": {"type": "LogFloats", "path": ["summary", "top_2_epoch"], "values": [{"value": 1.0, "step": null, "ts": 1741378189.303405}]}, "version": 142, "at": 1741378189.303415}
{"obj": {"type": "LogFloats", "path": ["summary", "top_2_accuracy"], "values": [{"value": 0.6714285612106323, "step": null, "ts": 1741378189.303469}]}, "version": 143, "at": 1741378189.303478}
{"obj": {"type": "UploadFile", "path": ["models", "top_models", "rank_2_epoch_1"], "ext": "h5", "file_path": "/Users/katerina__saiti/Downloads/4.2/following_qa/models/raw/4dir_lstm_model_SIM-11710_epoch_01.weights.h5", "tmp_file_name": null, "clean_after_upload": false}, "version": 144, "at": 1741378189.303584}
{"obj": {"type": "LogFloats", "path": ["summary", "top_3_epoch"], "values": [{"value": 0.0, "step": null, "ts": 1741378189.303644}]}, "version": 145, "at": 1741378189.303653}
{"obj": {"type": "LogFloats", "path": ["summary", "top_3_accuracy"], "values": [{"value": 0.6714285612106323, "step": null, "ts": 1741378189.303704}]}, "version": 146, "at": 1741378189.303712}
{"obj": {"type": "LogFloats", "path": ["summary", "best_val_accuracy"], "values": [{"value": 0.6857143044471741, "step": null, "ts": 1741378189.303803}]}, "version": 147, "at": 1741378189.303812}
{"obj": {"type": "LogFloats", "path": ["summary", "best_epoch"], "values": [{"value": 2.0, "step": null, "ts": 1741378189.303862}]}, "version": 148, "at": 1741378189.30387}
{"obj": {"type": "LogFloats", "path": ["metrics", "placeholder"], "values": [{"value": 0.0, "step": null, "ts": 1741378189.762611}]}, "version": 149, "at": 1741378189.762648}
